2025-04-21 15:52:00,589 - MC_run_005 - DEBUG - Randomly chosen particle index = 1
2025-04-21 15:52:00,591 - MC_run_005 - DEBUG - Randomly chosen particle index = 2
2025-04-21 15:52:00,591 - MC_run_005 - DEBUG - Randomly chosen particle index = 2
2025-04-21 15:52:00,591 - MC_run_005 - DEBUG - Randomly chosen particle index = 1
2025-04-21 15:52:00,627 - MC_run_005 - DEBUG - Sampling at cycle 150: E/N=-9.980, P=0.188, rho=0.030
2025-04-21 15:52:00,663 - MC_run_005 - DEBUG - Sampling at cycle 300: E/N=-10.668, P=0.042, rho=0.030
2025-04-21 15:52:00,700 - MC_run_005 - DEBUG - Sampling at cycle 450: E/N=-10.044, P=0.015, rho=0.030
2025-04-21 15:52:00,736 - MC_run_005 - DEBUG - Sampling at cycle 600: E/N=-10.042, P=0.039, rho=0.030
2025-04-21 15:52:00,772 - MC_run_005 - DEBUG - Sampling at cycle 750: E/N=-10.580, P=-0.007, rho=0.030
2025-04-21 15:52:00,809 - MC_run_005 - DEBUG - Sampling at cycle 900: E/N=-10.708, P=0.099, rho=0.030
2025-04-21 15:52:00,845 - MC_run_005 - DEBUG - Sampling at cycle 1050: E/N=-10.502, P=-0.004, rho=0.030
2025-04-21 15:52:00,881 - MC_run_005 - DEBUG - Sampling at cycle 1200: E/N=-9.718, P=0.217, rho=0.030
2025-04-21 15:52:00,918 - MC_run_005 - DEBUG - Sampling at cycle 1350: E/N=-10.622, P=0.012, rho=0.030
2025-04-21 15:52:00,954 - MC_run_005 - DEBUG - Sampling at cycle 1500: E/N=-10.489, P=0.040, rho=0.030
2025-04-21 15:52:00,990 - MC_run_005 - DEBUG - Sampling at cycle 1650: E/N=-10.348, P=0.058, rho=0.030
2025-04-21 15:52:01,027 - MC_run_005 - DEBUG - Sampling at cycle 1800: E/N=-10.516, P=-0.010, rho=0.030
2025-04-21 15:52:01,063 - MC_run_005 - DEBUG - Sampling at cycle 1950: E/N=-10.272, P=0.004, rho=0.030
2025-04-21 15:52:01,099 - MC_run_005 - DEBUG - Sampling at cycle 2100: E/N=-10.541, P=-0.004, rho=0.030
2025-04-21 15:52:01,136 - MC_run_005 - DEBUG - Sampling at cycle 2250: E/N=-10.706, P=0.055, rho=0.030
2025-04-21 15:52:01,172 - MC_run_005 - DEBUG - Sampling at cycle 2400: E/N=-10.617, P=0.200, rho=0.030
2025-04-21 15:52:01,208 - MC_run_005 - DEBUG - Sampling at cycle 2550: E/N=-10.874, P=-0.002, rho=0.030
2025-04-21 15:52:01,245 - MC_run_005 - DEBUG - Sampling at cycle 2700: E/N=-10.245, P=0.095, rho=0.030
2025-04-21 15:52:01,281 - MC_run_005 - DEBUG - Sampling at cycle 2850: E/N=-10.376, P=0.053, rho=0.030
2025-04-21 15:52:01,317 - MC_run_005 - DEBUG - Sampling at cycle 3000: E/N=-10.542, P=0.002, rho=0.030
2025-04-21 15:52:01,353 - MC_run_005 - DEBUG - Sampling at cycle 3150: E/N=-10.064, P=-0.000, rho=0.030
2025-04-21 15:52:01,389 - MC_run_005 - DEBUG - Sampling at cycle 3300: E/N=-10.432, P=-0.007, rho=0.030
2025-04-21 15:52:01,426 - MC_run_005 - DEBUG - Sampling at cycle 3450: E/N=-10.506, P=-0.003, rho=0.030
2025-04-21 15:52:01,462 - MC_run_005 - DEBUG - Sampling at cycle 3600: E/N=-10.800, P=0.033, rho=0.030
2025-04-21 15:52:01,498 - MC_run_005 - DEBUG - Sampling at cycle 3750: E/N=-10.578, P=0.048, rho=0.030
2025-04-21 15:52:01,535 - MC_run_005 - DEBUG - Sampling at cycle 3900: E/N=-10.208, P=0.007, rho=0.030
2025-04-21 15:52:01,571 - MC_run_005 - DEBUG - Sampling at cycle 4050: E/N=-10.227, P=-0.000, rho=0.030
2025-04-21 15:52:01,607 - MC_run_005 - DEBUG - Sampling at cycle 4200: E/N=-10.279, P=0.094, rho=0.030
2025-04-21 15:52:01,643 - MC_run_005 - DEBUG - Sampling at cycle 4350: E/N=-10.483, P=0.024, rho=0.030
2025-04-21 15:52:01,680 - MC_run_005 - DEBUG - Sampling at cycle 4500: E/N=-10.742, P=0.004, rho=0.030
2025-04-21 15:52:01,716 - MC_run_005 - DEBUG - Sampling at cycle 4650: E/N=-10.627, P=0.042, rho=0.030
2025-04-21 15:52:01,752 - MC_run_005 - DEBUG - Sampling at cycle 4800: E/N=-10.646, P=-0.000, rho=0.030
2025-04-21 15:52:01,788 - MC_run_005 - DEBUG - Sampling at cycle 4950: E/N=-10.254, P=0.010, rho=0.030
2025-04-21 15:52:01,801 - MC_run_005 - DEBUG - Adjusting max displacement from 0.650 to 0.642, acceptance fraction in last block = 0.494
2025-04-21 15:52:09,115 - MC_run_005 - INFO - Equilibrated configuration plot saved to: /home/n2401517d/my_workspace/flow_state/results/algo_1_premade_102400_samples_dV_0.0_samp_fr_150/mc_runs/run_005/equilibrated_config.png
2025-04-21 15:54:06,138 - MC_run_005 - DEBUG - Randomly chosen particle index = 1
2025-04-21 15:54:06,138 - MC_run_005 - DEBUG - Randomly chosen particle index = 2
2025-04-21 15:54:06,139 - MC_run_005 - DEBUG - Randomly chosen particle index = 2
2025-04-21 15:54:06,139 - MC_run_005 - DEBUG - Randomly chosen particle index = 1
2025-04-21 15:54:06,175 - MC_run_005 - DEBUG - Sampling at cycle 150: E/N=-9.980, P=0.188, rho=0.030
2025-04-21 15:54:06,211 - MC_run_005 - DEBUG - Sampling at cycle 300: E/N=-10.668, P=0.042, rho=0.030
2025-04-21 15:54:06,247 - MC_run_005 - DEBUG - Sampling at cycle 450: E/N=-10.044, P=0.015, rho=0.030
2025-04-21 15:54:06,283 - MC_run_005 - DEBUG - Sampling at cycle 600: E/N=-10.042, P=0.039, rho=0.030
2025-04-21 15:54:06,319 - MC_run_005 - DEBUG - Sampling at cycle 750: E/N=-10.580, P=-0.007, rho=0.030
2025-04-21 15:54:06,355 - MC_run_005 - DEBUG - Sampling at cycle 900: E/N=-10.708, P=0.099, rho=0.030
2025-04-21 15:54:06,391 - MC_run_005 - DEBUG - Sampling at cycle 1050: E/N=-10.502, P=-0.004, rho=0.030
2025-04-21 15:54:06,427 - MC_run_005 - DEBUG - Sampling at cycle 1200: E/N=-9.718, P=0.217, rho=0.030
2025-04-21 15:54:06,463 - MC_run_005 - DEBUG - Sampling at cycle 1350: E/N=-10.622, P=0.012, rho=0.030
2025-04-21 15:54:06,500 - MC_run_005 - DEBUG - Sampling at cycle 1500: E/N=-10.489, P=0.040, rho=0.030
2025-04-21 15:54:06,536 - MC_run_005 - DEBUG - Sampling at cycle 1650: E/N=-10.348, P=0.058, rho=0.030
2025-04-21 15:54:06,572 - MC_run_005 - DEBUG - Sampling at cycle 1800: E/N=-10.516, P=-0.010, rho=0.030
2025-04-21 15:54:06,608 - MC_run_005 - DEBUG - Sampling at cycle 1950: E/N=-10.272, P=0.004, rho=0.030
2025-04-21 15:54:06,644 - MC_run_005 - DEBUG - Sampling at cycle 2100: E/N=-10.541, P=-0.004, rho=0.030
2025-04-21 15:54:06,680 - MC_run_005 - DEBUG - Sampling at cycle 2250: E/N=-10.706, P=0.055, rho=0.030
2025-04-21 15:54:06,716 - MC_run_005 - DEBUG - Sampling at cycle 2400: E/N=-10.617, P=0.200, rho=0.030
2025-04-21 15:54:06,752 - MC_run_005 - DEBUG - Sampling at cycle 2550: E/N=-10.874, P=-0.002, rho=0.030
2025-04-21 15:54:06,788 - MC_run_005 - DEBUG - Sampling at cycle 2700: E/N=-10.245, P=0.095, rho=0.030
2025-04-21 15:54:06,824 - MC_run_005 - DEBUG - Sampling at cycle 2850: E/N=-10.376, P=0.053, rho=0.030
2025-04-21 15:54:06,860 - MC_run_005 - DEBUG - Sampling at cycle 3000: E/N=-10.542, P=0.002, rho=0.030
2025-04-21 15:54:06,897 - MC_run_005 - DEBUG - Sampling at cycle 3150: E/N=-10.064, P=-0.000, rho=0.030
2025-04-21 15:54:06,933 - MC_run_005 - DEBUG - Sampling at cycle 3300: E/N=-10.432, P=-0.007, rho=0.030
2025-04-21 15:54:06,969 - MC_run_005 - DEBUG - Sampling at cycle 3450: E/N=-10.506, P=-0.003, rho=0.030
2025-04-21 15:54:07,005 - MC_run_005 - DEBUG - Sampling at cycle 3600: E/N=-10.800, P=0.033, rho=0.030
2025-04-21 15:54:07,041 - MC_run_005 - DEBUG - Sampling at cycle 3750: E/N=-10.578, P=0.048, rho=0.030
2025-04-21 15:54:07,077 - MC_run_005 - DEBUG - Sampling at cycle 3900: E/N=-10.208, P=0.007, rho=0.030
2025-04-21 15:54:07,113 - MC_run_005 - DEBUG - Sampling at cycle 4050: E/N=-10.227, P=-0.000, rho=0.030
2025-04-21 15:54:07,150 - MC_run_005 - DEBUG - Sampling at cycle 4200: E/N=-10.279, P=0.094, rho=0.030
2025-04-21 15:54:07,186 - MC_run_005 - DEBUG - Sampling at cycle 4350: E/N=-10.483, P=0.024, rho=0.030
2025-04-21 15:54:07,222 - MC_run_005 - DEBUG - Sampling at cycle 4500: E/N=-10.742, P=0.004, rho=0.030
2025-04-21 15:54:07,258 - MC_run_005 - DEBUG - Sampling at cycle 4650: E/N=-10.627, P=0.042, rho=0.030
2025-04-21 15:54:07,294 - MC_run_005 - DEBUG - Sampling at cycle 4800: E/N=-10.646, P=-0.000, rho=0.030
2025-04-21 15:54:07,331 - MC_run_005 - DEBUG - Sampling at cycle 4950: E/N=-10.254, P=0.010, rho=0.030
2025-04-21 15:54:07,343 - MC_run_005 - DEBUG - Adjusting max displacement from 0.650 to 0.642, acceptance fraction in last block = 0.494
2025-04-21 15:54:14,320 - MC_run_005 - INFO - Equilibrated configuration plot saved to: /home/n2401517d/my_workspace/flow_state/results/algo_1_premade_102400_samples_dV_0.0_samp_fr_150/mc_runs/run_005/equilibrated_config.png
2025-04-21 15:55:27,177 - MC_run_005 - DEBUG - Randomly chosen particle index = 1
2025-04-21 15:55:27,177 - MC_run_005 - DEBUG - Randomly chosen particle index = 2
2025-04-21 15:55:27,177 - MC_run_005 - DEBUG - Randomly chosen particle index = 2
2025-04-21 15:55:27,178 - MC_run_005 - DEBUG - Randomly chosen particle index = 1
2025-04-21 15:55:27,214 - MC_run_005 - DEBUG - Sampling at cycle 150: E/N=-9.980, P=0.188, rho=0.030
2025-04-21 15:55:27,250 - MC_run_005 - DEBUG - Sampling at cycle 300: E/N=-10.668, P=0.042, rho=0.030
2025-04-21 15:55:27,287 - MC_run_005 - DEBUG - Sampling at cycle 450: E/N=-10.044, P=0.015, rho=0.030
2025-04-21 15:55:27,323 - MC_run_005 - DEBUG - Sampling at cycle 600: E/N=-10.042, P=0.039, rho=0.030
2025-04-21 15:55:27,360 - MC_run_005 - DEBUG - Sampling at cycle 750: E/N=-10.580, P=-0.007, rho=0.030
2025-04-21 15:55:27,396 - MC_run_005 - DEBUG - Sampling at cycle 900: E/N=-10.708, P=0.099, rho=0.030
2025-04-21 15:55:27,433 - MC_run_005 - DEBUG - Sampling at cycle 1050: E/N=-10.502, P=-0.004, rho=0.030
2025-04-21 15:55:27,470 - MC_run_005 - DEBUG - Sampling at cycle 1200: E/N=-9.718, P=0.217, rho=0.030
2025-04-21 15:55:27,507 - MC_run_005 - DEBUG - Sampling at cycle 1350: E/N=-10.622, P=0.012, rho=0.030
2025-04-21 15:55:27,543 - MC_run_005 - DEBUG - Sampling at cycle 1500: E/N=-10.489, P=0.040, rho=0.030
2025-04-21 15:55:27,579 - MC_run_005 - DEBUG - Sampling at cycle 1650: E/N=-10.348, P=0.058, rho=0.030
2025-04-21 15:55:27,616 - MC_run_005 - DEBUG - Sampling at cycle 1800: E/N=-10.516, P=-0.010, rho=0.030
2025-04-21 15:55:27,652 - MC_run_005 - DEBUG - Sampling at cycle 1950: E/N=-10.272, P=0.004, rho=0.030
2025-04-21 15:55:27,689 - MC_run_005 - DEBUG - Sampling at cycle 2100: E/N=-10.541, P=-0.004, rho=0.030
2025-04-21 15:55:27,725 - MC_run_005 - DEBUG - Sampling at cycle 2250: E/N=-10.706, P=0.055, rho=0.030
2025-04-21 15:55:27,761 - MC_run_005 - DEBUG - Sampling at cycle 2400: E/N=-10.617, P=0.200, rho=0.030
2025-04-21 15:55:27,798 - MC_run_005 - DEBUG - Sampling at cycle 2550: E/N=-10.874, P=-0.002, rho=0.030
2025-04-21 15:55:27,834 - MC_run_005 - DEBUG - Sampling at cycle 2700: E/N=-10.245, P=0.095, rho=0.030
2025-04-21 15:55:27,870 - MC_run_005 - DEBUG - Sampling at cycle 2850: E/N=-10.376, P=0.053, rho=0.030
2025-04-21 15:55:27,906 - MC_run_005 - DEBUG - Sampling at cycle 3000: E/N=-10.542, P=0.002, rho=0.030
2025-04-21 15:55:27,943 - MC_run_005 - DEBUG - Sampling at cycle 3150: E/N=-10.064, P=-0.000, rho=0.030
2025-04-21 15:55:27,979 - MC_run_005 - DEBUG - Sampling at cycle 3300: E/N=-10.432, P=-0.007, rho=0.030
2025-04-21 15:55:28,016 - MC_run_005 - DEBUG - Sampling at cycle 3450: E/N=-10.506, P=-0.003, rho=0.030
2025-04-21 15:55:28,052 - MC_run_005 - DEBUG - Sampling at cycle 3600: E/N=-10.800, P=0.033, rho=0.030
2025-04-21 15:55:28,089 - MC_run_005 - DEBUG - Sampling at cycle 3750: E/N=-10.578, P=0.048, rho=0.030
2025-04-21 15:55:28,125 - MC_run_005 - DEBUG - Sampling at cycle 3900: E/N=-10.208, P=0.007, rho=0.030
2025-04-21 15:55:28,162 - MC_run_005 - DEBUG - Sampling at cycle 4050: E/N=-10.227, P=-0.000, rho=0.030
2025-04-21 15:55:28,198 - MC_run_005 - DEBUG - Sampling at cycle 4200: E/N=-10.279, P=0.094, rho=0.030
2025-04-21 15:55:28,234 - MC_run_005 - DEBUG - Sampling at cycle 4350: E/N=-10.483, P=0.024, rho=0.030
2025-04-21 15:55:28,270 - MC_run_005 - DEBUG - Sampling at cycle 4500: E/N=-10.742, P=0.004, rho=0.030
2025-04-21 15:55:28,306 - MC_run_005 - DEBUG - Sampling at cycle 4650: E/N=-10.627, P=0.042, rho=0.030
2025-04-21 15:55:28,342 - MC_run_005 - DEBUG - Sampling at cycle 4800: E/N=-10.646, P=-0.000, rho=0.030
2025-04-21 15:55:28,378 - MC_run_005 - DEBUG - Sampling at cycle 4950: E/N=-10.254, P=0.010, rho=0.030
2025-04-21 15:55:28,390 - MC_run_005 - DEBUG - Adjusting max displacement from 0.650 to 0.642, acceptance fraction in last block = 0.494
2025-04-21 15:55:35,882 - MC_run_005 - INFO - Equilibrated configuration plot saved to: /home/n2401517d/my_workspace/flow_state/results/algo_1_premade_102400_samples_dV_0.0_samp_fr_150/mc_runs/run_005/equilibrated_config.png
2025-04-21 16:28:00,676 - MC_run_005 - DEBUG - Randomly chosen particle index = 1
2025-04-21 16:28:00,691 - MC_run_005 - DEBUG - Randomly chosen particle index = 2
2025-04-21 16:28:00,691 - MC_run_005 - DEBUG - Randomly chosen particle index = 2
2025-04-21 16:28:00,691 - MC_run_005 - DEBUG - Randomly chosen particle index = 1
2025-04-21 16:28:00,728 - MC_run_005 - DEBUG - Sampling at cycle 150: E/N=-9.980, P=0.188, rho=0.030
2025-04-21 16:28:00,765 - MC_run_005 - DEBUG - Sampling at cycle 300: E/N=-10.668, P=0.042, rho=0.030
2025-04-21 16:28:00,801 - MC_run_005 - DEBUG - Sampling at cycle 450: E/N=-10.044, P=0.015, rho=0.030
2025-04-21 16:28:00,838 - MC_run_005 - DEBUG - Sampling at cycle 600: E/N=-10.042, P=0.039, rho=0.030
2025-04-21 16:28:00,875 - MC_run_005 - DEBUG - Sampling at cycle 750: E/N=-10.580, P=-0.007, rho=0.030
2025-04-21 16:28:00,912 - MC_run_005 - DEBUG - Sampling at cycle 900: E/N=-10.708, P=0.099, rho=0.030
2025-04-21 16:28:00,949 - MC_run_005 - DEBUG - Sampling at cycle 1050: E/N=-10.502, P=-0.004, rho=0.030
2025-04-21 16:28:00,985 - MC_run_005 - DEBUG - Sampling at cycle 1200: E/N=-9.718, P=0.217, rho=0.030
2025-04-21 16:28:01,022 - MC_run_005 - DEBUG - Sampling at cycle 1350: E/N=-10.622, P=0.012, rho=0.030
2025-04-21 16:28:01,059 - MC_run_005 - DEBUG - Sampling at cycle 1500: E/N=-10.489, P=0.040, rho=0.030
2025-04-21 16:28:01,096 - MC_run_005 - DEBUG - Sampling at cycle 1650: E/N=-10.348, P=0.058, rho=0.030
2025-04-21 16:28:01,134 - MC_run_005 - DEBUG - Sampling at cycle 1800: E/N=-10.516, P=-0.010, rho=0.030
2025-04-21 16:28:01,171 - MC_run_005 - DEBUG - Sampling at cycle 1950: E/N=-10.272, P=0.004, rho=0.030
2025-04-21 16:28:01,211 - MC_run_005 - DEBUG - Sampling at cycle 2100: E/N=-10.541, P=-0.004, rho=0.030
2025-04-21 16:28:01,253 - MC_run_005 - DEBUG - Sampling at cycle 2250: E/N=-10.706, P=0.055, rho=0.030
2025-04-21 16:28:01,295 - MC_run_005 - DEBUG - Sampling at cycle 2400: E/N=-10.617, P=0.200, rho=0.030
2025-04-21 16:28:01,333 - MC_run_005 - DEBUG - Sampling at cycle 2550: E/N=-10.874, P=-0.002, rho=0.030
2025-04-21 16:28:01,370 - MC_run_005 - DEBUG - Sampling at cycle 2700: E/N=-10.245, P=0.095, rho=0.030
2025-04-21 16:28:01,408 - MC_run_005 - DEBUG - Sampling at cycle 2850: E/N=-10.376, P=0.053, rho=0.030
2025-04-21 16:28:01,445 - MC_run_005 - DEBUG - Sampling at cycle 3000: E/N=-10.542, P=0.002, rho=0.030
2025-04-21 16:28:01,481 - MC_run_005 - DEBUG - Sampling at cycle 3150: E/N=-10.064, P=-0.000, rho=0.030
2025-04-21 16:28:01,518 - MC_run_005 - DEBUG - Sampling at cycle 3300: E/N=-10.432, P=-0.007, rho=0.030
2025-04-21 16:28:01,555 - MC_run_005 - DEBUG - Sampling at cycle 3450: E/N=-10.506, P=-0.003, rho=0.030
2025-04-21 16:28:01,592 - MC_run_005 - DEBUG - Sampling at cycle 3600: E/N=-10.800, P=0.033, rho=0.030
2025-04-21 16:28:01,629 - MC_run_005 - DEBUG - Sampling at cycle 3750: E/N=-10.578, P=0.048, rho=0.030
2025-04-21 16:28:01,666 - MC_run_005 - DEBUG - Sampling at cycle 3900: E/N=-10.208, P=0.007, rho=0.030
2025-04-21 16:28:01,702 - MC_run_005 - DEBUG - Sampling at cycle 4050: E/N=-10.227, P=-0.000, rho=0.030
2025-04-21 16:28:01,739 - MC_run_005 - DEBUG - Sampling at cycle 4200: E/N=-10.279, P=0.094, rho=0.030
2025-04-21 16:28:01,776 - MC_run_005 - DEBUG - Sampling at cycle 4350: E/N=-10.483, P=0.024, rho=0.030
2025-04-21 16:28:01,813 - MC_run_005 - DEBUG - Sampling at cycle 4500: E/N=-10.742, P=0.004, rho=0.030
2025-04-21 16:28:01,850 - MC_run_005 - DEBUG - Sampling at cycle 4650: E/N=-10.627, P=0.042, rho=0.030
2025-04-21 16:28:01,886 - MC_run_005 - DEBUG - Sampling at cycle 4800: E/N=-10.646, P=-0.000, rho=0.030
2025-04-21 16:28:01,923 - MC_run_005 - DEBUG - Sampling at cycle 4950: E/N=-10.254, P=0.010, rho=0.030
2025-04-21 16:28:01,936 - MC_run_005 - DEBUG - Adjusting max displacement from 0.650 to 0.642, acceptance fraction in last block = 0.494
2025-04-21 16:28:10,200 - MC_run_005 - INFO - Equilibrated configuration plot saved to: /home/n2401517d/my_workspace/flow_state/results/algo_1_premade_102400_samples_dV_0.0_samp_fr_150/mc_runs/run_005/equilibrated_config.png
