2025-04-21 15:52:04,226 - MC_run_008 - DEBUG - Randomly chosen particle index = 0
2025-04-21 15:52:04,227 - MC_run_008 - DEBUG - Randomly chosen particle index = 1
2025-04-21 15:52:04,227 - MC_run_008 - DEBUG - Randomly chosen particle index = 0
2025-04-21 15:52:04,227 - MC_run_008 - DEBUG - Randomly chosen particle index = 2
2025-04-21 15:52:04,263 - MC_run_008 - DEBUG - Sampling at cycle 150: E/N=-10.404, P=-0.001, rho=0.030
2025-04-21 15:52:04,299 - MC_run_008 - DEBUG - Sampling at cycle 300: E/N=-10.732, P=0.025, rho=0.030
2025-04-21 15:52:04,335 - MC_run_008 - DEBUG - Sampling at cycle 450: E/N=-10.681, P=0.109, rho=0.030
2025-04-21 15:52:04,372 - MC_run_008 - DEBUG - Sampling at cycle 600: E/N=-10.506, P=0.206, rho=0.030
2025-04-21 15:52:04,408 - MC_run_008 - DEBUG - Sampling at cycle 750: E/N=-10.533, P=0.079, rho=0.030
2025-04-21 15:52:04,444 - MC_run_008 - DEBUG - Sampling at cycle 900: E/N=-10.570, P=-0.010, rho=0.030
2025-04-21 15:52:04,481 - MC_run_008 - DEBUG - Sampling at cycle 1050: E/N=-10.495, P=-0.005, rho=0.030
2025-04-21 15:52:04,517 - MC_run_008 - DEBUG - Sampling at cycle 1200: E/N=-10.070, P=0.191, rho=0.030
2025-04-21 15:52:04,553 - MC_run_008 - DEBUG - Sampling at cycle 1350: E/N=-10.137, P=0.099, rho=0.030
2025-04-21 15:52:04,590 - MC_run_008 - DEBUG - Sampling at cycle 1500: E/N=-10.684, P=-0.007, rho=0.030
2025-04-21 15:52:04,626 - MC_run_008 - DEBUG - Sampling at cycle 1650: E/N=-10.565, P=0.001, rho=0.030
2025-04-21 15:52:04,662 - MC_run_008 - DEBUG - Sampling at cycle 1800: E/N=-10.844, P=0.075, rho=0.030
2025-04-21 15:52:04,699 - MC_run_008 - DEBUG - Sampling at cycle 1950: E/N=-10.607, P=0.010, rho=0.030
2025-04-21 15:52:04,735 - MC_run_008 - DEBUG - Sampling at cycle 2100: E/N=-10.628, P=0.065, rho=0.030
2025-04-21 15:52:04,772 - MC_run_008 - DEBUG - Sampling at cycle 2250: E/N=-10.660, P=0.055, rho=0.030
2025-04-21 15:52:04,808 - MC_run_008 - DEBUG - Sampling at cycle 2400: E/N=-10.413, P=0.004, rho=0.030
2025-04-21 15:52:04,845 - MC_run_008 - DEBUG - Sampling at cycle 2550: E/N=-10.623, P=0.042, rho=0.030
2025-04-21 15:52:04,881 - MC_run_008 - DEBUG - Sampling at cycle 2700: E/N=-10.489, P=-0.009, rho=0.030
2025-04-21 15:52:04,917 - MC_run_008 - DEBUG - Sampling at cycle 2850: E/N=-10.780, P=0.015, rho=0.030
2025-04-21 15:52:04,954 - MC_run_008 - DEBUG - Sampling at cycle 3000: E/N=-10.210, P=0.007, rho=0.030
2025-04-21 15:52:04,990 - MC_run_008 - DEBUG - Sampling at cycle 3150: E/N=-10.098, P=0.010, rho=0.030
2025-04-21 15:52:05,026 - MC_run_008 - DEBUG - Sampling at cycle 3300: E/N=-10.498, P=0.040, rho=0.030
2025-04-21 15:52:05,063 - MC_run_008 - DEBUG - Sampling at cycle 3450: E/N=-10.614, P=-0.010, rho=0.030
2025-04-21 15:52:05,099 - MC_run_008 - DEBUG - Sampling at cycle 3600: E/N=-10.555, P=0.092, rho=0.030
2025-04-21 15:52:05,135 - MC_run_008 - DEBUG - Sampling at cycle 3750: E/N=-10.906, P=0.031, rho=0.030
2025-04-21 15:52:05,172 - MC_run_008 - DEBUG - Sampling at cycle 3900: E/N=-10.376, P=-0.001, rho=0.030
2025-04-21 15:52:05,208 - MC_run_008 - DEBUG - Sampling at cycle 4050: E/N=-10.443, P=0.021, rho=0.030
2025-04-21 15:52:05,245 - MC_run_008 - DEBUG - Sampling at cycle 4200: E/N=-10.567, P=0.144, rho=0.030
2025-04-21 15:52:05,281 - MC_run_008 - DEBUG - Sampling at cycle 4350: E/N=-9.233, P=0.100, rho=0.030
2025-04-21 15:52:05,317 - MC_run_008 - DEBUG - Sampling at cycle 4500: E/N=-10.406, P=-0.000, rho=0.030
2025-04-21 15:52:05,354 - MC_run_008 - DEBUG - Sampling at cycle 4650: E/N=-9.964, P=0.183, rho=0.030
2025-04-21 15:52:05,390 - MC_run_008 - DEBUG - Sampling at cycle 4800: E/N=-9.907, P=0.010, rho=0.030
2025-04-21 15:52:05,426 - MC_run_008 - DEBUG - Sampling at cycle 4950: E/N=-10.888, P=0.011, rho=0.030
2025-04-21 15:52:05,438 - MC_run_008 - DEBUG - Adjusting max displacement from 0.650 to 0.653, acceptance fraction in last block = 0.502
2025-04-21 15:52:09,680 - MC_run_008 - INFO - Equilibrated configuration plot saved to: /home/n2401517d/my_workspace/flow_state/results/algo_1_premade_102400_samples_dV_0.0_samp_fr_150/mc_runs/run_008/equilibrated_config.png
2025-04-21 15:54:09,757 - MC_run_008 - DEBUG - Randomly chosen particle index = 0
2025-04-21 15:54:09,758 - MC_run_008 - DEBUG - Randomly chosen particle index = 1
2025-04-21 15:54:09,758 - MC_run_008 - DEBUG - Randomly chosen particle index = 0
2025-04-21 15:54:09,758 - MC_run_008 - DEBUG - Randomly chosen particle index = 2
2025-04-21 15:54:09,794 - MC_run_008 - DEBUG - Sampling at cycle 150: E/N=-10.404, P=-0.001, rho=0.030
2025-04-21 15:54:09,830 - MC_run_008 - DEBUG - Sampling at cycle 300: E/N=-10.732, P=0.025, rho=0.030
2025-04-21 15:54:09,866 - MC_run_008 - DEBUG - Sampling at cycle 450: E/N=-10.681, P=0.109, rho=0.030
2025-04-21 15:54:09,902 - MC_run_008 - DEBUG - Sampling at cycle 600: E/N=-10.506, P=0.206, rho=0.030
2025-04-21 15:54:09,938 - MC_run_008 - DEBUG - Sampling at cycle 750: E/N=-10.533, P=0.079, rho=0.030
2025-04-21 15:54:09,974 - MC_run_008 - DEBUG - Sampling at cycle 900: E/N=-10.570, P=-0.010, rho=0.030
2025-04-21 15:54:10,010 - MC_run_008 - DEBUG - Sampling at cycle 1050: E/N=-10.495, P=-0.005, rho=0.030
2025-04-21 15:54:10,046 - MC_run_008 - DEBUG - Sampling at cycle 1200: E/N=-10.070, P=0.191, rho=0.030
2025-04-21 15:54:10,082 - MC_run_008 - DEBUG - Sampling at cycle 1350: E/N=-10.137, P=0.099, rho=0.030
2025-04-21 15:54:10,118 - MC_run_008 - DEBUG - Sampling at cycle 1500: E/N=-10.684, P=-0.007, rho=0.030
2025-04-21 15:54:10,155 - MC_run_008 - DEBUG - Sampling at cycle 1650: E/N=-10.565, P=0.001, rho=0.030
2025-04-21 15:54:10,191 - MC_run_008 - DEBUG - Sampling at cycle 1800: E/N=-10.844, P=0.075, rho=0.030
2025-04-21 15:54:10,227 - MC_run_008 - DEBUG - Sampling at cycle 1950: E/N=-10.607, P=0.010, rho=0.030
2025-04-21 15:54:10,263 - MC_run_008 - DEBUG - Sampling at cycle 2100: E/N=-10.628, P=0.065, rho=0.030
2025-04-21 15:54:10,300 - MC_run_008 - DEBUG - Sampling at cycle 2250: E/N=-10.660, P=0.055, rho=0.030
2025-04-21 15:54:10,336 - MC_run_008 - DEBUG - Sampling at cycle 2400: E/N=-10.413, P=0.004, rho=0.030
2025-04-21 15:54:10,372 - MC_run_008 - DEBUG - Sampling at cycle 2550: E/N=-10.623, P=0.042, rho=0.030
2025-04-21 15:54:10,408 - MC_run_008 - DEBUG - Sampling at cycle 2700: E/N=-10.489, P=-0.009, rho=0.030
2025-04-21 15:54:10,444 - MC_run_008 - DEBUG - Sampling at cycle 2850: E/N=-10.780, P=0.015, rho=0.030
2025-04-21 15:54:10,480 - MC_run_008 - DEBUG - Sampling at cycle 3000: E/N=-10.210, P=0.007, rho=0.030
2025-04-21 15:54:10,517 - MC_run_008 - DEBUG - Sampling at cycle 3150: E/N=-10.098, P=0.010, rho=0.030
2025-04-21 15:54:10,553 - MC_run_008 - DEBUG - Sampling at cycle 3300: E/N=-10.498, P=0.040, rho=0.030
2025-04-21 15:54:10,589 - MC_run_008 - DEBUG - Sampling at cycle 3450: E/N=-10.614, P=-0.010, rho=0.030
2025-04-21 15:54:10,625 - MC_run_008 - DEBUG - Sampling at cycle 3600: E/N=-10.555, P=0.092, rho=0.030
2025-04-21 15:54:10,661 - MC_run_008 - DEBUG - Sampling at cycle 3750: E/N=-10.906, P=0.031, rho=0.030
2025-04-21 15:54:10,697 - MC_run_008 - DEBUG - Sampling at cycle 3900: E/N=-10.376, P=-0.001, rho=0.030
2025-04-21 15:54:10,734 - MC_run_008 - DEBUG - Sampling at cycle 4050: E/N=-10.443, P=0.021, rho=0.030
2025-04-21 15:54:10,770 - MC_run_008 - DEBUG - Sampling at cycle 4200: E/N=-10.567, P=0.144, rho=0.030
2025-04-21 15:54:10,806 - MC_run_008 - DEBUG - Sampling at cycle 4350: E/N=-9.233, P=0.100, rho=0.030
2025-04-21 15:54:10,842 - MC_run_008 - DEBUG - Sampling at cycle 4500: E/N=-10.406, P=-0.000, rho=0.030
2025-04-21 15:54:10,878 - MC_run_008 - DEBUG - Sampling at cycle 4650: E/N=-9.964, P=0.183, rho=0.030
2025-04-21 15:54:10,914 - MC_run_008 - DEBUG - Sampling at cycle 4800: E/N=-9.907, P=0.010, rho=0.030
2025-04-21 15:54:10,951 - MC_run_008 - DEBUG - Sampling at cycle 4950: E/N=-10.888, P=0.011, rho=0.030
2025-04-21 15:54:10,963 - MC_run_008 - DEBUG - Adjusting max displacement from 0.650 to 0.653, acceptance fraction in last block = 0.502
2025-04-21 15:54:14,871 - MC_run_008 - INFO - Equilibrated configuration plot saved to: /home/n2401517d/my_workspace/flow_state/results/algo_1_premade_102400_samples_dV_0.0_samp_fr_150/mc_runs/run_008/equilibrated_config.png
2025-04-21 15:55:30,807 - MC_run_008 - DEBUG - Randomly chosen particle index = 0
2025-04-21 15:55:30,807 - MC_run_008 - DEBUG - Randomly chosen particle index = 1
2025-04-21 15:55:30,807 - MC_run_008 - DEBUG - Randomly chosen particle index = 0
2025-04-21 15:55:30,807 - MC_run_008 - DEBUG - Randomly chosen particle index = 2
2025-04-21 15:55:30,843 - MC_run_008 - DEBUG - Sampling at cycle 150: E/N=-10.404, P=-0.001, rho=0.030
2025-04-21 15:55:30,879 - MC_run_008 - DEBUG - Sampling at cycle 300: E/N=-10.732, P=0.025, rho=0.030
2025-04-21 15:55:30,915 - MC_run_008 - DEBUG - Sampling at cycle 450: E/N=-10.681, P=0.109, rho=0.030
2025-04-21 15:55:30,951 - MC_run_008 - DEBUG - Sampling at cycle 600: E/N=-10.506, P=0.206, rho=0.030
2025-04-21 15:55:30,987 - MC_run_008 - DEBUG - Sampling at cycle 750: E/N=-10.533, P=0.079, rho=0.030
2025-04-21 15:55:31,024 - MC_run_008 - DEBUG - Sampling at cycle 900: E/N=-10.570, P=-0.010, rho=0.030
2025-04-21 15:55:31,060 - MC_run_008 - DEBUG - Sampling at cycle 1050: E/N=-10.495, P=-0.005, rho=0.030
2025-04-21 15:55:31,096 - MC_run_008 - DEBUG - Sampling at cycle 1200: E/N=-10.070, P=0.191, rho=0.030
2025-04-21 15:55:31,132 - MC_run_008 - DEBUG - Sampling at cycle 1350: E/N=-10.137, P=0.099, rho=0.030
2025-04-21 15:55:31,168 - MC_run_008 - DEBUG - Sampling at cycle 1500: E/N=-10.684, P=-0.007, rho=0.030
2025-04-21 15:55:31,204 - MC_run_008 - DEBUG - Sampling at cycle 1650: E/N=-10.565, P=0.001, rho=0.030
2025-04-21 15:55:31,241 - MC_run_008 - DEBUG - Sampling at cycle 1800: E/N=-10.844, P=0.075, rho=0.030
2025-04-21 15:55:31,277 - MC_run_008 - DEBUG - Sampling at cycle 1950: E/N=-10.607, P=0.010, rho=0.030
2025-04-21 15:55:31,313 - MC_run_008 - DEBUG - Sampling at cycle 2100: E/N=-10.628, P=0.065, rho=0.030
2025-04-21 15:55:31,350 - MC_run_008 - DEBUG - Sampling at cycle 2250: E/N=-10.660, P=0.055, rho=0.030
2025-04-21 15:55:31,386 - MC_run_008 - DEBUG - Sampling at cycle 2400: E/N=-10.413, P=0.004, rho=0.030
2025-04-21 15:55:31,422 - MC_run_008 - DEBUG - Sampling at cycle 2550: E/N=-10.623, P=0.042, rho=0.030
2025-04-21 15:55:31,458 - MC_run_008 - DEBUG - Sampling at cycle 2700: E/N=-10.489, P=-0.009, rho=0.030
2025-04-21 15:55:31,494 - MC_run_008 - DEBUG - Sampling at cycle 2850: E/N=-10.780, P=0.015, rho=0.030
2025-04-21 15:55:31,531 - MC_run_008 - DEBUG - Sampling at cycle 3000: E/N=-10.210, P=0.007, rho=0.030
2025-04-21 15:55:31,568 - MC_run_008 - DEBUG - Sampling at cycle 3150: E/N=-10.098, P=0.010, rho=0.030
2025-04-21 15:55:31,604 - MC_run_008 - DEBUG - Sampling at cycle 3300: E/N=-10.498, P=0.040, rho=0.030
2025-04-21 15:55:31,640 - MC_run_008 - DEBUG - Sampling at cycle 3450: E/N=-10.614, P=-0.010, rho=0.030
2025-04-21 15:55:31,676 - MC_run_008 - DEBUG - Sampling at cycle 3600: E/N=-10.555, P=0.092, rho=0.030
2025-04-21 15:55:31,713 - MC_run_008 - DEBUG - Sampling at cycle 3750: E/N=-10.906, P=0.031, rho=0.030
2025-04-21 15:55:31,750 - MC_run_008 - DEBUG - Sampling at cycle 3900: E/N=-10.376, P=-0.001, rho=0.030
2025-04-21 15:55:31,786 - MC_run_008 - DEBUG - Sampling at cycle 4050: E/N=-10.443, P=0.021, rho=0.030
2025-04-21 15:55:31,822 - MC_run_008 - DEBUG - Sampling at cycle 4200: E/N=-10.567, P=0.144, rho=0.030
2025-04-21 15:55:31,859 - MC_run_008 - DEBUG - Sampling at cycle 4350: E/N=-9.233, P=0.100, rho=0.030
2025-04-21 15:55:31,895 - MC_run_008 - DEBUG - Sampling at cycle 4500: E/N=-10.406, P=-0.000, rho=0.030
2025-04-21 15:55:31,931 - MC_run_008 - DEBUG - Sampling at cycle 4650: E/N=-9.964, P=0.183, rho=0.030
2025-04-21 15:55:31,967 - MC_run_008 - DEBUG - Sampling at cycle 4800: E/N=-9.907, P=0.010, rho=0.030
2025-04-21 15:55:32,003 - MC_run_008 - DEBUG - Sampling at cycle 4950: E/N=-10.888, P=0.011, rho=0.030
2025-04-21 15:55:32,016 - MC_run_008 - DEBUG - Adjusting max displacement from 0.650 to 0.653, acceptance fraction in last block = 0.502
2025-04-21 15:55:36,426 - MC_run_008 - INFO - Equilibrated configuration plot saved to: /home/n2401517d/my_workspace/flow_state/results/algo_1_premade_102400_samples_dV_0.0_samp_fr_150/mc_runs/run_008/equilibrated_config.png
2025-04-21 16:28:04,620 - MC_run_008 - DEBUG - Randomly chosen particle index = 0
2025-04-21 16:28:04,622 - MC_run_008 - DEBUG - Randomly chosen particle index = 1
2025-04-21 16:28:04,622 - MC_run_008 - DEBUG - Randomly chosen particle index = 0
2025-04-21 16:28:04,622 - MC_run_008 - DEBUG - Randomly chosen particle index = 2
2025-04-21 16:28:04,658 - MC_run_008 - DEBUG - Sampling at cycle 150: E/N=-10.404, P=-0.001, rho=0.030
2025-04-21 16:28:04,695 - MC_run_008 - DEBUG - Sampling at cycle 300: E/N=-10.732, P=0.025, rho=0.030
2025-04-21 16:28:04,732 - MC_run_008 - DEBUG - Sampling at cycle 450: E/N=-10.681, P=0.109, rho=0.030
2025-04-21 16:28:04,769 - MC_run_008 - DEBUG - Sampling at cycle 600: E/N=-10.506, P=0.206, rho=0.030
2025-04-21 16:28:04,806 - MC_run_008 - DEBUG - Sampling at cycle 750: E/N=-10.533, P=0.079, rho=0.030
2025-04-21 16:28:04,843 - MC_run_008 - DEBUG - Sampling at cycle 900: E/N=-10.570, P=-0.010, rho=0.030
2025-04-21 16:28:04,879 - MC_run_008 - DEBUG - Sampling at cycle 1050: E/N=-10.495, P=-0.005, rho=0.030
2025-04-21 16:28:04,916 - MC_run_008 - DEBUG - Sampling at cycle 1200: E/N=-10.070, P=0.191, rho=0.030
2025-04-21 16:28:04,953 - MC_run_008 - DEBUG - Sampling at cycle 1350: E/N=-10.137, P=0.099, rho=0.030
2025-04-21 16:28:04,990 - MC_run_008 - DEBUG - Sampling at cycle 1500: E/N=-10.684, P=-0.007, rho=0.030
2025-04-21 16:28:05,027 - MC_run_008 - DEBUG - Sampling at cycle 1650: E/N=-10.565, P=0.001, rho=0.030
2025-04-21 16:28:05,063 - MC_run_008 - DEBUG - Sampling at cycle 1800: E/N=-10.844, P=0.075, rho=0.030
2025-04-21 16:28:05,100 - MC_run_008 - DEBUG - Sampling at cycle 1950: E/N=-10.607, P=0.010, rho=0.030
2025-04-21 16:28:05,137 - MC_run_008 - DEBUG - Sampling at cycle 2100: E/N=-10.628, P=0.065, rho=0.030
2025-04-21 16:28:05,174 - MC_run_008 - DEBUG - Sampling at cycle 2250: E/N=-10.660, P=0.055, rho=0.030
2025-04-21 16:28:05,211 - MC_run_008 - DEBUG - Sampling at cycle 2400: E/N=-10.413, P=0.004, rho=0.030
2025-04-21 16:28:05,247 - MC_run_008 - DEBUG - Sampling at cycle 2550: E/N=-10.623, P=0.042, rho=0.030
2025-04-21 16:28:05,284 - MC_run_008 - DEBUG - Sampling at cycle 2700: E/N=-10.489, P=-0.009, rho=0.030
2025-04-21 16:28:05,321 - MC_run_008 - DEBUG - Sampling at cycle 2850: E/N=-10.780, P=0.015, rho=0.030
2025-04-21 16:28:05,358 - MC_run_008 - DEBUG - Sampling at cycle 3000: E/N=-10.210, P=0.007, rho=0.030
2025-04-21 16:28:05,395 - MC_run_008 - DEBUG - Sampling at cycle 3150: E/N=-10.098, P=0.010, rho=0.030
2025-04-21 16:28:05,432 - MC_run_008 - DEBUG - Sampling at cycle 3300: E/N=-10.498, P=0.040, rho=0.030
2025-04-21 16:28:05,469 - MC_run_008 - DEBUG - Sampling at cycle 3450: E/N=-10.614, P=-0.010, rho=0.030
2025-04-21 16:28:05,506 - MC_run_008 - DEBUG - Sampling at cycle 3600: E/N=-10.555, P=0.092, rho=0.030
2025-04-21 16:28:05,543 - MC_run_008 - DEBUG - Sampling at cycle 3750: E/N=-10.906, P=0.031, rho=0.030
2025-04-21 16:28:05,580 - MC_run_008 - DEBUG - Sampling at cycle 3900: E/N=-10.376, P=-0.001, rho=0.030
2025-04-21 16:28:05,617 - MC_run_008 - DEBUG - Sampling at cycle 4050: E/N=-10.443, P=0.021, rho=0.030
2025-04-21 16:28:05,653 - MC_run_008 - DEBUG - Sampling at cycle 4200: E/N=-10.567, P=0.144, rho=0.030
2025-04-21 16:28:05,690 - MC_run_008 - DEBUG - Sampling at cycle 4350: E/N=-9.233, P=0.100, rho=0.030
2025-04-21 16:28:05,727 - MC_run_008 - DEBUG - Sampling at cycle 4500: E/N=-10.406, P=-0.000, rho=0.030
2025-04-21 16:28:05,764 - MC_run_008 - DEBUG - Sampling at cycle 4650: E/N=-9.964, P=0.183, rho=0.030
2025-04-21 16:28:05,802 - MC_run_008 - DEBUG - Sampling at cycle 4800: E/N=-9.907, P=0.010, rho=0.030
2025-04-21 16:28:05,839 - MC_run_008 - DEBUG - Sampling at cycle 4950: E/N=-10.888, P=0.011, rho=0.030
2025-04-21 16:28:05,852 - MC_run_008 - DEBUG - Adjusting max displacement from 0.650 to 0.653, acceptance fraction in last block = 0.502
2025-04-21 16:28:11,070 - MC_run_008 - INFO - Equilibrated configuration plot saved to: /home/n2401517d/my_workspace/flow_state/results/algo_1_premade_102400_samples_dV_0.0_samp_fr_150/mc_runs/run_008/equilibrated_config.png
