2025-04-21 15:51:59,377 - MC_run_004 - DEBUG - Randomly chosen particle index = 2
2025-04-21 15:51:59,378 - MC_run_004 - DEBUG - Randomly chosen particle index = 1
2025-04-21 15:51:59,378 - MC_run_004 - DEBUG - Randomly chosen particle index = 1
2025-04-21 15:51:59,379 - MC_run_004 - DEBUG - Randomly chosen particle index = 2
2025-04-21 15:51:59,414 - MC_run_004 - DEBUG - Sampling at cycle 150: E/N=-10.520, P=-0.003, rho=0.030
2025-04-21 15:51:59,451 - MC_run_004 - DEBUG - Sampling at cycle 300: E/N=-10.666, P=0.164, rho=0.030
2025-04-21 15:51:59,487 - MC_run_004 - DEBUG - Sampling at cycle 450: E/N=-10.255, P=0.024, rho=0.030
2025-04-21 15:51:59,523 - MC_run_004 - DEBUG - Sampling at cycle 600: E/N=-10.092, P=0.075, rho=0.030
2025-04-21 15:51:59,560 - MC_run_004 - DEBUG - Sampling at cycle 750: E/N=-10.247, P=0.020, rho=0.030
2025-04-21 15:51:59,596 - MC_run_004 - DEBUG - Sampling at cycle 900: E/N=-9.808, P=0.013, rho=0.030
2025-04-21 15:51:59,632 - MC_run_004 - DEBUG - Sampling at cycle 1050: E/N=-10.525, P=0.007, rho=0.030
2025-04-21 15:51:59,668 - MC_run_004 - DEBUG - Sampling at cycle 1200: E/N=-10.767, P=0.020, rho=0.030
2025-04-21 15:51:59,705 - MC_run_004 - DEBUG - Sampling at cycle 1350: E/N=-10.482, P=0.038, rho=0.030
2025-04-21 15:51:59,741 - MC_run_004 - DEBUG - Sampling at cycle 1500: E/N=-10.608, P=-0.007, rho=0.030
2025-04-21 15:51:59,777 - MC_run_004 - DEBUG - Sampling at cycle 1650: E/N=-10.372, P=0.018, rho=0.030
2025-04-21 15:51:59,814 - MC_run_004 - DEBUG - Sampling at cycle 1800: E/N=-10.674, P=0.007, rho=0.030
2025-04-21 15:51:59,850 - MC_run_004 - DEBUG - Sampling at cycle 1950: E/N=-10.363, P=0.159, rho=0.030
2025-04-21 15:51:59,886 - MC_run_004 - DEBUG - Sampling at cycle 2100: E/N=-10.630, P=0.084, rho=0.030
2025-04-21 15:51:59,922 - MC_run_004 - DEBUG - Sampling at cycle 2250: E/N=-10.387, P=0.007, rho=0.030
2025-04-21 15:51:59,959 - MC_run_004 - DEBUG - Sampling at cycle 2400: E/N=-10.501, P=0.012, rho=0.030
2025-04-21 15:51:59,995 - MC_run_004 - DEBUG - Sampling at cycle 2550: E/N=-10.513, P=-0.002, rho=0.030
2025-04-21 15:52:00,031 - MC_run_004 - DEBUG - Sampling at cycle 2700: E/N=-9.538, P=0.054, rho=0.030
2025-04-21 15:52:00,068 - MC_run_004 - DEBUG - Sampling at cycle 2850: E/N=-10.493, P=0.003, rho=0.030
2025-04-21 15:52:00,104 - MC_run_004 - DEBUG - Sampling at cycle 3000: E/N=-10.339, P=-0.002, rho=0.030
2025-04-21 15:52:00,140 - MC_run_004 - DEBUG - Sampling at cycle 3150: E/N=-10.500, P=-0.007, rho=0.030
2025-04-21 15:52:00,177 - MC_run_004 - DEBUG - Sampling at cycle 3300: E/N=-10.611, P=-0.006, rho=0.030
2025-04-21 15:52:00,213 - MC_run_004 - DEBUG - Sampling at cycle 3450: E/N=-10.845, P=0.048, rho=0.030
2025-04-21 15:52:00,249 - MC_run_004 - DEBUG - Sampling at cycle 3600: E/N=-10.526, P=0.036, rho=0.030
2025-04-21 15:52:00,285 - MC_run_004 - DEBUG - Sampling at cycle 3750: E/N=-10.080, P=0.012, rho=0.030
2025-04-21 15:52:00,322 - MC_run_004 - DEBUG - Sampling at cycle 3900: E/N=-10.569, P=0.003, rho=0.030
2025-04-21 15:52:00,358 - MC_run_004 - DEBUG - Sampling at cycle 4050: E/N=-10.900, P=0.032, rho=0.030
2025-04-21 15:52:00,395 - MC_run_004 - DEBUG - Sampling at cycle 4200: E/N=-10.283, P=0.096, rho=0.030
2025-04-21 15:52:00,431 - MC_run_004 - DEBUG - Sampling at cycle 4350: E/N=-10.582, P=0.007, rho=0.030
2025-04-21 15:52:00,467 - MC_run_004 - DEBUG - Sampling at cycle 4500: E/N=-10.237, P=0.009, rho=0.030
2025-04-21 15:52:00,504 - MC_run_004 - DEBUG - Sampling at cycle 4650: E/N=-9.586, P=0.326, rho=0.030
2025-04-21 15:52:00,541 - MC_run_004 - DEBUG - Sampling at cycle 4800: E/N=-10.650, P=0.039, rho=0.030
2025-04-21 15:52:00,577 - MC_run_004 - DEBUG - Sampling at cycle 4950: E/N=-10.652, P=0.076, rho=0.030
2025-04-21 15:52:00,589 - MC_run_004 - DEBUG - Adjusting max displacement from 0.650 to 0.659, acceptance fraction in last block = 0.507
2025-04-21 15:52:08,633 - MC_run_004 - INFO - Equilibrated configuration plot saved to: /home/n2401517d/my_workspace/flow_state/results/algo_1_premade_102400_samples_dV_0.0_samp_fr_150/mc_runs/run_004/equilibrated_config.png
2025-04-21 15:54:04,934 - MC_run_004 - DEBUG - Randomly chosen particle index = 2
2025-04-21 15:54:04,934 - MC_run_004 - DEBUG - Randomly chosen particle index = 1
2025-04-21 15:54:04,934 - MC_run_004 - DEBUG - Randomly chosen particle index = 1
2025-04-21 15:54:04,934 - MC_run_004 - DEBUG - Randomly chosen particle index = 2
2025-04-21 15:54:04,970 - MC_run_004 - DEBUG - Sampling at cycle 150: E/N=-10.520, P=-0.003, rho=0.030
2025-04-21 15:54:05,006 - MC_run_004 - DEBUG - Sampling at cycle 300: E/N=-10.666, P=0.164, rho=0.030
2025-04-21 15:54:05,042 - MC_run_004 - DEBUG - Sampling at cycle 450: E/N=-10.255, P=0.024, rho=0.030
2025-04-21 15:54:05,078 - MC_run_004 - DEBUG - Sampling at cycle 600: E/N=-10.092, P=0.075, rho=0.030
2025-04-21 15:54:05,114 - MC_run_004 - DEBUG - Sampling at cycle 750: E/N=-10.247, P=0.020, rho=0.030
2025-04-21 15:54:05,150 - MC_run_004 - DEBUG - Sampling at cycle 900: E/N=-9.808, P=0.013, rho=0.030
2025-04-21 15:54:05,186 - MC_run_004 - DEBUG - Sampling at cycle 1050: E/N=-10.525, P=0.007, rho=0.030
2025-04-21 15:54:05,223 - MC_run_004 - DEBUG - Sampling at cycle 1200: E/N=-10.767, P=0.020, rho=0.030
2025-04-21 15:54:05,259 - MC_run_004 - DEBUG - Sampling at cycle 1350: E/N=-10.482, P=0.038, rho=0.030
2025-04-21 15:54:05,295 - MC_run_004 - DEBUG - Sampling at cycle 1500: E/N=-10.608, P=-0.007, rho=0.030
2025-04-21 15:54:05,331 - MC_run_004 - DEBUG - Sampling at cycle 1650: E/N=-10.372, P=0.018, rho=0.030
2025-04-21 15:54:05,367 - MC_run_004 - DEBUG - Sampling at cycle 1800: E/N=-10.674, P=0.007, rho=0.030
2025-04-21 15:54:05,403 - MC_run_004 - DEBUG - Sampling at cycle 1950: E/N=-10.363, P=0.159, rho=0.030
2025-04-21 15:54:05,439 - MC_run_004 - DEBUG - Sampling at cycle 2100: E/N=-10.630, P=0.084, rho=0.030
2025-04-21 15:54:05,476 - MC_run_004 - DEBUG - Sampling at cycle 2250: E/N=-10.387, P=0.007, rho=0.030
2025-04-21 15:54:05,512 - MC_run_004 - DEBUG - Sampling at cycle 2400: E/N=-10.501, P=0.012, rho=0.030
2025-04-21 15:54:05,548 - MC_run_004 - DEBUG - Sampling at cycle 2550: E/N=-10.513, P=-0.002, rho=0.030
2025-04-21 15:54:05,584 - MC_run_004 - DEBUG - Sampling at cycle 2700: E/N=-9.538, P=0.054, rho=0.030
2025-04-21 15:54:05,620 - MC_run_004 - DEBUG - Sampling at cycle 2850: E/N=-10.493, P=0.003, rho=0.030
2025-04-21 15:54:05,656 - MC_run_004 - DEBUG - Sampling at cycle 3000: E/N=-10.339, P=-0.002, rho=0.030
2025-04-21 15:54:05,692 - MC_run_004 - DEBUG - Sampling at cycle 3150: E/N=-10.500, P=-0.007, rho=0.030
2025-04-21 15:54:05,729 - MC_run_004 - DEBUG - Sampling at cycle 3300: E/N=-10.611, P=-0.006, rho=0.030
2025-04-21 15:54:05,765 - MC_run_004 - DEBUG - Sampling at cycle 3450: E/N=-10.845, P=0.048, rho=0.030
2025-04-21 15:54:05,801 - MC_run_004 - DEBUG - Sampling at cycle 3600: E/N=-10.526, P=0.036, rho=0.030
2025-04-21 15:54:05,837 - MC_run_004 - DEBUG - Sampling at cycle 3750: E/N=-10.080, P=0.012, rho=0.030
2025-04-21 15:54:05,873 - MC_run_004 - DEBUG - Sampling at cycle 3900: E/N=-10.569, P=0.003, rho=0.030
2025-04-21 15:54:05,909 - MC_run_004 - DEBUG - Sampling at cycle 4050: E/N=-10.900, P=0.032, rho=0.030
2025-04-21 15:54:05,945 - MC_run_004 - DEBUG - Sampling at cycle 4200: E/N=-10.283, P=0.096, rho=0.030
2025-04-21 15:54:05,981 - MC_run_004 - DEBUG - Sampling at cycle 4350: E/N=-10.582, P=0.007, rho=0.030
2025-04-21 15:54:06,017 - MC_run_004 - DEBUG - Sampling at cycle 4500: E/N=-10.237, P=0.009, rho=0.030
2025-04-21 15:54:06,054 - MC_run_004 - DEBUG - Sampling at cycle 4650: E/N=-9.586, P=0.326, rho=0.030
2025-04-21 15:54:06,090 - MC_run_004 - DEBUG - Sampling at cycle 4800: E/N=-10.650, P=0.039, rho=0.030
2025-04-21 15:54:06,126 - MC_run_004 - DEBUG - Sampling at cycle 4950: E/N=-10.652, P=0.076, rho=0.030
2025-04-21 15:54:06,138 - MC_run_004 - DEBUG - Adjusting max displacement from 0.650 to 0.659, acceptance fraction in last block = 0.507
2025-04-21 15:54:14,126 - MC_run_004 - INFO - Equilibrated configuration plot saved to: /home/n2401517d/my_workspace/flow_state/results/algo_1_premade_102400_samples_dV_0.0_samp_fr_150/mc_runs/run_004/equilibrated_config.png
2025-04-21 15:55:25,958 - MC_run_004 - DEBUG - Randomly chosen particle index = 2
2025-04-21 15:55:25,958 - MC_run_004 - DEBUG - Randomly chosen particle index = 1
2025-04-21 15:55:25,958 - MC_run_004 - DEBUG - Randomly chosen particle index = 1
2025-04-21 15:55:25,959 - MC_run_004 - DEBUG - Randomly chosen particle index = 2
2025-04-21 15:55:25,995 - MC_run_004 - DEBUG - Sampling at cycle 150: E/N=-10.520, P=-0.003, rho=0.030
2025-04-21 15:55:26,031 - MC_run_004 - DEBUG - Sampling at cycle 300: E/N=-10.666, P=0.164, rho=0.030
2025-04-21 15:55:26,067 - MC_run_004 - DEBUG - Sampling at cycle 450: E/N=-10.255, P=0.024, rho=0.030
2025-04-21 15:55:26,104 - MC_run_004 - DEBUG - Sampling at cycle 600: E/N=-10.092, P=0.075, rho=0.030
2025-04-21 15:55:26,140 - MC_run_004 - DEBUG - Sampling at cycle 750: E/N=-10.247, P=0.020, rho=0.030
2025-04-21 15:55:26,176 - MC_run_004 - DEBUG - Sampling at cycle 900: E/N=-9.808, P=0.013, rho=0.030
2025-04-21 15:55:26,213 - MC_run_004 - DEBUG - Sampling at cycle 1050: E/N=-10.525, P=0.007, rho=0.030
2025-04-21 15:55:26,250 - MC_run_004 - DEBUG - Sampling at cycle 1200: E/N=-10.767, P=0.020, rho=0.030
2025-04-21 15:55:26,286 - MC_run_004 - DEBUG - Sampling at cycle 1350: E/N=-10.482, P=0.038, rho=0.030
2025-04-21 15:55:26,323 - MC_run_004 - DEBUG - Sampling at cycle 1500: E/N=-10.608, P=-0.007, rho=0.030
2025-04-21 15:55:26,360 - MC_run_004 - DEBUG - Sampling at cycle 1650: E/N=-10.372, P=0.018, rho=0.030
2025-04-21 15:55:26,397 - MC_run_004 - DEBUG - Sampling at cycle 1800: E/N=-10.674, P=0.007, rho=0.030
2025-04-21 15:55:26,433 - MC_run_004 - DEBUG - Sampling at cycle 1950: E/N=-10.363, P=0.159, rho=0.030
2025-04-21 15:55:26,470 - MC_run_004 - DEBUG - Sampling at cycle 2100: E/N=-10.630, P=0.084, rho=0.030
2025-04-21 15:55:26,507 - MC_run_004 - DEBUG - Sampling at cycle 2250: E/N=-10.387, P=0.007, rho=0.030
2025-04-21 15:55:26,543 - MC_run_004 - DEBUG - Sampling at cycle 2400: E/N=-10.501, P=0.012, rho=0.030
2025-04-21 15:55:26,580 - MC_run_004 - DEBUG - Sampling at cycle 2550: E/N=-10.513, P=-0.002, rho=0.030
2025-04-21 15:55:26,617 - MC_run_004 - DEBUG - Sampling at cycle 2700: E/N=-9.538, P=0.054, rho=0.030
2025-04-21 15:55:26,653 - MC_run_004 - DEBUG - Sampling at cycle 2850: E/N=-10.493, P=0.003, rho=0.030
2025-04-21 15:55:26,690 - MC_run_004 - DEBUG - Sampling at cycle 3000: E/N=-10.339, P=-0.002, rho=0.030
2025-04-21 15:55:26,727 - MC_run_004 - DEBUG - Sampling at cycle 3150: E/N=-10.500, P=-0.007, rho=0.030
2025-04-21 15:55:26,763 - MC_run_004 - DEBUG - Sampling at cycle 3300: E/N=-10.611, P=-0.006, rho=0.030
2025-04-21 15:55:26,799 - MC_run_004 - DEBUG - Sampling at cycle 3450: E/N=-10.845, P=0.048, rho=0.030
2025-04-21 15:55:26,836 - MC_run_004 - DEBUG - Sampling at cycle 3600: E/N=-10.526, P=0.036, rho=0.030
2025-04-21 15:55:26,872 - MC_run_004 - DEBUG - Sampling at cycle 3750: E/N=-10.080, P=0.012, rho=0.030
2025-04-21 15:55:26,909 - MC_run_004 - DEBUG - Sampling at cycle 3900: E/N=-10.569, P=0.003, rho=0.030
2025-04-21 15:55:26,945 - MC_run_004 - DEBUG - Sampling at cycle 4050: E/N=-10.900, P=0.032, rho=0.030
2025-04-21 15:55:26,982 - MC_run_004 - DEBUG - Sampling at cycle 4200: E/N=-10.283, P=0.096, rho=0.030
2025-04-21 15:55:27,018 - MC_run_004 - DEBUG - Sampling at cycle 4350: E/N=-10.582, P=0.007, rho=0.030
2025-04-21 15:55:27,055 - MC_run_004 - DEBUG - Sampling at cycle 4500: E/N=-10.237, P=0.009, rho=0.030
2025-04-21 15:55:27,091 - MC_run_004 - DEBUG - Sampling at cycle 4650: E/N=-9.586, P=0.326, rho=0.030
2025-04-21 15:55:27,128 - MC_run_004 - DEBUG - Sampling at cycle 4800: E/N=-10.650, P=0.039, rho=0.030
2025-04-21 15:55:27,165 - MC_run_004 - DEBUG - Sampling at cycle 4950: E/N=-10.652, P=0.076, rho=0.030
2025-04-21 15:55:27,177 - MC_run_004 - DEBUG - Adjusting max displacement from 0.650 to 0.659, acceptance fraction in last block = 0.507
2025-04-21 15:55:35,693 - MC_run_004 - INFO - Equilibrated configuration plot saved to: /home/n2401517d/my_workspace/flow_state/results/algo_1_premade_102400_samples_dV_0.0_samp_fr_150/mc_runs/run_004/equilibrated_config.png
2025-04-21 16:27:59,438 - MC_run_004 - DEBUG - Randomly chosen particle index = 2
2025-04-21 16:27:59,445 - MC_run_004 - DEBUG - Randomly chosen particle index = 1
2025-04-21 16:27:59,446 - MC_run_004 - DEBUG - Randomly chosen particle index = 1
2025-04-21 16:27:59,446 - MC_run_004 - DEBUG - Randomly chosen particle index = 2
2025-04-21 16:27:59,482 - MC_run_004 - DEBUG - Sampling at cycle 150: E/N=-10.520, P=-0.003, rho=0.030
2025-04-21 16:27:59,520 - MC_run_004 - DEBUG - Sampling at cycle 300: E/N=-10.666, P=0.164, rho=0.030
2025-04-21 16:27:59,557 - MC_run_004 - DEBUG - Sampling at cycle 450: E/N=-10.255, P=0.024, rho=0.030
2025-04-21 16:27:59,593 - MC_run_004 - DEBUG - Sampling at cycle 600: E/N=-10.092, P=0.075, rho=0.030
2025-04-21 16:27:59,630 - MC_run_004 - DEBUG - Sampling at cycle 750: E/N=-10.247, P=0.020, rho=0.030
2025-04-21 16:27:59,667 - MC_run_004 - DEBUG - Sampling at cycle 900: E/N=-9.808, P=0.013, rho=0.030
2025-04-21 16:27:59,704 - MC_run_004 - DEBUG - Sampling at cycle 1050: E/N=-10.525, P=0.007, rho=0.030
2025-04-21 16:27:59,741 - MC_run_004 - DEBUG - Sampling at cycle 1200: E/N=-10.767, P=0.020, rho=0.030
2025-04-21 16:27:59,778 - MC_run_004 - DEBUG - Sampling at cycle 1350: E/N=-10.482, P=0.038, rho=0.030
2025-04-21 16:27:59,815 - MC_run_004 - DEBUG - Sampling at cycle 1500: E/N=-10.608, P=-0.007, rho=0.030
2025-04-21 16:27:59,851 - MC_run_004 - DEBUG - Sampling at cycle 1650: E/N=-10.372, P=0.018, rho=0.030
2025-04-21 16:27:59,888 - MC_run_004 - DEBUG - Sampling at cycle 1800: E/N=-10.674, P=0.007, rho=0.030
2025-04-21 16:27:59,925 - MC_run_004 - DEBUG - Sampling at cycle 1950: E/N=-10.363, P=0.159, rho=0.030
2025-04-21 16:27:59,962 - MC_run_004 - DEBUG - Sampling at cycle 2100: E/N=-10.630, P=0.084, rho=0.030
2025-04-21 16:27:59,999 - MC_run_004 - DEBUG - Sampling at cycle 2250: E/N=-10.387, P=0.007, rho=0.030
2025-04-21 16:28:00,036 - MC_run_004 - DEBUG - Sampling at cycle 2400: E/N=-10.501, P=0.012, rho=0.030
2025-04-21 16:28:00,073 - MC_run_004 - DEBUG - Sampling at cycle 2550: E/N=-10.513, P=-0.002, rho=0.030
2025-04-21 16:28:00,110 - MC_run_004 - DEBUG - Sampling at cycle 2700: E/N=-9.538, P=0.054, rho=0.030
2025-04-21 16:28:00,147 - MC_run_004 - DEBUG - Sampling at cycle 2850: E/N=-10.493, P=0.003, rho=0.030
2025-04-21 16:28:00,183 - MC_run_004 - DEBUG - Sampling at cycle 3000: E/N=-10.339, P=-0.002, rho=0.030
2025-04-21 16:28:00,220 - MC_run_004 - DEBUG - Sampling at cycle 3150: E/N=-10.500, P=-0.007, rho=0.030
2025-04-21 16:28:00,257 - MC_run_004 - DEBUG - Sampling at cycle 3300: E/N=-10.611, P=-0.006, rho=0.030
2025-04-21 16:28:00,294 - MC_run_004 - DEBUG - Sampling at cycle 3450: E/N=-10.845, P=0.048, rho=0.030
2025-04-21 16:28:00,332 - MC_run_004 - DEBUG - Sampling at cycle 3600: E/N=-10.526, P=0.036, rho=0.030
2025-04-21 16:28:00,369 - MC_run_004 - DEBUG - Sampling at cycle 3750: E/N=-10.080, P=0.012, rho=0.030
2025-04-21 16:28:00,406 - MC_run_004 - DEBUG - Sampling at cycle 3900: E/N=-10.569, P=0.003, rho=0.030
2025-04-21 16:28:00,443 - MC_run_004 - DEBUG - Sampling at cycle 4050: E/N=-10.900, P=0.032, rho=0.030
2025-04-21 16:28:00,479 - MC_run_004 - DEBUG - Sampling at cycle 4200: E/N=-10.283, P=0.096, rho=0.030
2025-04-21 16:28:00,516 - MC_run_004 - DEBUG - Sampling at cycle 4350: E/N=-10.582, P=0.007, rho=0.030
2025-04-21 16:28:00,553 - MC_run_004 - DEBUG - Sampling at cycle 4500: E/N=-10.237, P=0.009, rho=0.030
2025-04-21 16:28:00,590 - MC_run_004 - DEBUG - Sampling at cycle 4650: E/N=-9.586, P=0.326, rho=0.030
2025-04-21 16:28:00,627 - MC_run_004 - DEBUG - Sampling at cycle 4800: E/N=-10.650, P=0.039, rho=0.030
2025-04-21 16:28:00,663 - MC_run_004 - DEBUG - Sampling at cycle 4950: E/N=-10.652, P=0.076, rho=0.030
2025-04-21 16:28:00,676 - MC_run_004 - DEBUG - Adjusting max displacement from 0.650 to 0.659, acceptance fraction in last block = 0.507
2025-04-21 16:28:09,898 - MC_run_004 - INFO - Equilibrated configuration plot saved to: /home/n2401517d/my_workspace/flow_state/results/algo_1_premade_102400_samples_dV_0.0_samp_fr_150/mc_runs/run_004/equilibrated_config.png
