2025-04-21 15:52:01,801 - MC_run_006 - DEBUG - Randomly chosen particle index = 0
2025-04-21 15:52:01,802 - MC_run_006 - DEBUG - Randomly chosen particle index = 2
2025-04-21 15:52:01,803 - MC_run_006 - DEBUG - Randomly chosen particle index = 2
2025-04-21 15:52:01,803 - MC_run_006 - DEBUG - Randomly chosen particle index = 0
2025-04-21 15:52:01,838 - MC_run_006 - DEBUG - Sampling at cycle 150: E/N=-10.487, P=-0.004, rho=0.030
2025-04-21 15:52:01,875 - MC_run_006 - DEBUG - Sampling at cycle 300: E/N=-10.642, P=0.003, rho=0.030
2025-04-21 15:52:01,911 - MC_run_006 - DEBUG - Sampling at cycle 450: E/N=-10.228, P=0.007, rho=0.030
2025-04-21 15:52:01,947 - MC_run_006 - DEBUG - Sampling at cycle 600: E/N=-10.852, P=0.117, rho=0.030
2025-04-21 15:52:01,983 - MC_run_006 - DEBUG - Sampling at cycle 750: E/N=-10.526, P=-0.006, rho=0.030
2025-04-21 15:52:02,020 - MC_run_006 - DEBUG - Sampling at cycle 900: E/N=-10.530, P=0.105, rho=0.030
2025-04-21 15:52:02,056 - MC_run_006 - DEBUG - Sampling at cycle 1050: E/N=-10.815, P=0.073, rho=0.030
2025-04-21 15:52:02,092 - MC_run_006 - DEBUG - Sampling at cycle 1200: E/N=-10.630, P=0.196, rho=0.030
2025-04-21 15:52:02,128 - MC_run_006 - DEBUG - Sampling at cycle 1350: E/N=-10.861, P=0.038, rho=0.030
2025-04-21 15:52:02,165 - MC_run_006 - DEBUG - Sampling at cycle 1500: E/N=-10.199, P=0.109, rho=0.030
2025-04-21 15:52:02,201 - MC_run_006 - DEBUG - Sampling at cycle 1650: E/N=-10.179, P=0.006, rho=0.030
2025-04-21 15:52:02,238 - MC_run_006 - DEBUG - Sampling at cycle 1800: E/N=-10.589, P=0.041, rho=0.030
2025-04-21 15:52:02,274 - MC_run_006 - DEBUG - Sampling at cycle 1950: E/N=-10.448, P=-0.005, rho=0.030
2025-04-21 15:52:02,310 - MC_run_006 - DEBUG - Sampling at cycle 2100: E/N=-10.122, P=0.010, rho=0.030
2025-04-21 15:52:02,347 - MC_run_006 - DEBUG - Sampling at cycle 2250: E/N=-10.133, P=0.105, rho=0.030
2025-04-21 15:52:02,383 - MC_run_006 - DEBUG - Sampling at cycle 2400: E/N=-10.180, P=0.003, rho=0.030
2025-04-21 15:52:02,420 - MC_run_006 - DEBUG - Sampling at cycle 2550: E/N=-10.470, P=0.193, rho=0.030
2025-04-21 15:52:02,456 - MC_run_006 - DEBUG - Sampling at cycle 2700: E/N=-10.713, P=0.045, rho=0.030
2025-04-21 15:52:02,492 - MC_run_006 - DEBUG - Sampling at cycle 2850: E/N=-10.589, P=-0.004, rho=0.030
2025-04-21 15:52:02,528 - MC_run_006 - DEBUG - Sampling at cycle 3000: E/N=-10.628, P=0.011, rho=0.030
2025-04-21 15:52:02,565 - MC_run_006 - DEBUG - Sampling at cycle 3150: E/N=-10.481, P=0.145, rho=0.030
2025-04-21 15:52:02,601 - MC_run_006 - DEBUG - Sampling at cycle 3300: E/N=-10.484, P=0.031, rho=0.030
2025-04-21 15:52:02,637 - MC_run_006 - DEBUG - Sampling at cycle 3450: E/N=-10.706, P=0.011, rho=0.030
2025-04-21 15:52:02,673 - MC_run_006 - DEBUG - Sampling at cycle 3600: E/N=-10.125, P=0.035, rho=0.030
2025-04-21 15:52:02,710 - MC_run_006 - DEBUG - Sampling at cycle 3750: E/N=-10.912, P=0.017, rho=0.030
2025-04-21 15:52:02,746 - MC_run_006 - DEBUG - Sampling at cycle 3900: E/N=-10.685, P=0.019, rho=0.030
2025-04-21 15:52:02,782 - MC_run_006 - DEBUG - Sampling at cycle 4050: E/N=-10.345, P=0.131, rho=0.030
2025-04-21 15:52:02,818 - MC_run_006 - DEBUG - Sampling at cycle 4200: E/N=-10.383, P=0.067, rho=0.030
2025-04-21 15:52:02,855 - MC_run_006 - DEBUG - Sampling at cycle 4350: E/N=-10.083, P=-0.012, rho=0.030
2025-04-21 15:52:02,891 - MC_run_006 - DEBUG - Sampling at cycle 4500: E/N=-10.463, P=-0.003, rho=0.030
2025-04-21 15:52:02,927 - MC_run_006 - DEBUG - Sampling at cycle 4650: E/N=-10.230, P=0.137, rho=0.030
2025-04-21 15:52:02,963 - MC_run_006 - DEBUG - Sampling at cycle 4800: E/N=-10.536, P=0.139, rho=0.030
2025-04-21 15:52:03,000 - MC_run_006 - DEBUG - Sampling at cycle 4950: E/N=-10.359, P=0.121, rho=0.030
2025-04-21 15:52:03,012 - MC_run_006 - DEBUG - Adjusting max displacement from 0.650 to 0.656, acceptance fraction in last block = 0.505
2025-04-21 15:52:09,305 - MC_run_006 - INFO - Equilibrated configuration plot saved to: /home/n2401517d/my_workspace/flow_state/results/algo_1_premade_102400_samples_dV_0.0_samp_fr_150/mc_runs/run_006/equilibrated_config.png
2025-04-21 15:54:07,343 - MC_run_006 - DEBUG - Randomly chosen particle index = 0
2025-04-21 15:54:07,343 - MC_run_006 - DEBUG - Randomly chosen particle index = 2
2025-04-21 15:54:07,343 - MC_run_006 - DEBUG - Randomly chosen particle index = 2
2025-04-21 15:54:07,343 - MC_run_006 - DEBUG - Randomly chosen particle index = 0
2025-04-21 15:54:07,379 - MC_run_006 - DEBUG - Sampling at cycle 150: E/N=-10.487, P=-0.004, rho=0.030
2025-04-21 15:54:07,415 - MC_run_006 - DEBUG - Sampling at cycle 300: E/N=-10.642, P=0.003, rho=0.030
2025-04-21 15:54:07,451 - MC_run_006 - DEBUG - Sampling at cycle 450: E/N=-10.228, P=0.007, rho=0.030
2025-04-21 15:54:07,487 - MC_run_006 - DEBUG - Sampling at cycle 600: E/N=-10.852, P=0.117, rho=0.030
2025-04-21 15:54:07,524 - MC_run_006 - DEBUG - Sampling at cycle 750: E/N=-10.526, P=-0.006, rho=0.030
2025-04-21 15:54:07,560 - MC_run_006 - DEBUG - Sampling at cycle 900: E/N=-10.530, P=0.105, rho=0.030
2025-04-21 15:54:07,596 - MC_run_006 - DEBUG - Sampling at cycle 1050: E/N=-10.815, P=0.073, rho=0.030
2025-04-21 15:54:07,632 - MC_run_006 - DEBUG - Sampling at cycle 1200: E/N=-10.630, P=0.196, rho=0.030
2025-04-21 15:54:07,668 - MC_run_006 - DEBUG - Sampling at cycle 1350: E/N=-10.861, P=0.038, rho=0.030
2025-04-21 15:54:07,704 - MC_run_006 - DEBUG - Sampling at cycle 1500: E/N=-10.199, P=0.109, rho=0.030
2025-04-21 15:54:07,740 - MC_run_006 - DEBUG - Sampling at cycle 1650: E/N=-10.179, P=0.006, rho=0.030
2025-04-21 15:54:07,777 - MC_run_006 - DEBUG - Sampling at cycle 1800: E/N=-10.589, P=0.041, rho=0.030
2025-04-21 15:54:07,813 - MC_run_006 - DEBUG - Sampling at cycle 1950: E/N=-10.448, P=-0.005, rho=0.030
2025-04-21 15:54:07,849 - MC_run_006 - DEBUG - Sampling at cycle 2100: E/N=-10.122, P=0.010, rho=0.030
2025-04-21 15:54:07,885 - MC_run_006 - DEBUG - Sampling at cycle 2250: E/N=-10.133, P=0.105, rho=0.030
2025-04-21 15:54:07,922 - MC_run_006 - DEBUG - Sampling at cycle 2400: E/N=-10.180, P=0.003, rho=0.030
2025-04-21 15:54:07,958 - MC_run_006 - DEBUG - Sampling at cycle 2550: E/N=-10.470, P=0.193, rho=0.030
2025-04-21 15:54:07,994 - MC_run_006 - DEBUG - Sampling at cycle 2700: E/N=-10.713, P=0.045, rho=0.030
2025-04-21 15:54:08,030 - MC_run_006 - DEBUG - Sampling at cycle 2850: E/N=-10.589, P=-0.004, rho=0.030
2025-04-21 15:54:08,067 - MC_run_006 - DEBUG - Sampling at cycle 3000: E/N=-10.628, P=0.011, rho=0.030
2025-04-21 15:54:08,103 - MC_run_006 - DEBUG - Sampling at cycle 3150: E/N=-10.481, P=0.145, rho=0.030
2025-04-21 15:54:08,139 - MC_run_006 - DEBUG - Sampling at cycle 3300: E/N=-10.484, P=0.031, rho=0.030
2025-04-21 15:54:08,175 - MC_run_006 - DEBUG - Sampling at cycle 3450: E/N=-10.706, P=0.011, rho=0.030
2025-04-21 15:54:08,211 - MC_run_006 - DEBUG - Sampling at cycle 3600: E/N=-10.125, P=0.035, rho=0.030
2025-04-21 15:54:08,247 - MC_run_006 - DEBUG - Sampling at cycle 3750: E/N=-10.912, P=0.017, rho=0.030
2025-04-21 15:54:08,284 - MC_run_006 - DEBUG - Sampling at cycle 3900: E/N=-10.685, P=0.019, rho=0.030
2025-04-21 15:54:08,320 - MC_run_006 - DEBUG - Sampling at cycle 4050: E/N=-10.345, P=0.131, rho=0.030
2025-04-21 15:54:08,356 - MC_run_006 - DEBUG - Sampling at cycle 4200: E/N=-10.383, P=0.067, rho=0.030
2025-04-21 15:54:08,393 - MC_run_006 - DEBUG - Sampling at cycle 4350: E/N=-10.083, P=-0.012, rho=0.030
2025-04-21 15:54:08,429 - MC_run_006 - DEBUG - Sampling at cycle 4500: E/N=-10.463, P=-0.003, rho=0.030
2025-04-21 15:54:08,466 - MC_run_006 - DEBUG - Sampling at cycle 4650: E/N=-10.230, P=0.137, rho=0.030
2025-04-21 15:54:08,502 - MC_run_006 - DEBUG - Sampling at cycle 4800: E/N=-10.536, P=0.139, rho=0.030
2025-04-21 15:54:08,539 - MC_run_006 - DEBUG - Sampling at cycle 4950: E/N=-10.359, P=0.121, rho=0.030
2025-04-21 15:54:08,551 - MC_run_006 - DEBUG - Adjusting max displacement from 0.650 to 0.656, acceptance fraction in last block = 0.505
2025-04-21 15:54:14,506 - MC_run_006 - INFO - Equilibrated configuration plot saved to: /home/n2401517d/my_workspace/flow_state/results/algo_1_premade_102400_samples_dV_0.0_samp_fr_150/mc_runs/run_006/equilibrated_config.png
2025-04-21 15:55:28,390 - MC_run_006 - DEBUG - Randomly chosen particle index = 0
2025-04-21 15:55:28,390 - MC_run_006 - DEBUG - Randomly chosen particle index = 2
2025-04-21 15:55:28,391 - MC_run_006 - DEBUG - Randomly chosen particle index = 2
2025-04-21 15:55:28,391 - MC_run_006 - DEBUG - Randomly chosen particle index = 0
2025-04-21 15:55:28,426 - MC_run_006 - DEBUG - Sampling at cycle 150: E/N=-10.487, P=-0.004, rho=0.030
2025-04-21 15:55:28,462 - MC_run_006 - DEBUG - Sampling at cycle 300: E/N=-10.642, P=0.003, rho=0.030
2025-04-21 15:55:28,499 - MC_run_006 - DEBUG - Sampling at cycle 450: E/N=-10.228, P=0.007, rho=0.030
2025-04-21 15:55:28,535 - MC_run_006 - DEBUG - Sampling at cycle 600: E/N=-10.852, P=0.117, rho=0.030
2025-04-21 15:55:28,571 - MC_run_006 - DEBUG - Sampling at cycle 750: E/N=-10.526, P=-0.006, rho=0.030
2025-04-21 15:55:28,607 - MC_run_006 - DEBUG - Sampling at cycle 900: E/N=-10.530, P=0.105, rho=0.030
2025-04-21 15:55:28,643 - MC_run_006 - DEBUG - Sampling at cycle 1050: E/N=-10.815, P=0.073, rho=0.030
2025-04-21 15:55:28,679 - MC_run_006 - DEBUG - Sampling at cycle 1200: E/N=-10.630, P=0.196, rho=0.030
2025-04-21 15:55:28,716 - MC_run_006 - DEBUG - Sampling at cycle 1350: E/N=-10.861, P=0.038, rho=0.030
2025-04-21 15:55:28,752 - MC_run_006 - DEBUG - Sampling at cycle 1500: E/N=-10.199, P=0.109, rho=0.030
2025-04-21 15:55:28,788 - MC_run_006 - DEBUG - Sampling at cycle 1650: E/N=-10.179, P=0.006, rho=0.030
2025-04-21 15:55:28,825 - MC_run_006 - DEBUG - Sampling at cycle 1800: E/N=-10.589, P=0.041, rho=0.030
2025-04-21 15:55:28,861 - MC_run_006 - DEBUG - Sampling at cycle 1950: E/N=-10.448, P=-0.005, rho=0.030
2025-04-21 15:55:28,897 - MC_run_006 - DEBUG - Sampling at cycle 2100: E/N=-10.122, P=0.010, rho=0.030
2025-04-21 15:55:28,934 - MC_run_006 - DEBUG - Sampling at cycle 2250: E/N=-10.133, P=0.105, rho=0.030
2025-04-21 15:55:28,970 - MC_run_006 - DEBUG - Sampling at cycle 2400: E/N=-10.180, P=0.003, rho=0.030
2025-04-21 15:55:29,006 - MC_run_006 - DEBUG - Sampling at cycle 2550: E/N=-10.470, P=0.193, rho=0.030
2025-04-21 15:55:29,042 - MC_run_006 - DEBUG - Sampling at cycle 2700: E/N=-10.713, P=0.045, rho=0.030
2025-04-21 15:55:29,079 - MC_run_006 - DEBUG - Sampling at cycle 2850: E/N=-10.589, P=-0.004, rho=0.030
2025-04-21 15:55:29,115 - MC_run_006 - DEBUG - Sampling at cycle 3000: E/N=-10.628, P=0.011, rho=0.030
2025-04-21 15:55:29,151 - MC_run_006 - DEBUG - Sampling at cycle 3150: E/N=-10.481, P=0.145, rho=0.030
2025-04-21 15:55:29,188 - MC_run_006 - DEBUG - Sampling at cycle 3300: E/N=-10.484, P=0.031, rho=0.030
2025-04-21 15:55:29,225 - MC_run_006 - DEBUG - Sampling at cycle 3450: E/N=-10.706, P=0.011, rho=0.030
2025-04-21 15:55:29,261 - MC_run_006 - DEBUG - Sampling at cycle 3600: E/N=-10.125, P=0.035, rho=0.030
2025-04-21 15:55:29,297 - MC_run_006 - DEBUG - Sampling at cycle 3750: E/N=-10.912, P=0.017, rho=0.030
2025-04-21 15:55:29,334 - MC_run_006 - DEBUG - Sampling at cycle 3900: E/N=-10.685, P=0.019, rho=0.030
2025-04-21 15:55:29,370 - MC_run_006 - DEBUG - Sampling at cycle 4050: E/N=-10.345, P=0.131, rho=0.030
2025-04-21 15:55:29,406 - MC_run_006 - DEBUG - Sampling at cycle 4200: E/N=-10.383, P=0.067, rho=0.030
2025-04-21 15:55:29,442 - MC_run_006 - DEBUG - Sampling at cycle 4350: E/N=-10.083, P=-0.012, rho=0.030
2025-04-21 15:55:29,478 - MC_run_006 - DEBUG - Sampling at cycle 4500: E/N=-10.463, P=-0.003, rho=0.030
2025-04-21 15:55:29,515 - MC_run_006 - DEBUG - Sampling at cycle 4650: E/N=-10.230, P=0.137, rho=0.030
2025-04-21 15:55:29,551 - MC_run_006 - DEBUG - Sampling at cycle 4800: E/N=-10.536, P=0.139, rho=0.030
2025-04-21 15:55:29,588 - MC_run_006 - DEBUG - Sampling at cycle 4950: E/N=-10.359, P=0.121, rho=0.030
2025-04-21 15:55:29,600 - MC_run_006 - DEBUG - Adjusting max displacement from 0.650 to 0.656, acceptance fraction in last block = 0.505
2025-04-21 15:55:36,064 - MC_run_006 - INFO - Equilibrated configuration plot saved to: /home/n2401517d/my_workspace/flow_state/results/algo_1_premade_102400_samples_dV_0.0_samp_fr_150/mc_runs/run_006/equilibrated_config.png
2025-04-21 16:28:01,936 - MC_run_006 - DEBUG - Randomly chosen particle index = 0
2025-04-21 16:28:02,160 - MC_run_006 - DEBUG - Randomly chosen particle index = 2
2025-04-21 16:28:02,160 - MC_run_006 - DEBUG - Randomly chosen particle index = 2
2025-04-21 16:28:02,160 - MC_run_006 - DEBUG - Randomly chosen particle index = 0
2025-04-21 16:28:02,197 - MC_run_006 - DEBUG - Sampling at cycle 150: E/N=-10.487, P=-0.004, rho=0.030
2025-04-21 16:28:02,234 - MC_run_006 - DEBUG - Sampling at cycle 300: E/N=-10.642, P=0.003, rho=0.030
2025-04-21 16:28:02,271 - MC_run_006 - DEBUG - Sampling at cycle 450: E/N=-10.228, P=0.007, rho=0.030
2025-04-21 16:28:02,308 - MC_run_006 - DEBUG - Sampling at cycle 600: E/N=-10.852, P=0.117, rho=0.030
2025-04-21 16:28:02,345 - MC_run_006 - DEBUG - Sampling at cycle 750: E/N=-10.526, P=-0.006, rho=0.030
2025-04-21 16:28:02,382 - MC_run_006 - DEBUG - Sampling at cycle 900: E/N=-10.530, P=0.105, rho=0.030
2025-04-21 16:28:02,419 - MC_run_006 - DEBUG - Sampling at cycle 1050: E/N=-10.815, P=0.073, rho=0.030
2025-04-21 16:28:02,456 - MC_run_006 - DEBUG - Sampling at cycle 1200: E/N=-10.630, P=0.196, rho=0.030
2025-04-21 16:28:02,492 - MC_run_006 - DEBUG - Sampling at cycle 1350: E/N=-10.861, P=0.038, rho=0.030
2025-04-21 16:28:02,529 - MC_run_006 - DEBUG - Sampling at cycle 1500: E/N=-10.199, P=0.109, rho=0.030
2025-04-21 16:28:02,566 - MC_run_006 - DEBUG - Sampling at cycle 1650: E/N=-10.179, P=0.006, rho=0.030
2025-04-21 16:28:02,603 - MC_run_006 - DEBUG - Sampling at cycle 1800: E/N=-10.589, P=0.041, rho=0.030
2025-04-21 16:28:02,640 - MC_run_006 - DEBUG - Sampling at cycle 1950: E/N=-10.448, P=-0.005, rho=0.030
2025-04-21 16:28:02,677 - MC_run_006 - DEBUG - Sampling at cycle 2100: E/N=-10.122, P=0.010, rho=0.030
2025-04-21 16:28:02,713 - MC_run_006 - DEBUG - Sampling at cycle 2250: E/N=-10.133, P=0.105, rho=0.030
2025-04-21 16:28:02,750 - MC_run_006 - DEBUG - Sampling at cycle 2400: E/N=-10.180, P=0.003, rho=0.030
2025-04-21 16:28:02,787 - MC_run_006 - DEBUG - Sampling at cycle 2550: E/N=-10.470, P=0.193, rho=0.030
2025-04-21 16:28:02,824 - MC_run_006 - DEBUG - Sampling at cycle 2700: E/N=-10.713, P=0.045, rho=0.030
2025-04-21 16:28:02,860 - MC_run_006 - DEBUG - Sampling at cycle 2850: E/N=-10.589, P=-0.004, rho=0.030
2025-04-21 16:28:02,897 - MC_run_006 - DEBUG - Sampling at cycle 3000: E/N=-10.628, P=0.011, rho=0.030
2025-04-21 16:28:02,934 - MC_run_006 - DEBUG - Sampling at cycle 3150: E/N=-10.481, P=0.145, rho=0.030
2025-04-21 16:28:02,971 - MC_run_006 - DEBUG - Sampling at cycle 3300: E/N=-10.484, P=0.031, rho=0.030
2025-04-21 16:28:03,008 - MC_run_006 - DEBUG - Sampling at cycle 3450: E/N=-10.706, P=0.011, rho=0.030
2025-04-21 16:28:03,045 - MC_run_006 - DEBUG - Sampling at cycle 3600: E/N=-10.125, P=0.035, rho=0.030
2025-04-21 16:28:03,082 - MC_run_006 - DEBUG - Sampling at cycle 3750: E/N=-10.912, P=0.017, rho=0.030
2025-04-21 16:28:03,119 - MC_run_006 - DEBUG - Sampling at cycle 3900: E/N=-10.685, P=0.019, rho=0.030
2025-04-21 16:28:03,156 - MC_run_006 - DEBUG - Sampling at cycle 4050: E/N=-10.345, P=0.131, rho=0.030
2025-04-21 16:28:03,193 - MC_run_006 - DEBUG - Sampling at cycle 4200: E/N=-10.383, P=0.067, rho=0.030
2025-04-21 16:28:03,230 - MC_run_006 - DEBUG - Sampling at cycle 4350: E/N=-10.083, P=-0.012, rho=0.030
2025-04-21 16:28:03,267 - MC_run_006 - DEBUG - Sampling at cycle 4500: E/N=-10.463, P=-0.003, rho=0.030
2025-04-21 16:28:03,304 - MC_run_006 - DEBUG - Sampling at cycle 4650: E/N=-10.230, P=0.137, rho=0.030
2025-04-21 16:28:03,341 - MC_run_006 - DEBUG - Sampling at cycle 4800: E/N=-10.536, P=0.139, rho=0.030
2025-04-21 16:28:03,379 - MC_run_006 - DEBUG - Sampling at cycle 4950: E/N=-10.359, P=0.121, rho=0.030
2025-04-21 16:28:03,392 - MC_run_006 - DEBUG - Adjusting max displacement from 0.650 to 0.656, acceptance fraction in last block = 0.505
2025-04-21 16:28:10,457 - MC_run_006 - INFO - Equilibrated configuration plot saved to: /home/n2401517d/my_workspace/flow_state/results/algo_1_premade_102400_samples_dV_0.0_samp_fr_150/mc_runs/run_006/equilibrated_config.png
