2025-04-21 15:52:03,012 - MC_run_007 - DEBUG - Randomly chosen particle index = 0
2025-04-21 15:52:03,013 - MC_run_007 - DEBUG - Randomly chosen particle index = 1
2025-04-21 15:52:03,013 - MC_run_007 - DEBUG - Randomly chosen particle index = 1
2025-04-21 15:52:03,013 - MC_run_007 - DEBUG - Randomly chosen particle index = 1
2025-04-21 15:52:03,049 - MC_run_007 - DEBUG - Sampling at cycle 150: E/N=-10.616, P=0.064, rho=0.030
2025-04-21 15:52:03,085 - MC_run_007 - DEBUG - Sampling at cycle 300: E/N=-10.464, P=-0.006, rho=0.030
2025-04-21 15:52:03,122 - MC_run_007 - DEBUG - Sampling at cycle 450: E/N=-10.641, P=0.006, rho=0.030
2025-04-21 15:52:03,158 - MC_run_007 - DEBUG - Sampling at cycle 600: E/N=-10.755, P=0.024, rho=0.030
2025-04-21 15:52:03,194 - MC_run_007 - DEBUG - Sampling at cycle 750: E/N=-10.548, P=0.133, rho=0.030
2025-04-21 15:52:03,231 - MC_run_007 - DEBUG - Sampling at cycle 900: E/N=-10.825, P=-0.004, rho=0.030
2025-04-21 15:52:03,267 - MC_run_007 - DEBUG - Sampling at cycle 1050: E/N=-10.673, P=0.035, rho=0.030
2025-04-21 15:52:03,303 - MC_run_007 - DEBUG - Sampling at cycle 1200: E/N=-10.760, P=0.017, rho=0.030
2025-04-21 15:52:03,340 - MC_run_007 - DEBUG - Sampling at cycle 1350: E/N=-10.667, P=0.151, rho=0.030
2025-04-21 15:52:03,376 - MC_run_007 - DEBUG - Sampling at cycle 1500: E/N=-10.519, P=-0.006, rho=0.030
2025-04-21 15:52:03,412 - MC_run_007 - DEBUG - Sampling at cycle 1650: E/N=-10.415, P=0.011, rho=0.030
2025-04-21 15:52:03,449 - MC_run_007 - DEBUG - Sampling at cycle 1800: E/N=-10.174, P=0.001, rho=0.030
2025-04-21 15:52:03,485 - MC_run_007 - DEBUG - Sampling at cycle 1950: E/N=-10.530, P=0.091, rho=0.030
2025-04-21 15:52:03,522 - MC_run_007 - DEBUG - Sampling at cycle 2100: E/N=-10.012, P=0.018, rho=0.030
2025-04-21 15:52:03,559 - MC_run_007 - DEBUG - Sampling at cycle 2250: E/N=-10.489, P=0.073, rho=0.030
2025-04-21 15:52:03,595 - MC_run_007 - DEBUG - Sampling at cycle 2400: E/N=-10.190, P=0.094, rho=0.030
2025-04-21 15:52:03,632 - MC_run_007 - DEBUG - Sampling at cycle 2550: E/N=-10.794, P=0.041, rho=0.030
2025-04-21 15:52:03,668 - MC_run_007 - DEBUG - Sampling at cycle 2700: E/N=-10.587, P=0.031, rho=0.030
2025-04-21 15:52:03,705 - MC_run_007 - DEBUG - Sampling at cycle 2850: E/N=-10.299, P=0.005, rho=0.030
2025-04-21 15:52:03,741 - MC_run_007 - DEBUG - Sampling at cycle 3000: E/N=-10.176, P=0.019, rho=0.030
2025-04-21 15:52:03,777 - MC_run_007 - DEBUG - Sampling at cycle 3150: E/N=-10.417, P=-0.001, rho=0.030
2025-04-21 15:52:03,814 - MC_run_007 - DEBUG - Sampling at cycle 3300: E/N=-10.320, P=-0.005, rho=0.030
2025-04-21 15:52:03,850 - MC_run_007 - DEBUG - Sampling at cycle 3450: E/N=-10.566, P=0.044, rho=0.030
2025-04-21 15:52:03,886 - MC_run_007 - DEBUG - Sampling at cycle 3600: E/N=-10.364, P=0.054, rho=0.030
2025-04-21 15:52:03,923 - MC_run_007 - DEBUG - Sampling at cycle 3750: E/N=-10.249, P=0.205, rho=0.030
2025-04-21 15:52:03,959 - MC_run_007 - DEBUG - Sampling at cycle 3900: E/N=-10.699, P=-0.002, rho=0.030
2025-04-21 15:52:03,995 - MC_run_007 - DEBUG - Sampling at cycle 4050: E/N=-9.658, P=0.327, rho=0.030
2025-04-21 15:52:04,032 - MC_run_007 - DEBUG - Sampling at cycle 4200: E/N=-9.976, P=0.009, rho=0.030
2025-04-21 15:52:04,068 - MC_run_007 - DEBUG - Sampling at cycle 4350: E/N=-10.392, P=0.111, rho=0.030
2025-04-21 15:52:04,104 - MC_run_007 - DEBUG - Sampling at cycle 4500: E/N=-10.330, P=0.038, rho=0.030
2025-04-21 15:52:04,141 - MC_run_007 - DEBUG - Sampling at cycle 4650: E/N=-10.576, P=0.023, rho=0.030
2025-04-21 15:52:04,177 - MC_run_007 - DEBUG - Sampling at cycle 4800: E/N=-10.391, P=0.004, rho=0.030
2025-04-21 15:52:04,214 - MC_run_007 - DEBUG - Sampling at cycle 4950: E/N=-10.163, P=0.001, rho=0.030
2025-04-21 15:52:04,226 - MC_run_007 - DEBUG - Adjusting max displacement from 0.650 to 0.653, acceptance fraction in last block = 0.502
2025-04-21 15:52:09,492 - MC_run_007 - INFO - Equilibrated configuration plot saved to: /home/n2401517d/my_workspace/flow_state/results/algo_1_premade_102400_samples_dV_0.0_samp_fr_150/mc_runs/run_007/equilibrated_config.png
2025-04-21 15:54:08,551 - MC_run_007 - DEBUG - Randomly chosen particle index = 0
2025-04-21 15:54:08,551 - MC_run_007 - DEBUG - Randomly chosen particle index = 1
2025-04-21 15:54:08,551 - MC_run_007 - DEBUG - Randomly chosen particle index = 1
2025-04-21 15:54:08,552 - MC_run_007 - DEBUG - Randomly chosen particle index = 1
2025-04-21 15:54:08,587 - MC_run_007 - DEBUG - Sampling at cycle 150: E/N=-10.616, P=0.064, rho=0.030
2025-04-21 15:54:08,624 - MC_run_007 - DEBUG - Sampling at cycle 300: E/N=-10.464, P=-0.006, rho=0.030
2025-04-21 15:54:08,660 - MC_run_007 - DEBUG - Sampling at cycle 450: E/N=-10.641, P=0.006, rho=0.030
2025-04-21 15:54:08,696 - MC_run_007 - DEBUG - Sampling at cycle 600: E/N=-10.755, P=0.024, rho=0.030
2025-04-21 15:54:08,732 - MC_run_007 - DEBUG - Sampling at cycle 750: E/N=-10.548, P=0.133, rho=0.030
2025-04-21 15:54:08,769 - MC_run_007 - DEBUG - Sampling at cycle 900: E/N=-10.825, P=-0.004, rho=0.030
2025-04-21 15:54:08,805 - MC_run_007 - DEBUG - Sampling at cycle 1050: E/N=-10.673, P=0.035, rho=0.030
2025-04-21 15:54:08,841 - MC_run_007 - DEBUG - Sampling at cycle 1200: E/N=-10.760, P=0.017, rho=0.030
2025-04-21 15:54:08,877 - MC_run_007 - DEBUG - Sampling at cycle 1350: E/N=-10.667, P=0.151, rho=0.030
2025-04-21 15:54:08,914 - MC_run_007 - DEBUG - Sampling at cycle 1500: E/N=-10.519, P=-0.006, rho=0.030
2025-04-21 15:54:08,950 - MC_run_007 - DEBUG - Sampling at cycle 1650: E/N=-10.415, P=0.011, rho=0.030
2025-04-21 15:54:08,986 - MC_run_007 - DEBUG - Sampling at cycle 1800: E/N=-10.174, P=0.001, rho=0.030
2025-04-21 15:54:09,023 - MC_run_007 - DEBUG - Sampling at cycle 1950: E/N=-10.530, P=0.091, rho=0.030
2025-04-21 15:54:09,059 - MC_run_007 - DEBUG - Sampling at cycle 2100: E/N=-10.012, P=0.018, rho=0.030
2025-04-21 15:54:09,095 - MC_run_007 - DEBUG - Sampling at cycle 2250: E/N=-10.489, P=0.073, rho=0.030
2025-04-21 15:54:09,131 - MC_run_007 - DEBUG - Sampling at cycle 2400: E/N=-10.190, P=0.094, rho=0.030
2025-04-21 15:54:09,167 - MC_run_007 - DEBUG - Sampling at cycle 2550: E/N=-10.794, P=0.041, rho=0.030
2025-04-21 15:54:09,203 - MC_run_007 - DEBUG - Sampling at cycle 2700: E/N=-10.587, P=0.031, rho=0.030
2025-04-21 15:54:09,239 - MC_run_007 - DEBUG - Sampling at cycle 2850: E/N=-10.299, P=0.005, rho=0.030
2025-04-21 15:54:09,275 - MC_run_007 - DEBUG - Sampling at cycle 3000: E/N=-10.176, P=0.019, rho=0.030
2025-04-21 15:54:09,312 - MC_run_007 - DEBUG - Sampling at cycle 3150: E/N=-10.417, P=-0.001, rho=0.030
2025-04-21 15:54:09,348 - MC_run_007 - DEBUG - Sampling at cycle 3300: E/N=-10.320, P=-0.005, rho=0.030
2025-04-21 15:54:09,384 - MC_run_007 - DEBUG - Sampling at cycle 3450: E/N=-10.566, P=0.044, rho=0.030
2025-04-21 15:54:09,420 - MC_run_007 - DEBUG - Sampling at cycle 3600: E/N=-10.364, P=0.054, rho=0.030
2025-04-21 15:54:09,456 - MC_run_007 - DEBUG - Sampling at cycle 3750: E/N=-10.249, P=0.205, rho=0.030
2025-04-21 15:54:09,492 - MC_run_007 - DEBUG - Sampling at cycle 3900: E/N=-10.699, P=-0.002, rho=0.030
2025-04-21 15:54:09,528 - MC_run_007 - DEBUG - Sampling at cycle 4050: E/N=-9.658, P=0.327, rho=0.030
2025-04-21 15:54:09,565 - MC_run_007 - DEBUG - Sampling at cycle 4200: E/N=-9.976, P=0.009, rho=0.030
2025-04-21 15:54:09,601 - MC_run_007 - DEBUG - Sampling at cycle 4350: E/N=-10.392, P=0.111, rho=0.030
2025-04-21 15:54:09,637 - MC_run_007 - DEBUG - Sampling at cycle 4500: E/N=-10.330, P=0.038, rho=0.030
2025-04-21 15:54:09,673 - MC_run_007 - DEBUG - Sampling at cycle 4650: E/N=-10.576, P=0.023, rho=0.030
2025-04-21 15:54:09,709 - MC_run_007 - DEBUG - Sampling at cycle 4800: E/N=-10.391, P=0.004, rho=0.030
2025-04-21 15:54:09,745 - MC_run_007 - DEBUG - Sampling at cycle 4950: E/N=-10.163, P=0.001, rho=0.030
2025-04-21 15:54:09,757 - MC_run_007 - DEBUG - Adjusting max displacement from 0.650 to 0.653, acceptance fraction in last block = 0.502
2025-04-21 15:54:14,689 - MC_run_007 - INFO - Equilibrated configuration plot saved to: /home/n2401517d/my_workspace/flow_state/results/algo_1_premade_102400_samples_dV_0.0_samp_fr_150/mc_runs/run_007/equilibrated_config.png
2025-04-21 15:55:29,600 - MC_run_007 - DEBUG - Randomly chosen particle index = 0
2025-04-21 15:55:29,600 - MC_run_007 - DEBUG - Randomly chosen particle index = 1
2025-04-21 15:55:29,601 - MC_run_007 - DEBUG - Randomly chosen particle index = 1
2025-04-21 15:55:29,601 - MC_run_007 - DEBUG - Randomly chosen particle index = 1
2025-04-21 15:55:29,636 - MC_run_007 - DEBUG - Sampling at cycle 150: E/N=-10.616, P=0.064, rho=0.030
2025-04-21 15:55:29,672 - MC_run_007 - DEBUG - Sampling at cycle 300: E/N=-10.464, P=-0.006, rho=0.030
2025-04-21 15:55:29,709 - MC_run_007 - DEBUG - Sampling at cycle 450: E/N=-10.641, P=0.006, rho=0.030
2025-04-21 15:55:29,745 - MC_run_007 - DEBUG - Sampling at cycle 600: E/N=-10.755, P=0.024, rho=0.030
2025-04-21 15:55:29,781 - MC_run_007 - DEBUG - Sampling at cycle 750: E/N=-10.548, P=0.133, rho=0.030
2025-04-21 15:55:29,817 - MC_run_007 - DEBUG - Sampling at cycle 900: E/N=-10.825, P=-0.004, rho=0.030
2025-04-21 15:55:29,854 - MC_run_007 - DEBUG - Sampling at cycle 1050: E/N=-10.673, P=0.035, rho=0.030
2025-04-21 15:55:29,890 - MC_run_007 - DEBUG - Sampling at cycle 1200: E/N=-10.760, P=0.017, rho=0.030
2025-04-21 15:55:29,927 - MC_run_007 - DEBUG - Sampling at cycle 1350: E/N=-10.667, P=0.151, rho=0.030
2025-04-21 15:55:29,963 - MC_run_007 - DEBUG - Sampling at cycle 1500: E/N=-10.519, P=-0.006, rho=0.030
2025-04-21 15:55:30,000 - MC_run_007 - DEBUG - Sampling at cycle 1650: E/N=-10.415, P=0.011, rho=0.030
2025-04-21 15:55:30,037 - MC_run_007 - DEBUG - Sampling at cycle 1800: E/N=-10.174, P=0.001, rho=0.030
2025-04-21 15:55:30,073 - MC_run_007 - DEBUG - Sampling at cycle 1950: E/N=-10.530, P=0.091, rho=0.030
2025-04-21 15:55:30,109 - MC_run_007 - DEBUG - Sampling at cycle 2100: E/N=-10.012, P=0.018, rho=0.030
2025-04-21 15:55:30,145 - MC_run_007 - DEBUG - Sampling at cycle 2250: E/N=-10.489, P=0.073, rho=0.030
2025-04-21 15:55:30,181 - MC_run_007 - DEBUG - Sampling at cycle 2400: E/N=-10.190, P=0.094, rho=0.030
2025-04-21 15:55:30,217 - MC_run_007 - DEBUG - Sampling at cycle 2550: E/N=-10.794, P=0.041, rho=0.030
2025-04-21 15:55:30,253 - MC_run_007 - DEBUG - Sampling at cycle 2700: E/N=-10.587, P=0.031, rho=0.030
2025-04-21 15:55:30,289 - MC_run_007 - DEBUG - Sampling at cycle 2850: E/N=-10.299, P=0.005, rho=0.030
2025-04-21 15:55:30,325 - MC_run_007 - DEBUG - Sampling at cycle 3000: E/N=-10.176, P=0.019, rho=0.030
2025-04-21 15:55:30,361 - MC_run_007 - DEBUG - Sampling at cycle 3150: E/N=-10.417, P=-0.001, rho=0.030
2025-04-21 15:55:30,397 - MC_run_007 - DEBUG - Sampling at cycle 3300: E/N=-10.320, P=-0.005, rho=0.030
2025-04-21 15:55:30,433 - MC_run_007 - DEBUG - Sampling at cycle 3450: E/N=-10.566, P=0.044, rho=0.030
2025-04-21 15:55:30,469 - MC_run_007 - DEBUG - Sampling at cycle 3600: E/N=-10.364, P=0.054, rho=0.030
2025-04-21 15:55:30,505 - MC_run_007 - DEBUG - Sampling at cycle 3750: E/N=-10.249, P=0.205, rho=0.030
2025-04-21 15:55:30,541 - MC_run_007 - DEBUG - Sampling at cycle 3900: E/N=-10.699, P=-0.002, rho=0.030
2025-04-21 15:55:30,577 - MC_run_007 - DEBUG - Sampling at cycle 4050: E/N=-9.658, P=0.327, rho=0.030
2025-04-21 15:55:30,613 - MC_run_007 - DEBUG - Sampling at cycle 4200: E/N=-9.976, P=0.009, rho=0.030
2025-04-21 15:55:30,649 - MC_run_007 - DEBUG - Sampling at cycle 4350: E/N=-10.392, P=0.111, rho=0.030
2025-04-21 15:55:30,686 - MC_run_007 - DEBUG - Sampling at cycle 4500: E/N=-10.330, P=0.038, rho=0.030
2025-04-21 15:55:30,722 - MC_run_007 - DEBUG - Sampling at cycle 4650: E/N=-10.576, P=0.023, rho=0.030
2025-04-21 15:55:30,758 - MC_run_007 - DEBUG - Sampling at cycle 4800: E/N=-10.391, P=0.004, rho=0.030
2025-04-21 15:55:30,794 - MC_run_007 - DEBUG - Sampling at cycle 4950: E/N=-10.163, P=0.001, rho=0.030
2025-04-21 15:55:30,806 - MC_run_007 - DEBUG - Adjusting max displacement from 0.650 to 0.653, acceptance fraction in last block = 0.502
2025-04-21 15:55:36,243 - MC_run_007 - INFO - Equilibrated configuration plot saved to: /home/n2401517d/my_workspace/flow_state/results/algo_1_premade_102400_samples_dV_0.0_samp_fr_150/mc_runs/run_007/equilibrated_config.png
2025-04-21 16:28:03,392 - MC_run_007 - DEBUG - Randomly chosen particle index = 0
2025-04-21 16:28:03,393 - MC_run_007 - DEBUG - Randomly chosen particle index = 1
2025-04-21 16:28:03,393 - MC_run_007 - DEBUG - Randomly chosen particle index = 1
2025-04-21 16:28:03,394 - MC_run_007 - DEBUG - Randomly chosen particle index = 1
2025-04-21 16:28:03,430 - MC_run_007 - DEBUG - Sampling at cycle 150: E/N=-10.616, P=0.064, rho=0.030
2025-04-21 16:28:03,467 - MC_run_007 - DEBUG - Sampling at cycle 300: E/N=-10.464, P=-0.006, rho=0.030
2025-04-21 16:28:03,503 - MC_run_007 - DEBUG - Sampling at cycle 450: E/N=-10.641, P=0.006, rho=0.030
2025-04-21 16:28:03,540 - MC_run_007 - DEBUG - Sampling at cycle 600: E/N=-10.755, P=0.024, rho=0.030
2025-04-21 16:28:03,577 - MC_run_007 - DEBUG - Sampling at cycle 750: E/N=-10.548, P=0.133, rho=0.030
2025-04-21 16:28:03,614 - MC_run_007 - DEBUG - Sampling at cycle 900: E/N=-10.825, P=-0.004, rho=0.030
2025-04-21 16:28:03,651 - MC_run_007 - DEBUG - Sampling at cycle 1050: E/N=-10.673, P=0.035, rho=0.030
2025-04-21 16:28:03,688 - MC_run_007 - DEBUG - Sampling at cycle 1200: E/N=-10.760, P=0.017, rho=0.030
2025-04-21 16:28:03,725 - MC_run_007 - DEBUG - Sampling at cycle 1350: E/N=-10.667, P=0.151, rho=0.030
2025-04-21 16:28:03,761 - MC_run_007 - DEBUG - Sampling at cycle 1500: E/N=-10.519, P=-0.006, rho=0.030
2025-04-21 16:28:03,798 - MC_run_007 - DEBUG - Sampling at cycle 1650: E/N=-10.415, P=0.011, rho=0.030
2025-04-21 16:28:03,835 - MC_run_007 - DEBUG - Sampling at cycle 1800: E/N=-10.174, P=0.001, rho=0.030
2025-04-21 16:28:03,872 - MC_run_007 - DEBUG - Sampling at cycle 1950: E/N=-10.530, P=0.091, rho=0.030
2025-04-21 16:28:03,909 - MC_run_007 - DEBUG - Sampling at cycle 2100: E/N=-10.012, P=0.018, rho=0.030
2025-04-21 16:28:03,945 - MC_run_007 - DEBUG - Sampling at cycle 2250: E/N=-10.489, P=0.073, rho=0.030
2025-04-21 16:28:03,982 - MC_run_007 - DEBUG - Sampling at cycle 2400: E/N=-10.190, P=0.094, rho=0.030
2025-04-21 16:28:04,019 - MC_run_007 - DEBUG - Sampling at cycle 2550: E/N=-10.794, P=0.041, rho=0.030
2025-04-21 16:28:04,056 - MC_run_007 - DEBUG - Sampling at cycle 2700: E/N=-10.587, P=0.031, rho=0.030
2025-04-21 16:28:04,092 - MC_run_007 - DEBUG - Sampling at cycle 2850: E/N=-10.299, P=0.005, rho=0.030
2025-04-21 16:28:04,129 - MC_run_007 - DEBUG - Sampling at cycle 3000: E/N=-10.176, P=0.019, rho=0.030
2025-04-21 16:28:04,166 - MC_run_007 - DEBUG - Sampling at cycle 3150: E/N=-10.417, P=-0.001, rho=0.030
2025-04-21 16:28:04,203 - MC_run_007 - DEBUG - Sampling at cycle 3300: E/N=-10.320, P=-0.005, rho=0.030
2025-04-21 16:28:04,240 - MC_run_007 - DEBUG - Sampling at cycle 3450: E/N=-10.566, P=0.044, rho=0.030
2025-04-21 16:28:04,276 - MC_run_007 - DEBUG - Sampling at cycle 3600: E/N=-10.364, P=0.054, rho=0.030
2025-04-21 16:28:04,313 - MC_run_007 - DEBUG - Sampling at cycle 3750: E/N=-10.249, P=0.205, rho=0.030
2025-04-21 16:28:04,350 - MC_run_007 - DEBUG - Sampling at cycle 3900: E/N=-10.699, P=-0.002, rho=0.030
2025-04-21 16:28:04,387 - MC_run_007 - DEBUG - Sampling at cycle 4050: E/N=-9.658, P=0.327, rho=0.030
2025-04-21 16:28:04,424 - MC_run_007 - DEBUG - Sampling at cycle 4200: E/N=-9.976, P=0.009, rho=0.030
2025-04-21 16:28:04,461 - MC_run_007 - DEBUG - Sampling at cycle 4350: E/N=-10.392, P=0.111, rho=0.030
2025-04-21 16:28:04,498 - MC_run_007 - DEBUG - Sampling at cycle 4500: E/N=-10.330, P=0.038, rho=0.030
2025-04-21 16:28:04,534 - MC_run_007 - DEBUG - Sampling at cycle 4650: E/N=-10.576, P=0.023, rho=0.030
2025-04-21 16:28:04,571 - MC_run_007 - DEBUG - Sampling at cycle 4800: E/N=-10.391, P=0.004, rho=0.030
2025-04-21 16:28:04,608 - MC_run_007 - DEBUG - Sampling at cycle 4950: E/N=-10.163, P=0.001, rho=0.030
2025-04-21 16:28:04,620 - MC_run_007 - DEBUG - Adjusting max displacement from 0.650 to 0.653, acceptance fraction in last block = 0.502
2025-04-21 16:28:10,734 - MC_run_007 - INFO - Equilibrated configuration plot saved to: /home/n2401517d/my_workspace/flow_state/results/algo_1_premade_102400_samples_dV_0.0_samp_fr_150/mc_runs/run_007/equilibrated_config.png
