2025-04-21 15:52:06,651 - MC_run_010 - DEBUG - Randomly chosen particle index = 1
2025-04-21 15:52:06,653 - MC_run_010 - DEBUG - Randomly chosen particle index = 2
2025-04-21 15:52:06,653 - MC_run_010 - DEBUG - Randomly chosen particle index = 1
2025-04-21 15:52:06,653 - MC_run_010 - DEBUG - Randomly chosen particle index = 2
2025-04-21 15:52:06,689 - MC_run_010 - DEBUG - Sampling at cycle 150: E/N=-10.528, P=0.140, rho=0.030
2025-04-21 15:52:06,726 - MC_run_010 - DEBUG - Sampling at cycle 300: E/N=-10.583, P=-0.002, rho=0.030
2025-04-21 15:52:06,762 - MC_run_010 - DEBUG - Sampling at cycle 450: E/N=-9.918, P=0.096, rho=0.030
2025-04-21 15:52:06,799 - MC_run_010 - DEBUG - Sampling at cycle 600: E/N=-9.938, P=0.229, rho=0.030
2025-04-21 15:52:06,835 - MC_run_010 - DEBUG - Sampling at cycle 750: E/N=-10.627, P=0.002, rho=0.030
2025-04-21 15:52:06,872 - MC_run_010 - DEBUG - Sampling at cycle 900: E/N=-10.638, P=0.001, rho=0.030
2025-04-21 15:52:06,908 - MC_run_010 - DEBUG - Sampling at cycle 1050: E/N=-10.598, P=-0.005, rho=0.030
2025-04-21 15:52:06,944 - MC_run_010 - DEBUG - Sampling at cycle 1200: E/N=-10.539, P=0.033, rho=0.030
2025-04-21 15:52:06,980 - MC_run_010 - DEBUG - Sampling at cycle 1350: E/N=-10.602, P=0.123, rho=0.030
2025-04-21 15:52:07,017 - MC_run_010 - DEBUG - Sampling at cycle 1500: E/N=-10.519, P=-0.004, rho=0.030
2025-04-21 15:52:07,053 - MC_run_010 - DEBUG - Sampling at cycle 1650: E/N=-10.189, P=0.008, rho=0.030
2025-04-21 15:52:07,089 - MC_run_010 - DEBUG - Sampling at cycle 1800: E/N=-9.479, P=0.011, rho=0.030
2025-04-21 15:52:07,126 - MC_run_010 - DEBUG - Sampling at cycle 1950: E/N=-10.325, P=0.004, rho=0.030
2025-04-21 15:52:07,162 - MC_run_010 - DEBUG - Sampling at cycle 2100: E/N=-10.088, P=0.011, rho=0.030
2025-04-21 15:52:07,198 - MC_run_010 - DEBUG - Sampling at cycle 2250: E/N=-10.408, P=0.001, rho=0.030
2025-04-21 15:52:07,235 - MC_run_010 - DEBUG - Sampling at cycle 2400: E/N=-10.466, P=0.080, rho=0.030
2025-04-21 15:52:07,271 - MC_run_010 - DEBUG - Sampling at cycle 2550: E/N=-10.456, P=0.141, rho=0.030
2025-04-21 15:52:07,307 - MC_run_010 - DEBUG - Sampling at cycle 2700: E/N=-10.392, P=0.010, rho=0.030
2025-04-21 15:52:07,343 - MC_run_010 - DEBUG - Sampling at cycle 2850: E/N=-10.652, P=0.012, rho=0.030
2025-04-21 15:52:07,379 - MC_run_010 - DEBUG - Sampling at cycle 3000: E/N=-10.455, P=0.058, rho=0.030
2025-04-21 15:52:07,416 - MC_run_010 - DEBUG - Sampling at cycle 3150: E/N=-10.866, P=0.012, rho=0.030
2025-04-21 15:52:07,452 - MC_run_010 - DEBUG - Sampling at cycle 3300: E/N=-10.022, P=0.039, rho=0.030
2025-04-21 15:52:07,488 - MC_run_010 - DEBUG - Sampling at cycle 3450: E/N=-10.411, P=0.039, rho=0.030
2025-04-21 15:52:07,525 - MC_run_010 - DEBUG - Sampling at cycle 3600: E/N=-10.854, P=0.021, rho=0.030
2025-04-21 15:52:07,561 - MC_run_010 - DEBUG - Sampling at cycle 3750: E/N=-10.291, P=0.008, rho=0.030
2025-04-21 15:52:07,597 - MC_run_010 - DEBUG - Sampling at cycle 3900: E/N=-10.027, P=0.043, rho=0.030
2025-04-21 15:52:07,633 - MC_run_010 - DEBUG - Sampling at cycle 4050: E/N=-10.651, P=0.013, rho=0.030
2025-04-21 15:52:07,670 - MC_run_010 - DEBUG - Sampling at cycle 4200: E/N=-10.339, P=0.011, rho=0.030
2025-04-21 15:52:07,706 - MC_run_010 - DEBUG - Sampling at cycle 4350: E/N=-10.356, P=0.015, rho=0.030
2025-04-21 15:52:07,742 - MC_run_010 - DEBUG - Sampling at cycle 4500: E/N=-9.965, P=0.188, rho=0.030
2025-04-21 15:52:07,779 - MC_run_010 - DEBUG - Sampling at cycle 4650: E/N=-10.111, P=0.287, rho=0.030
2025-04-21 15:52:07,815 - MC_run_010 - DEBUG - Sampling at cycle 4800: E/N=-10.779, P=-0.014, rho=0.030
2025-04-21 15:52:07,851 - MC_run_010 - DEBUG - Sampling at cycle 4950: E/N=-10.153, P=0.131, rho=0.030
2025-04-21 15:52:07,863 - MC_run_010 - DEBUG - Adjusting max displacement from 0.650 to 0.643, acceptance fraction in last block = 0.495
2025-04-21 15:52:10,056 - MC_run_010 - INFO - Equilibrated configuration plot saved to: /home/n2401517d/my_workspace/flow_state/results/algo_1_premade_102400_samples_dV_0.0_samp_fr_150/mc_runs/run_010/equilibrated_config.png
2025-04-21 15:54:12,169 - MC_run_010 - DEBUG - Randomly chosen particle index = 1
2025-04-21 15:54:12,170 - MC_run_010 - DEBUG - Randomly chosen particle index = 2
2025-04-21 15:54:12,170 - MC_run_010 - DEBUG - Randomly chosen particle index = 1
2025-04-21 15:54:12,170 - MC_run_010 - DEBUG - Randomly chosen particle index = 2
2025-04-21 15:54:12,206 - MC_run_010 - DEBUG - Sampling at cycle 150: E/N=-10.528, P=0.140, rho=0.030
2025-04-21 15:54:12,242 - MC_run_010 - DEBUG - Sampling at cycle 300: E/N=-10.583, P=-0.002, rho=0.030
2025-04-21 15:54:12,278 - MC_run_010 - DEBUG - Sampling at cycle 450: E/N=-9.918, P=0.096, rho=0.030
2025-04-21 15:54:12,314 - MC_run_010 - DEBUG - Sampling at cycle 600: E/N=-9.938, P=0.229, rho=0.030
2025-04-21 15:54:12,350 - MC_run_010 - DEBUG - Sampling at cycle 750: E/N=-10.627, P=0.002, rho=0.030
2025-04-21 15:54:12,386 - MC_run_010 - DEBUG - Sampling at cycle 900: E/N=-10.638, P=0.001, rho=0.030
2025-04-21 15:54:12,422 - MC_run_010 - DEBUG - Sampling at cycle 1050: E/N=-10.598, P=-0.005, rho=0.030
2025-04-21 15:54:12,458 - MC_run_010 - DEBUG - Sampling at cycle 1200: E/N=-10.539, P=0.033, rho=0.030
2025-04-21 15:54:12,494 - MC_run_010 - DEBUG - Sampling at cycle 1350: E/N=-10.602, P=0.123, rho=0.030
2025-04-21 15:54:12,530 - MC_run_010 - DEBUG - Sampling at cycle 1500: E/N=-10.519, P=-0.004, rho=0.030
2025-04-21 15:54:12,567 - MC_run_010 - DEBUG - Sampling at cycle 1650: E/N=-10.189, P=0.008, rho=0.030
2025-04-21 15:54:12,603 - MC_run_010 - DEBUG - Sampling at cycle 1800: E/N=-9.479, P=0.011, rho=0.030
2025-04-21 15:54:12,639 - MC_run_010 - DEBUG - Sampling at cycle 1950: E/N=-10.325, P=0.004, rho=0.030
2025-04-21 15:54:12,675 - MC_run_010 - DEBUG - Sampling at cycle 2100: E/N=-10.088, P=0.011, rho=0.030
2025-04-21 15:54:12,711 - MC_run_010 - DEBUG - Sampling at cycle 2250: E/N=-10.408, P=0.001, rho=0.030
2025-04-21 15:54:12,747 - MC_run_010 - DEBUG - Sampling at cycle 2400: E/N=-10.466, P=0.080, rho=0.030
2025-04-21 15:54:12,783 - MC_run_010 - DEBUG - Sampling at cycle 2550: E/N=-10.456, P=0.141, rho=0.030
2025-04-21 15:54:12,819 - MC_run_010 - DEBUG - Sampling at cycle 2700: E/N=-10.392, P=0.010, rho=0.030
2025-04-21 15:54:12,855 - MC_run_010 - DEBUG - Sampling at cycle 2850: E/N=-10.652, P=0.012, rho=0.030
2025-04-21 15:54:12,891 - MC_run_010 - DEBUG - Sampling at cycle 3000: E/N=-10.455, P=0.058, rho=0.030
2025-04-21 15:54:12,928 - MC_run_010 - DEBUG - Sampling at cycle 3150: E/N=-10.866, P=0.012, rho=0.030
2025-04-21 15:54:12,966 - MC_run_010 - DEBUG - Sampling at cycle 3300: E/N=-10.022, P=0.039, rho=0.030
2025-04-21 15:54:13,002 - MC_run_010 - DEBUG - Sampling at cycle 3450: E/N=-10.411, P=0.039, rho=0.030
2025-04-21 15:54:13,038 - MC_run_010 - DEBUG - Sampling at cycle 3600: E/N=-10.854, P=0.021, rho=0.030
2025-04-21 15:54:13,074 - MC_run_010 - DEBUG - Sampling at cycle 3750: E/N=-10.291, P=0.008, rho=0.030
2025-04-21 15:54:13,110 - MC_run_010 - DEBUG - Sampling at cycle 3900: E/N=-10.027, P=0.043, rho=0.030
2025-04-21 15:54:13,146 - MC_run_010 - DEBUG - Sampling at cycle 4050: E/N=-10.651, P=0.013, rho=0.030
2025-04-21 15:54:13,182 - MC_run_010 - DEBUG - Sampling at cycle 4200: E/N=-10.339, P=0.011, rho=0.030
2025-04-21 15:54:13,219 - MC_run_010 - DEBUG - Sampling at cycle 4350: E/N=-10.356, P=0.015, rho=0.030
2025-04-21 15:54:13,255 - MC_run_010 - DEBUG - Sampling at cycle 4500: E/N=-9.965, P=0.188, rho=0.030
2025-04-21 15:54:13,291 - MC_run_010 - DEBUG - Sampling at cycle 4650: E/N=-10.111, P=0.287, rho=0.030
2025-04-21 15:54:13,327 - MC_run_010 - DEBUG - Sampling at cycle 4800: E/N=-10.779, P=-0.014, rho=0.030
2025-04-21 15:54:13,363 - MC_run_010 - DEBUG - Sampling at cycle 4950: E/N=-10.153, P=0.131, rho=0.030
2025-04-21 15:54:13,376 - MC_run_010 - DEBUG - Adjusting max displacement from 0.650 to 0.643, acceptance fraction in last block = 0.495
2025-04-21 15:54:15,245 - MC_run_010 - INFO - Equilibrated configuration plot saved to: /home/n2401517d/my_workspace/flow_state/results/algo_1_premade_102400_samples_dV_0.0_samp_fr_150/mc_runs/run_010/equilibrated_config.png
2025-04-21 15:55:33,225 - MC_run_010 - DEBUG - Randomly chosen particle index = 1
2025-04-21 15:55:33,225 - MC_run_010 - DEBUG - Randomly chosen particle index = 2
2025-04-21 15:55:33,225 - MC_run_010 - DEBUG - Randomly chosen particle index = 1
2025-04-21 15:55:33,226 - MC_run_010 - DEBUG - Randomly chosen particle index = 2
2025-04-21 15:55:33,261 - MC_run_010 - DEBUG - Sampling at cycle 150: E/N=-10.528, P=0.140, rho=0.030
2025-04-21 15:55:33,297 - MC_run_010 - DEBUG - Sampling at cycle 300: E/N=-10.583, P=-0.002, rho=0.030
2025-04-21 15:55:33,333 - MC_run_010 - DEBUG - Sampling at cycle 450: E/N=-9.918, P=0.096, rho=0.030
2025-04-21 15:55:33,369 - MC_run_010 - DEBUG - Sampling at cycle 600: E/N=-9.938, P=0.229, rho=0.030
2025-04-21 15:55:33,405 - MC_run_010 - DEBUG - Sampling at cycle 750: E/N=-10.627, P=0.002, rho=0.030
2025-04-21 15:55:33,441 - MC_run_010 - DEBUG - Sampling at cycle 900: E/N=-10.638, P=0.001, rho=0.030
2025-04-21 15:55:33,477 - MC_run_010 - DEBUG - Sampling at cycle 1050: E/N=-10.598, P=-0.005, rho=0.030
2025-04-21 15:55:33,513 - MC_run_010 - DEBUG - Sampling at cycle 1200: E/N=-10.539, P=0.033, rho=0.030
2025-04-21 15:55:33,549 - MC_run_010 - DEBUG - Sampling at cycle 1350: E/N=-10.602, P=0.123, rho=0.030
2025-04-21 15:55:33,586 - MC_run_010 - DEBUG - Sampling at cycle 1500: E/N=-10.519, P=-0.004, rho=0.030
2025-04-21 15:55:33,622 - MC_run_010 - DEBUG - Sampling at cycle 1650: E/N=-10.189, P=0.008, rho=0.030
2025-04-21 15:55:33,658 - MC_run_010 - DEBUG - Sampling at cycle 1800: E/N=-9.479, P=0.011, rho=0.030
2025-04-21 15:55:33,694 - MC_run_010 - DEBUG - Sampling at cycle 1950: E/N=-10.325, P=0.004, rho=0.030
2025-04-21 15:55:33,730 - MC_run_010 - DEBUG - Sampling at cycle 2100: E/N=-10.088, P=0.011, rho=0.030
2025-04-21 15:55:33,766 - MC_run_010 - DEBUG - Sampling at cycle 2250: E/N=-10.408, P=0.001, rho=0.030
2025-04-21 15:55:33,802 - MC_run_010 - DEBUG - Sampling at cycle 2400: E/N=-10.466, P=0.080, rho=0.030
2025-04-21 15:55:33,838 - MC_run_010 - DEBUG - Sampling at cycle 2550: E/N=-10.456, P=0.141, rho=0.030
2025-04-21 15:55:33,874 - MC_run_010 - DEBUG - Sampling at cycle 2700: E/N=-10.392, P=0.010, rho=0.030
2025-04-21 15:55:33,910 - MC_run_010 - DEBUG - Sampling at cycle 2850: E/N=-10.652, P=0.012, rho=0.030
2025-04-21 15:55:33,946 - MC_run_010 - DEBUG - Sampling at cycle 3000: E/N=-10.455, P=0.058, rho=0.030
2025-04-21 15:55:33,982 - MC_run_010 - DEBUG - Sampling at cycle 3150: E/N=-10.866, P=0.012, rho=0.030
2025-04-21 15:55:34,019 - MC_run_010 - DEBUG - Sampling at cycle 3300: E/N=-10.022, P=0.039, rho=0.030
2025-04-21 15:55:34,055 - MC_run_010 - DEBUG - Sampling at cycle 3450: E/N=-10.411, P=0.039, rho=0.030
2025-04-21 15:55:34,091 - MC_run_010 - DEBUG - Sampling at cycle 3600: E/N=-10.854, P=0.021, rho=0.030
2025-04-21 15:55:34,128 - MC_run_010 - DEBUG - Sampling at cycle 3750: E/N=-10.291, P=0.008, rho=0.030
2025-04-21 15:55:34,164 - MC_run_010 - DEBUG - Sampling at cycle 3900: E/N=-10.027, P=0.043, rho=0.030
2025-04-21 15:55:34,200 - MC_run_010 - DEBUG - Sampling at cycle 4050: E/N=-10.651, P=0.013, rho=0.030
2025-04-21 15:55:34,237 - MC_run_010 - DEBUG - Sampling at cycle 4200: E/N=-10.339, P=0.011, rho=0.030
2025-04-21 15:55:34,273 - MC_run_010 - DEBUG - Sampling at cycle 4350: E/N=-10.356, P=0.015, rho=0.030
2025-04-21 15:55:34,310 - MC_run_010 - DEBUG - Sampling at cycle 4500: E/N=-9.965, P=0.188, rho=0.030
2025-04-21 15:55:34,346 - MC_run_010 - DEBUG - Sampling at cycle 4650: E/N=-10.111, P=0.287, rho=0.030
2025-04-21 15:55:34,383 - MC_run_010 - DEBUG - Sampling at cycle 4800: E/N=-10.779, P=-0.014, rho=0.030
2025-04-21 15:55:34,419 - MC_run_010 - DEBUG - Sampling at cycle 4950: E/N=-10.153, P=0.131, rho=0.030
2025-04-21 15:55:34,431 - MC_run_010 - DEBUG - Adjusting max displacement from 0.650 to 0.643, acceptance fraction in last block = 0.495
2025-04-21 15:55:36,794 - MC_run_010 - INFO - Equilibrated configuration plot saved to: /home/n2401517d/my_workspace/flow_state/results/algo_1_premade_102400_samples_dV_0.0_samp_fr_150/mc_runs/run_010/equilibrated_config.png
2025-04-21 16:28:07,080 - MC_run_010 - DEBUG - Randomly chosen particle index = 1
2025-04-21 16:28:07,082 - MC_run_010 - DEBUG - Randomly chosen particle index = 2
2025-04-21 16:28:07,082 - MC_run_010 - DEBUG - Randomly chosen particle index = 1
2025-04-21 16:28:07,082 - MC_run_010 - DEBUG - Randomly chosen particle index = 2
2025-04-21 16:28:07,118 - MC_run_010 - DEBUG - Sampling at cycle 150: E/N=-10.528, P=0.140, rho=0.030
2025-04-21 16:28:07,155 - MC_run_010 - DEBUG - Sampling at cycle 300: E/N=-10.583, P=-0.002, rho=0.030
2025-04-21 16:28:07,192 - MC_run_010 - DEBUG - Sampling at cycle 450: E/N=-9.918, P=0.096, rho=0.030
2025-04-21 16:28:07,229 - MC_run_010 - DEBUG - Sampling at cycle 600: E/N=-9.938, P=0.229, rho=0.030
2025-04-21 16:28:07,266 - MC_run_010 - DEBUG - Sampling at cycle 750: E/N=-10.627, P=0.002, rho=0.030
2025-04-21 16:28:07,302 - MC_run_010 - DEBUG - Sampling at cycle 900: E/N=-10.638, P=0.001, rho=0.030
2025-04-21 16:28:07,339 - MC_run_010 - DEBUG - Sampling at cycle 1050: E/N=-10.598, P=-0.005, rho=0.030
2025-04-21 16:28:07,376 - MC_run_010 - DEBUG - Sampling at cycle 1200: E/N=-10.539, P=0.033, rho=0.030
2025-04-21 16:28:07,413 - MC_run_010 - DEBUG - Sampling at cycle 1350: E/N=-10.602, P=0.123, rho=0.030
2025-04-21 16:28:07,450 - MC_run_010 - DEBUG - Sampling at cycle 1500: E/N=-10.519, P=-0.004, rho=0.030
2025-04-21 16:28:07,487 - MC_run_010 - DEBUG - Sampling at cycle 1650: E/N=-10.189, P=0.008, rho=0.030
2025-04-21 16:28:07,524 - MC_run_010 - DEBUG - Sampling at cycle 1800: E/N=-9.479, P=0.011, rho=0.030
2025-04-21 16:28:07,560 - MC_run_010 - DEBUG - Sampling at cycle 1950: E/N=-10.325, P=0.004, rho=0.030
2025-04-21 16:28:07,597 - MC_run_010 - DEBUG - Sampling at cycle 2100: E/N=-10.088, P=0.011, rho=0.030
2025-04-21 16:28:07,634 - MC_run_010 - DEBUG - Sampling at cycle 2250: E/N=-10.408, P=0.001, rho=0.030
2025-04-21 16:28:07,671 - MC_run_010 - DEBUG - Sampling at cycle 2400: E/N=-10.466, P=0.080, rho=0.030
2025-04-21 16:28:07,708 - MC_run_010 - DEBUG - Sampling at cycle 2550: E/N=-10.456, P=0.141, rho=0.030
2025-04-21 16:28:07,745 - MC_run_010 - DEBUG - Sampling at cycle 2700: E/N=-10.392, P=0.010, rho=0.030
2025-04-21 16:28:07,782 - MC_run_010 - DEBUG - Sampling at cycle 2850: E/N=-10.652, P=0.012, rho=0.030
2025-04-21 16:28:07,819 - MC_run_010 - DEBUG - Sampling at cycle 3000: E/N=-10.455, P=0.058, rho=0.030
2025-04-21 16:28:07,856 - MC_run_010 - DEBUG - Sampling at cycle 3150: E/N=-10.866, P=0.012, rho=0.030
2025-04-21 16:28:07,893 - MC_run_010 - DEBUG - Sampling at cycle 3300: E/N=-10.022, P=0.039, rho=0.030
2025-04-21 16:28:07,930 - MC_run_010 - DEBUG - Sampling at cycle 3450: E/N=-10.411, P=0.039, rho=0.030
2025-04-21 16:28:07,967 - MC_run_010 - DEBUG - Sampling at cycle 3600: E/N=-10.854, P=0.021, rho=0.030
2025-04-21 16:28:08,004 - MC_run_010 - DEBUG - Sampling at cycle 3750: E/N=-10.291, P=0.008, rho=0.030
2025-04-21 16:28:08,041 - MC_run_010 - DEBUG - Sampling at cycle 3900: E/N=-10.027, P=0.043, rho=0.030
2025-04-21 16:28:08,078 - MC_run_010 - DEBUG - Sampling at cycle 4050: E/N=-10.651, P=0.013, rho=0.030
2025-04-21 16:28:08,115 - MC_run_010 - DEBUG - Sampling at cycle 4200: E/N=-10.339, P=0.011, rho=0.030
2025-04-21 16:28:08,151 - MC_run_010 - DEBUG - Sampling at cycle 4350: E/N=-10.356, P=0.015, rho=0.030
2025-04-21 16:28:08,188 - MC_run_010 - DEBUG - Sampling at cycle 4500: E/N=-9.965, P=0.188, rho=0.030
2025-04-21 16:28:08,225 - MC_run_010 - DEBUG - Sampling at cycle 4650: E/N=-10.111, P=0.287, rho=0.030
2025-04-21 16:28:08,262 - MC_run_010 - DEBUG - Sampling at cycle 4800: E/N=-10.779, P=-0.014, rho=0.030
2025-04-21 16:28:08,299 - MC_run_010 - DEBUG - Sampling at cycle 4950: E/N=-10.153, P=0.131, rho=0.030
2025-04-21 16:28:08,311 - MC_run_010 - DEBUG - Adjusting max displacement from 0.650 to 0.643, acceptance fraction in last block = 0.495
2025-04-21 16:28:20,005 - MC_run_010 - INFO - Equilibrated configuration plot saved to: /home/n2401517d/my_workspace/flow_state/results/algo_1_premade_102400_samples_dV_0.0_samp_fr_150/mc_runs/run_010/equilibrated_config.png
