/home/n2401517d/my_workspace/HMC_NF/analysis/analyse_free_eng.py:49: RuntimeWarning: Mean of empty slice
  average_free_energy_differences = np.nanmean(all_free_energy_differences, axis=0)
/home/n2401517d/anaconda3/lib/python3.11/site-packages/numpy/lib/nanfunctions.py:1879: RuntimeWarning: Degrees of freedom <= 0 for slice.
  var = nanvar(a, axis=axis, dtype=dtype, out=out, ddof=ddof,
hello
Starting analysis of 10 runs...
Processing run 1/10
Loading configurations from /home/n2401517d/my_workspace/HMC_NF/results/free_energy_acc_N3_0.25_KbT_N3_102400_samples_1000_big_moves/mc_runs/run_001/mc_run_testing_configs.npy
Analyzing 10000 configurations...
Processed 1000/10000 configurations
Processed 2000/10000 configurations
Processed 3000/10000 configurations
Processed 4000/10000 configurations
Processed 5000/10000 configurations
Processed 6000/10000 configurations
Processed 7000/10000 configurations
Processed 8000/10000 configurations
Processed 9000/10000 configurations
Processed 10000/10000 configurations
Calculating free energy differences...
Processing run 2/10
Loading configurations from /home/n2401517d/my_workspace/HMC_NF/results/free_energy_acc_N3_0.25_KbT_N3_102400_samples_1000_big_moves/mc_runs/run_002/mc_run_testing_configs.npy
Analyzing 10000 configurations...
Processed 1000/10000 configurations
Processed 2000/10000 configurations
Processed 3000/10000 configurations
Processed 4000/10000 configurations
Processed 5000/10000 configurations
Processed 6000/10000 configurations
Processed 7000/10000 configurations
Processed 8000/10000 configurations
Processed 9000/10000 configurations
Processed 10000/10000 configurations
Calculating free energy differences...
Processing run 3/10
Loading configurations from /home/n2401517d/my_workspace/HMC_NF/results/free_energy_acc_N3_0.25_KbT_N3_102400_samples_1000_big_moves/mc_runs/run_003/mc_run_testing_configs.npy
Analyzing 10000 configurations...
Processed 1000/10000 configurations
Processed 2000/10000 configurations
Processed 3000/10000 configurations
Processed 4000/10000 configurations
Processed 5000/10000 configurations
Processed 6000/10000 configurations
Processed 7000/10000 configurations
Processed 8000/10000 configurations
Processed 9000/10000 configurations
Processed 10000/10000 configurations
Calculating free energy differences...
Processing run 4/10
Loading configurations from /home/n2401517d/my_workspace/HMC_NF/results/free_energy_acc_N3_0.25_KbT_N3_102400_samples_1000_big_moves/mc_runs/run_004/mc_run_testing_configs.npy
Analyzing 10000 configurations...
Processed 1000/10000 configurations
Processed 2000/10000 configurations
Processed 3000/10000 configurations
Processed 4000/10000 configurations
Processed 5000/10000 configurations
Processed 6000/10000 configurations
Processed 7000/10000 configurations
Processed 8000/10000 configurations
Processed 9000/10000 configurations
Processed 10000/10000 configurations
Calculating free energy differences...
Processing run 5/10
Loading configurations from /home/n2401517d/my_workspace/HMC_NF/results/free_energy_acc_N3_0.25_KbT_N3_102400_samples_1000_big_moves/mc_runs/run_005/mc_run_testing_configs.npy
Analyzing 10000 configurations...
Processed 1000/10000 configurations
Processed 2000/10000 configurations
Processed 3000/10000 configurations
Processed 4000/10000 configurations
Processed 5000/10000 configurations
Processed 6000/10000 configurations
Processed 7000/10000 configurations
Processed 8000/10000 configurations
Processed 9000/10000 configurations
Processed 10000/10000 configurations
Calculating free energy differences...
Processing run 6/10
Loading configurations from /home/n2401517d/my_workspace/HMC_NF/results/free_energy_acc_N3_0.25_KbT_N3_102400_samples_1000_big_moves/mc_runs/run_006/mc_run_testing_configs.npy
Analyzing 10000 configurations...
Processed 1000/10000 configurations
Processed 2000/10000 configurations
Processed 3000/10000 configurations
Processed 4000/10000 configurations
Processed 5000/10000 configurations
Processed 6000/10000 configurations
Processed 7000/10000 configurations
Processed 8000/10000 configurations
Processed 9000/10000 configurations
Processed 10000/10000 configurations
Calculating free energy differences...
Processing run 7/10
Loading configurations from /home/n2401517d/my_workspace/HMC_NF/results/free_energy_acc_N3_0.25_KbT_N3_102400_samples_1000_big_moves/mc_runs/run_007/mc_run_testing_configs.npy
Analyzing 10000 configurations...
Processed 1000/10000 configurations
Processed 2000/10000 configurations
Processed 3000/10000 configurations
Processed 4000/10000 configurations
Processed 5000/10000 configurations
Processed 6000/10000 configurations
Processed 7000/10000 configurations
Processed 8000/10000 configurations
Processed 9000/10000 configurations
Processed 10000/10000 configurations
Calculating free energy differences...
Processing run 8/10
Loading configurations from /home/n2401517d/my_workspace/HMC_NF/results/free_energy_acc_N3_0.25_KbT_N3_102400_samples_1000_big_moves/mc_runs/run_008/mc_run_testing_configs.npy
Analyzing 10000 configurations...
Processed 1000/10000 configurations
Processed 2000/10000 configurations
Processed 3000/10000 configurations
Processed 4000/10000 configurations
Processed 5000/10000 configurations
Processed 6000/10000 configurations
Processed 7000/10000 configurations
Processed 8000/10000 configurations
Processed 9000/10000 configurations
Processed 10000/10000 configurations
Calculating free energy differences...
Processing run 9/10
Loading configurations from /home/n2401517d/my_workspace/HMC_NF/results/free_energy_acc_N3_0.25_KbT_N3_102400_samples_1000_big_moves/mc_runs/run_009/mc_run_testing_configs.npy
Analyzing 10000 configurations...
Processed 1000/10000 configurations
Processed 2000/10000 configurations
Processed 3000/10000 configurations
Processed 4000/10000 configurations
Processed 5000/10000 configurations
Processed 6000/10000 configurations
Processed 7000/10000 configurations
Processed 8000/10000 configurations
Processed 9000/10000 configurations
Processed 10000/10000 configurations
Calculating free energy differences...
Processing run 10/10
Loading configurations from /home/n2401517d/my_workspace/HMC_NF/results/free_energy_acc_N3_0.25_KbT_N3_102400_samples_1000_big_moves/mc_runs/run_010/mc_run_testing_configs.npy
Analyzing 10000 configurations...
Processed 1000/10000 configurations
Processed 2000/10000 configurations
Processed 3000/10000 configurations
Processed 4000/10000 configurations
Processed 5000/10000 configurations
Processed 6000/10000 configurations
Processed 7000/10000 configurations
Processed 8000/10000 configurations
Processed 9000/10000 configurations
Processed 10000/10000 configurations
Calculating free energy differences...
Computing statistics and generating plot...
