2025-04-21 15:52:05,438 - MC_run_009 - DEBUG - Randomly chosen particle index = 2
2025-04-21 15:52:05,440 - MC_run_009 - DEBUG - Randomly chosen particle index = 2
2025-04-21 15:52:05,440 - MC_run_009 - DEBUG - Randomly chosen particle index = 0
2025-04-21 15:52:05,440 - MC_run_009 - DEBUG - Randomly chosen particle index = 1
2025-04-21 15:52:05,476 - MC_run_009 - DEBUG - Sampling at cycle 150: E/N=-10.707, P=-0.008, rho=0.030
2025-04-21 15:52:05,512 - MC_run_009 - DEBUG - Sampling at cycle 300: E/N=-10.197, P=0.014, rho=0.030
2025-04-21 15:52:05,548 - MC_run_009 - DEBUG - Sampling at cycle 450: E/N=-10.536, P=0.052, rho=0.030
2025-04-21 15:52:05,585 - MC_run_009 - DEBUG - Sampling at cycle 600: E/N=-10.136, P=0.032, rho=0.030
2025-04-21 15:52:05,621 - MC_run_009 - DEBUG - Sampling at cycle 750: E/N=-10.023, P=0.233, rho=0.030
2025-04-21 15:52:05,657 - MC_run_009 - DEBUG - Sampling at cycle 900: E/N=-10.025, P=0.226, rho=0.030
2025-04-21 15:52:05,693 - MC_run_009 - DEBUG - Sampling at cycle 1050: E/N=-10.651, P=0.169, rho=0.030
2025-04-21 15:52:05,729 - MC_run_009 - DEBUG - Sampling at cycle 1200: E/N=-10.407, P=0.002, rho=0.030
2025-04-21 15:52:05,766 - MC_run_009 - DEBUG - Sampling at cycle 1350: E/N=-10.616, P=-0.000, rho=0.030
2025-04-21 15:52:05,802 - MC_run_009 - DEBUG - Sampling at cycle 1500: E/N=-9.905, P=0.180, rho=0.030
2025-04-21 15:52:05,839 - MC_run_009 - DEBUG - Sampling at cycle 1650: E/N=-9.865, P=0.180, rho=0.030
2025-04-21 15:52:05,875 - MC_run_009 - DEBUG - Sampling at cycle 1800: E/N=-10.491, P=-0.005, rho=0.030
2025-04-21 15:52:05,911 - MC_run_009 - DEBUG - Sampling at cycle 1950: E/N=-10.308, P=0.150, rho=0.030
2025-04-21 15:52:05,948 - MC_run_009 - DEBUG - Sampling at cycle 2100: E/N=-10.139, P=-0.006, rho=0.030
2025-04-21 15:52:05,984 - MC_run_009 - DEBUG - Sampling at cycle 2250: E/N=-10.800, P=0.024, rho=0.030
2025-04-21 15:52:06,021 - MC_run_009 - DEBUG - Sampling at cycle 2400: E/N=-10.277, P=0.115, rho=0.030
2025-04-21 15:52:06,057 - MC_run_009 - DEBUG - Sampling at cycle 2550: E/N=-10.048, P=0.066, rho=0.030
2025-04-21 15:52:06,093 - MC_run_009 - DEBUG - Sampling at cycle 2700: E/N=-10.756, P=0.018, rho=0.030
2025-04-21 15:52:06,130 - MC_run_009 - DEBUG - Sampling at cycle 2850: E/N=-10.366, P=0.010, rho=0.030
2025-04-21 15:52:06,166 - MC_run_009 - DEBUG - Sampling at cycle 3000: E/N=-10.603, P=0.020, rho=0.030
2025-04-21 15:52:06,202 - MC_run_009 - DEBUG - Sampling at cycle 3150: E/N=-10.512, P=0.008, rho=0.030
2025-04-21 15:52:06,239 - MC_run_009 - DEBUG - Sampling at cycle 3300: E/N=-10.339, P=0.049, rho=0.030
2025-04-21 15:52:06,275 - MC_run_009 - DEBUG - Sampling at cycle 3450: E/N=-10.062, P=0.136, rho=0.030
2025-04-21 15:52:06,311 - MC_run_009 - DEBUG - Sampling at cycle 3600: E/N=-10.573, P=0.051, rho=0.030
2025-04-21 15:52:06,348 - MC_run_009 - DEBUG - Sampling at cycle 3750: E/N=-10.042, P=0.006, rho=0.030
2025-04-21 15:52:06,384 - MC_run_009 - DEBUG - Sampling at cycle 3900: E/N=-10.706, P=0.015, rho=0.030
2025-04-21 15:52:06,420 - MC_run_009 - DEBUG - Sampling at cycle 4050: E/N=-10.551, P=-0.007, rho=0.030
2025-04-21 15:52:06,457 - MC_run_009 - DEBUG - Sampling at cycle 4200: E/N=-10.164, P=0.201, rho=0.030
2025-04-21 15:52:06,493 - MC_run_009 - DEBUG - Sampling at cycle 4350: E/N=-10.563, P=0.073, rho=0.030
2025-04-21 15:52:06,530 - MC_run_009 - DEBUG - Sampling at cycle 4500: E/N=-10.572, P=-0.005, rho=0.030
2025-04-21 15:52:06,566 - MC_run_009 - DEBUG - Sampling at cycle 4650: E/N=-10.349, P=0.005, rho=0.030
2025-04-21 15:52:06,602 - MC_run_009 - DEBUG - Sampling at cycle 4800: E/N=-10.422, P=0.000, rho=0.030
2025-04-21 15:52:06,639 - MC_run_009 - DEBUG - Sampling at cycle 4950: E/N=-10.273, P=0.003, rho=0.030
2025-04-21 15:52:06,651 - MC_run_009 - DEBUG - Adjusting max displacement from 0.650 to 0.674, acceptance fraction in last block = 0.518
2025-04-21 15:52:09,867 - MC_run_009 - INFO - Equilibrated configuration plot saved to: /home/n2401517d/my_workspace/flow_state/results/algo_1_premade_102400_samples_dV_0.0_samp_fr_150/mc_runs/run_009/equilibrated_config.png
2025-04-21 15:54:10,963 - MC_run_009 - DEBUG - Randomly chosen particle index = 2
2025-04-21 15:54:10,964 - MC_run_009 - DEBUG - Randomly chosen particle index = 2
2025-04-21 15:54:10,964 - MC_run_009 - DEBUG - Randomly chosen particle index = 0
2025-04-21 15:54:10,964 - MC_run_009 - DEBUG - Randomly chosen particle index = 1
2025-04-21 15:54:10,999 - MC_run_009 - DEBUG - Sampling at cycle 150: E/N=-10.707, P=-0.008, rho=0.030
2025-04-21 15:54:11,035 - MC_run_009 - DEBUG - Sampling at cycle 300: E/N=-10.197, P=0.014, rho=0.030
2025-04-21 15:54:11,072 - MC_run_009 - DEBUG - Sampling at cycle 450: E/N=-10.536, P=0.052, rho=0.030
2025-04-21 15:54:11,108 - MC_run_009 - DEBUG - Sampling at cycle 600: E/N=-10.136, P=0.032, rho=0.030
2025-04-21 15:54:11,144 - MC_run_009 - DEBUG - Sampling at cycle 750: E/N=-10.023, P=0.233, rho=0.030
2025-04-21 15:54:11,180 - MC_run_009 - DEBUG - Sampling at cycle 900: E/N=-10.025, P=0.226, rho=0.030
2025-04-21 15:54:11,216 - MC_run_009 - DEBUG - Sampling at cycle 1050: E/N=-10.651, P=0.169, rho=0.030
2025-04-21 15:54:11,252 - MC_run_009 - DEBUG - Sampling at cycle 1200: E/N=-10.407, P=0.002, rho=0.030
2025-04-21 15:54:11,288 - MC_run_009 - DEBUG - Sampling at cycle 1350: E/N=-10.616, P=-0.000, rho=0.030
2025-04-21 15:54:11,324 - MC_run_009 - DEBUG - Sampling at cycle 1500: E/N=-9.905, P=0.180, rho=0.030
2025-04-21 15:54:11,361 - MC_run_009 - DEBUG - Sampling at cycle 1650: E/N=-9.865, P=0.180, rho=0.030
2025-04-21 15:54:11,397 - MC_run_009 - DEBUG - Sampling at cycle 1800: E/N=-10.491, P=-0.005, rho=0.030
2025-04-21 15:54:11,433 - MC_run_009 - DEBUG - Sampling at cycle 1950: E/N=-10.308, P=0.150, rho=0.030
2025-04-21 15:54:11,469 - MC_run_009 - DEBUG - Sampling at cycle 2100: E/N=-10.139, P=-0.006, rho=0.030
2025-04-21 15:54:11,505 - MC_run_009 - DEBUG - Sampling at cycle 2250: E/N=-10.800, P=0.024, rho=0.030
2025-04-21 15:54:11,541 - MC_run_009 - DEBUG - Sampling at cycle 2400: E/N=-10.277, P=0.115, rho=0.030
2025-04-21 15:54:11,577 - MC_run_009 - DEBUG - Sampling at cycle 2550: E/N=-10.048, P=0.066, rho=0.030
2025-04-21 15:54:11,613 - MC_run_009 - DEBUG - Sampling at cycle 2700: E/N=-10.756, P=0.018, rho=0.030
2025-04-21 15:54:11,650 - MC_run_009 - DEBUG - Sampling at cycle 2850: E/N=-10.366, P=0.010, rho=0.030
2025-04-21 15:54:11,686 - MC_run_009 - DEBUG - Sampling at cycle 3000: E/N=-10.603, P=0.020, rho=0.030
2025-04-21 15:54:11,722 - MC_run_009 - DEBUG - Sampling at cycle 3150: E/N=-10.512, P=0.008, rho=0.030
2025-04-21 15:54:11,758 - MC_run_009 - DEBUG - Sampling at cycle 3300: E/N=-10.339, P=0.049, rho=0.030
2025-04-21 15:54:11,794 - MC_run_009 - DEBUG - Sampling at cycle 3450: E/N=-10.062, P=0.136, rho=0.030
2025-04-21 15:54:11,830 - MC_run_009 - DEBUG - Sampling at cycle 3600: E/N=-10.573, P=0.051, rho=0.030
2025-04-21 15:54:11,867 - MC_run_009 - DEBUG - Sampling at cycle 3750: E/N=-10.042, P=0.006, rho=0.030
2025-04-21 15:54:11,903 - MC_run_009 - DEBUG - Sampling at cycle 3900: E/N=-10.706, P=0.015, rho=0.030
2025-04-21 15:54:11,939 - MC_run_009 - DEBUG - Sampling at cycle 4050: E/N=-10.551, P=-0.007, rho=0.030
2025-04-21 15:54:11,975 - MC_run_009 - DEBUG - Sampling at cycle 4200: E/N=-10.164, P=0.201, rho=0.030
2025-04-21 15:54:12,011 - MC_run_009 - DEBUG - Sampling at cycle 4350: E/N=-10.563, P=0.073, rho=0.030
2025-04-21 15:54:12,048 - MC_run_009 - DEBUG - Sampling at cycle 4500: E/N=-10.572, P=-0.005, rho=0.030
2025-04-21 15:54:12,084 - MC_run_009 - DEBUG - Sampling at cycle 4650: E/N=-10.349, P=0.005, rho=0.030
2025-04-21 15:54:12,120 - MC_run_009 - DEBUG - Sampling at cycle 4800: E/N=-10.422, P=0.000, rho=0.030
2025-04-21 15:54:12,156 - MC_run_009 - DEBUG - Sampling at cycle 4950: E/N=-10.273, P=0.003, rho=0.030
2025-04-21 15:54:12,169 - MC_run_009 - DEBUG - Adjusting max displacement from 0.650 to 0.674, acceptance fraction in last block = 0.518
2025-04-21 15:54:15,057 - MC_run_009 - INFO - Equilibrated configuration plot saved to: /home/n2401517d/my_workspace/flow_state/results/algo_1_premade_102400_samples_dV_0.0_samp_fr_150/mc_runs/run_009/equilibrated_config.png
2025-04-21 15:55:32,016 - MC_run_009 - DEBUG - Randomly chosen particle index = 2
2025-04-21 15:55:32,016 - MC_run_009 - DEBUG - Randomly chosen particle index = 2
2025-04-21 15:55:32,016 - MC_run_009 - DEBUG - Randomly chosen particle index = 0
2025-04-21 15:55:32,016 - MC_run_009 - DEBUG - Randomly chosen particle index = 1
2025-04-21 15:55:32,053 - MC_run_009 - DEBUG - Sampling at cycle 150: E/N=-10.707, P=-0.008, rho=0.030
2025-04-21 15:55:32,089 - MC_run_009 - DEBUG - Sampling at cycle 300: E/N=-10.197, P=0.014, rho=0.030
2025-04-21 15:55:32,126 - MC_run_009 - DEBUG - Sampling at cycle 450: E/N=-10.536, P=0.052, rho=0.030
2025-04-21 15:55:32,162 - MC_run_009 - DEBUG - Sampling at cycle 600: E/N=-10.136, P=0.032, rho=0.030
2025-04-21 15:55:32,198 - MC_run_009 - DEBUG - Sampling at cycle 750: E/N=-10.023, P=0.233, rho=0.030
2025-04-21 15:55:32,234 - MC_run_009 - DEBUG - Sampling at cycle 900: E/N=-10.025, P=0.226, rho=0.030
2025-04-21 15:55:32,271 - MC_run_009 - DEBUG - Sampling at cycle 1050: E/N=-10.651, P=0.169, rho=0.030
2025-04-21 15:55:32,307 - MC_run_009 - DEBUG - Sampling at cycle 1200: E/N=-10.407, P=0.002, rho=0.030
2025-04-21 15:55:32,343 - MC_run_009 - DEBUG - Sampling at cycle 1350: E/N=-10.616, P=-0.000, rho=0.030
2025-04-21 15:55:32,379 - MC_run_009 - DEBUG - Sampling at cycle 1500: E/N=-9.905, P=0.180, rho=0.030
2025-04-21 15:55:32,415 - MC_run_009 - DEBUG - Sampling at cycle 1650: E/N=-9.865, P=0.180, rho=0.030
2025-04-21 15:55:32,452 - MC_run_009 - DEBUG - Sampling at cycle 1800: E/N=-10.491, P=-0.005, rho=0.030
2025-04-21 15:55:32,488 - MC_run_009 - DEBUG - Sampling at cycle 1950: E/N=-10.308, P=0.150, rho=0.030
2025-04-21 15:55:32,525 - MC_run_009 - DEBUG - Sampling at cycle 2100: E/N=-10.139, P=-0.006, rho=0.030
2025-04-21 15:55:32,562 - MC_run_009 - DEBUG - Sampling at cycle 2250: E/N=-10.800, P=0.024, rho=0.030
2025-04-21 15:55:32,598 - MC_run_009 - DEBUG - Sampling at cycle 2400: E/N=-10.277, P=0.115, rho=0.030
2025-04-21 15:55:32,634 - MC_run_009 - DEBUG - Sampling at cycle 2550: E/N=-10.048, P=0.066, rho=0.030
2025-04-21 15:55:32,670 - MC_run_009 - DEBUG - Sampling at cycle 2700: E/N=-10.756, P=0.018, rho=0.030
2025-04-21 15:55:32,707 - MC_run_009 - DEBUG - Sampling at cycle 2850: E/N=-10.366, P=0.010, rho=0.030
2025-04-21 15:55:32,743 - MC_run_009 - DEBUG - Sampling at cycle 3000: E/N=-10.603, P=0.020, rho=0.030
2025-04-21 15:55:32,779 - MC_run_009 - DEBUG - Sampling at cycle 3150: E/N=-10.512, P=0.008, rho=0.030
2025-04-21 15:55:32,815 - MC_run_009 - DEBUG - Sampling at cycle 3300: E/N=-10.339, P=0.049, rho=0.030
2025-04-21 15:55:32,851 - MC_run_009 - DEBUG - Sampling at cycle 3450: E/N=-10.062, P=0.136, rho=0.030
2025-04-21 15:55:32,888 - MC_run_009 - DEBUG - Sampling at cycle 3600: E/N=-10.573, P=0.051, rho=0.030
2025-04-21 15:55:32,924 - MC_run_009 - DEBUG - Sampling at cycle 3750: E/N=-10.042, P=0.006, rho=0.030
2025-04-21 15:55:32,960 - MC_run_009 - DEBUG - Sampling at cycle 3900: E/N=-10.706, P=0.015, rho=0.030
2025-04-21 15:55:32,996 - MC_run_009 - DEBUG - Sampling at cycle 4050: E/N=-10.551, P=-0.007, rho=0.030
2025-04-21 15:55:33,032 - MC_run_009 - DEBUG - Sampling at cycle 4200: E/N=-10.164, P=0.201, rho=0.030
2025-04-21 15:55:33,068 - MC_run_009 - DEBUG - Sampling at cycle 4350: E/N=-10.563, P=0.073, rho=0.030
2025-04-21 15:55:33,104 - MC_run_009 - DEBUG - Sampling at cycle 4500: E/N=-10.572, P=-0.005, rho=0.030
2025-04-21 15:55:33,140 - MC_run_009 - DEBUG - Sampling at cycle 4650: E/N=-10.349, P=0.005, rho=0.030
2025-04-21 15:55:33,177 - MC_run_009 - DEBUG - Sampling at cycle 4800: E/N=-10.422, P=0.000, rho=0.030
2025-04-21 15:55:33,213 - MC_run_009 - DEBUG - Sampling at cycle 4950: E/N=-10.273, P=0.003, rho=0.030
2025-04-21 15:55:33,225 - MC_run_009 - DEBUG - Adjusting max displacement from 0.650 to 0.674, acceptance fraction in last block = 0.518
2025-04-21 15:55:36,614 - MC_run_009 - INFO - Equilibrated configuration plot saved to: /home/n2401517d/my_workspace/flow_state/results/algo_1_premade_102400_samples_dV_0.0_samp_fr_150/mc_runs/run_009/equilibrated_config.png
2025-04-21 16:28:05,852 - MC_run_009 - DEBUG - Randomly chosen particle index = 2
2025-04-21 16:28:05,853 - MC_run_009 - DEBUG - Randomly chosen particle index = 2
2025-04-21 16:28:05,853 - MC_run_009 - DEBUG - Randomly chosen particle index = 0
2025-04-21 16:28:05,853 - MC_run_009 - DEBUG - Randomly chosen particle index = 1
2025-04-21 16:28:05,890 - MC_run_009 - DEBUG - Sampling at cycle 150: E/N=-10.707, P=-0.008, rho=0.030
2025-04-21 16:28:05,926 - MC_run_009 - DEBUG - Sampling at cycle 300: E/N=-10.197, P=0.014, rho=0.030
2025-04-21 16:28:05,963 - MC_run_009 - DEBUG - Sampling at cycle 450: E/N=-10.536, P=0.052, rho=0.030
2025-04-21 16:28:06,000 - MC_run_009 - DEBUG - Sampling at cycle 600: E/N=-10.136, P=0.032, rho=0.030
2025-04-21 16:28:06,037 - MC_run_009 - DEBUG - Sampling at cycle 750: E/N=-10.023, P=0.233, rho=0.030
2025-04-21 16:28:06,074 - MC_run_009 - DEBUG - Sampling at cycle 900: E/N=-10.025, P=0.226, rho=0.030
2025-04-21 16:28:06,111 - MC_run_009 - DEBUG - Sampling at cycle 1050: E/N=-10.651, P=0.169, rho=0.030
2025-04-21 16:28:06,148 - MC_run_009 - DEBUG - Sampling at cycle 1200: E/N=-10.407, P=0.002, rho=0.030
2025-04-21 16:28:06,184 - MC_run_009 - DEBUG - Sampling at cycle 1350: E/N=-10.616, P=-0.000, rho=0.030
2025-04-21 16:28:06,221 - MC_run_009 - DEBUG - Sampling at cycle 1500: E/N=-9.905, P=0.180, rho=0.030
2025-04-21 16:28:06,258 - MC_run_009 - DEBUG - Sampling at cycle 1650: E/N=-9.865, P=0.180, rho=0.030
2025-04-21 16:28:06,295 - MC_run_009 - DEBUG - Sampling at cycle 1800: E/N=-10.491, P=-0.005, rho=0.030
2025-04-21 16:28:06,332 - MC_run_009 - DEBUG - Sampling at cycle 1950: E/N=-10.308, P=0.150, rho=0.030
2025-04-21 16:28:06,369 - MC_run_009 - DEBUG - Sampling at cycle 2100: E/N=-10.139, P=-0.006, rho=0.030
2025-04-21 16:28:06,406 - MC_run_009 - DEBUG - Sampling at cycle 2250: E/N=-10.800, P=0.024, rho=0.030
2025-04-21 16:28:06,442 - MC_run_009 - DEBUG - Sampling at cycle 2400: E/N=-10.277, P=0.115, rho=0.030
2025-04-21 16:28:06,479 - MC_run_009 - DEBUG - Sampling at cycle 2550: E/N=-10.048, P=0.066, rho=0.030
2025-04-21 16:28:06,516 - MC_run_009 - DEBUG - Sampling at cycle 2700: E/N=-10.756, P=0.018, rho=0.030
2025-04-21 16:28:06,553 - MC_run_009 - DEBUG - Sampling at cycle 2850: E/N=-10.366, P=0.010, rho=0.030
2025-04-21 16:28:06,589 - MC_run_009 - DEBUG - Sampling at cycle 3000: E/N=-10.603, P=0.020, rho=0.030
2025-04-21 16:28:06,626 - MC_run_009 - DEBUG - Sampling at cycle 3150: E/N=-10.512, P=0.008, rho=0.030
2025-04-21 16:28:06,663 - MC_run_009 - DEBUG - Sampling at cycle 3300: E/N=-10.339, P=0.049, rho=0.030
2025-04-21 16:28:06,700 - MC_run_009 - DEBUG - Sampling at cycle 3450: E/N=-10.062, P=0.136, rho=0.030
2025-04-21 16:28:06,736 - MC_run_009 - DEBUG - Sampling at cycle 3600: E/N=-10.573, P=0.051, rho=0.030
2025-04-21 16:28:06,773 - MC_run_009 - DEBUG - Sampling at cycle 3750: E/N=-10.042, P=0.006, rho=0.030
2025-04-21 16:28:06,810 - MC_run_009 - DEBUG - Sampling at cycle 3900: E/N=-10.706, P=0.015, rho=0.030
2025-04-21 16:28:06,847 - MC_run_009 - DEBUG - Sampling at cycle 4050: E/N=-10.551, P=-0.007, rho=0.030
2025-04-21 16:28:06,884 - MC_run_009 - DEBUG - Sampling at cycle 4200: E/N=-10.164, P=0.201, rho=0.030
2025-04-21 16:28:06,920 - MC_run_009 - DEBUG - Sampling at cycle 4350: E/N=-10.563, P=0.073, rho=0.030
2025-04-21 16:28:06,957 - MC_run_009 - DEBUG - Sampling at cycle 4500: E/N=-10.572, P=-0.005, rho=0.030
2025-04-21 16:28:06,994 - MC_run_009 - DEBUG - Sampling at cycle 4650: E/N=-10.349, P=0.005, rho=0.030
2025-04-21 16:28:07,031 - MC_run_009 - DEBUG - Sampling at cycle 4800: E/N=-10.422, P=0.000, rho=0.030
2025-04-21 16:28:07,068 - MC_run_009 - DEBUG - Sampling at cycle 4950: E/N=-10.273, P=0.003, rho=0.030
2025-04-21 16:28:07,080 - MC_run_009 - DEBUG - Adjusting max displacement from 0.650 to 0.674, acceptance fraction in last block = 0.518
2025-04-21 16:28:11,403 - MC_run_009 - INFO - Equilibrated configuration plot saved to: /home/n2401517d/my_workspace/flow_state/results/algo_1_premade_102400_samples_dV_0.0_samp_fr_150/mc_runs/run_009/equilibrated_config.png
