2025-04-21 15:51:58,165 - MC_run_003 - DEBUG - Randomly chosen particle index = 2
2025-04-21 15:51:58,166 - MC_run_003 - DEBUG - Randomly chosen particle index = 0
2025-04-21 15:51:58,166 - MC_run_003 - DEBUG - Randomly chosen particle index = 0
2025-04-21 15:51:58,167 - MC_run_003 - DEBUG - Randomly chosen particle index = 1
2025-04-21 15:51:58,202 - MC_run_003 - DEBUG - Sampling at cycle 150: E/N=-10.451, P=0.086, rho=0.030
2025-04-21 15:51:58,238 - MC_run_003 - DEBUG - Sampling at cycle 300: E/N=-10.563, P=-0.009, rho=0.030
2025-04-21 15:51:58,274 - MC_run_003 - DEBUG - Sampling at cycle 450: E/N=-10.726, P=0.116, rho=0.030
2025-04-21 15:51:58,311 - MC_run_003 - DEBUG - Sampling at cycle 600: E/N=-10.072, P=0.000, rho=0.030
2025-04-21 15:51:58,347 - MC_run_003 - DEBUG - Sampling at cycle 750: E/N=-10.143, P=0.007, rho=0.030
2025-04-21 15:51:58,383 - MC_run_003 - DEBUG - Sampling at cycle 900: E/N=-10.244, P=0.003, rho=0.030
2025-04-21 15:51:58,419 - MC_run_003 - DEBUG - Sampling at cycle 1050: E/N=-10.638, P=0.014, rho=0.030
2025-04-21 15:51:58,456 - MC_run_003 - DEBUG - Sampling at cycle 1200: E/N=-10.715, P=0.071, rho=0.030
2025-04-21 15:51:58,492 - MC_run_003 - DEBUG - Sampling at cycle 1350: E/N=-10.285, P=0.050, rho=0.030
2025-04-21 15:51:58,529 - MC_run_003 - DEBUG - Sampling at cycle 1500: E/N=-10.343, P=-0.001, rho=0.030
2025-04-21 15:51:58,565 - MC_run_003 - DEBUG - Sampling at cycle 1650: E/N=-10.087, P=0.006, rho=0.030
2025-04-21 15:51:58,601 - MC_run_003 - DEBUG - Sampling at cycle 1800: E/N=-10.506, P=0.098, rho=0.030
2025-04-21 15:51:58,638 - MC_run_003 - DEBUG - Sampling at cycle 1950: E/N=-10.338, P=0.004, rho=0.030
2025-04-21 15:51:58,674 - MC_run_003 - DEBUG - Sampling at cycle 2100: E/N=-10.866, P=0.062, rho=0.030
2025-04-21 15:51:58,711 - MC_run_003 - DEBUG - Sampling at cycle 2250: E/N=-10.797, P=0.141, rho=0.030
2025-04-21 15:51:58,747 - MC_run_003 - DEBUG - Sampling at cycle 2400: E/N=-10.590, P=-0.011, rho=0.030
2025-04-21 15:51:58,783 - MC_run_003 - DEBUG - Sampling at cycle 2550: E/N=-10.868, P=-0.009, rho=0.030
2025-04-21 15:51:58,819 - MC_run_003 - DEBUG - Sampling at cycle 2700: E/N=-10.652, P=0.035, rho=0.030
2025-04-21 15:51:58,856 - MC_run_003 - DEBUG - Sampling at cycle 2850: E/N=-10.454, P=0.149, rho=0.030
2025-04-21 15:51:58,892 - MC_run_003 - DEBUG - Sampling at cycle 3000: E/N=-9.884, P=0.004, rho=0.030
2025-04-21 15:51:58,928 - MC_run_003 - DEBUG - Sampling at cycle 3150: E/N=-10.181, P=0.128, rho=0.030
2025-04-21 15:51:58,965 - MC_run_003 - DEBUG - Sampling at cycle 3300: E/N=-10.303, P=0.096, rho=0.030
2025-04-21 15:51:59,001 - MC_run_003 - DEBUG - Sampling at cycle 3450: E/N=-10.519, P=0.001, rho=0.030
2025-04-21 15:51:59,038 - MC_run_003 - DEBUG - Sampling at cycle 3600: E/N=-10.760, P=0.005, rho=0.030
2025-04-21 15:51:59,074 - MC_run_003 - DEBUG - Sampling at cycle 3750: E/N=-10.465, P=-0.002, rho=0.030
2025-04-21 15:51:59,110 - MC_run_003 - DEBUG - Sampling at cycle 3900: E/N=-10.647, P=-0.001, rho=0.030
2025-04-21 15:51:59,147 - MC_run_003 - DEBUG - Sampling at cycle 4050: E/N=-10.500, P=0.102, rho=0.030
2025-04-21 15:51:59,183 - MC_run_003 - DEBUG - Sampling at cycle 4200: E/N=-10.727, P=0.018, rho=0.030
2025-04-21 15:51:59,219 - MC_run_003 - DEBUG - Sampling at cycle 4350: E/N=-9.995, P=0.063, rho=0.030
2025-04-21 15:51:59,256 - MC_run_003 - DEBUG - Sampling at cycle 4500: E/N=-10.412, P=0.034, rho=0.030
2025-04-21 15:51:59,292 - MC_run_003 - DEBUG - Sampling at cycle 4650: E/N=-10.502, P=0.215, rho=0.030
2025-04-21 15:51:59,328 - MC_run_003 - DEBUG - Sampling at cycle 4800: E/N=-10.517, P=0.029, rho=0.030
2025-04-21 15:51:59,365 - MC_run_003 - DEBUG - Sampling at cycle 4950: E/N=-10.530, P=-0.003, rho=0.030
2025-04-21 15:51:59,377 - MC_run_003 - DEBUG - Adjusting max displacement from 0.650 to 0.658, acceptance fraction in last block = 0.506
2025-04-21 15:52:08,454 - MC_run_003 - INFO - Equilibrated configuration plot saved to: /home/n2401517d/my_workspace/flow_state/results/algo_1_premade_102400_samples_dV_0.0_samp_fr_150/mc_runs/run_003/equilibrated_config.png
2025-04-21 15:54:03,729 - MC_run_003 - DEBUG - Randomly chosen particle index = 2
2025-04-21 15:54:03,729 - MC_run_003 - DEBUG - Randomly chosen particle index = 0
2025-04-21 15:54:03,730 - MC_run_003 - DEBUG - Randomly chosen particle index = 0
2025-04-21 15:54:03,730 - MC_run_003 - DEBUG - Randomly chosen particle index = 1
2025-04-21 15:54:03,765 - MC_run_003 - DEBUG - Sampling at cycle 150: E/N=-10.451, P=0.086, rho=0.030
2025-04-21 15:54:03,802 - MC_run_003 - DEBUG - Sampling at cycle 300: E/N=-10.563, P=-0.009, rho=0.030
2025-04-21 15:54:03,838 - MC_run_003 - DEBUG - Sampling at cycle 450: E/N=-10.726, P=0.116, rho=0.030
2025-04-21 15:54:03,874 - MC_run_003 - DEBUG - Sampling at cycle 600: E/N=-10.072, P=0.000, rho=0.030
2025-04-21 15:54:03,910 - MC_run_003 - DEBUG - Sampling at cycle 750: E/N=-10.143, P=0.007, rho=0.030
2025-04-21 15:54:03,946 - MC_run_003 - DEBUG - Sampling at cycle 900: E/N=-10.244, P=0.003, rho=0.030
2025-04-21 15:54:03,983 - MC_run_003 - DEBUG - Sampling at cycle 1050: E/N=-10.638, P=0.014, rho=0.030
2025-04-21 15:54:04,019 - MC_run_003 - DEBUG - Sampling at cycle 1200: E/N=-10.715, P=0.071, rho=0.030
2025-04-21 15:54:04,055 - MC_run_003 - DEBUG - Sampling at cycle 1350: E/N=-10.285, P=0.050, rho=0.030
2025-04-21 15:54:04,091 - MC_run_003 - DEBUG - Sampling at cycle 1500: E/N=-10.343, P=-0.001, rho=0.030
2025-04-21 15:54:04,127 - MC_run_003 - DEBUG - Sampling at cycle 1650: E/N=-10.087, P=0.006, rho=0.030
2025-04-21 15:54:04,163 - MC_run_003 - DEBUG - Sampling at cycle 1800: E/N=-10.506, P=0.098, rho=0.030
2025-04-21 15:54:04,199 - MC_run_003 - DEBUG - Sampling at cycle 1950: E/N=-10.338, P=0.004, rho=0.030
2025-04-21 15:54:04,235 - MC_run_003 - DEBUG - Sampling at cycle 2100: E/N=-10.866, P=0.062, rho=0.030
2025-04-21 15:54:04,271 - MC_run_003 - DEBUG - Sampling at cycle 2250: E/N=-10.797, P=0.141, rho=0.030
2025-04-21 15:54:04,308 - MC_run_003 - DEBUG - Sampling at cycle 2400: E/N=-10.590, P=-0.011, rho=0.030
2025-04-21 15:54:04,344 - MC_run_003 - DEBUG - Sampling at cycle 2550: E/N=-10.868, P=-0.009, rho=0.030
2025-04-21 15:54:04,380 - MC_run_003 - DEBUG - Sampling at cycle 2700: E/N=-10.652, P=0.035, rho=0.030
2025-04-21 15:54:04,416 - MC_run_003 - DEBUG - Sampling at cycle 2850: E/N=-10.454, P=0.149, rho=0.030
2025-04-21 15:54:04,452 - MC_run_003 - DEBUG - Sampling at cycle 3000: E/N=-9.884, P=0.004, rho=0.030
2025-04-21 15:54:04,488 - MC_run_003 - DEBUG - Sampling at cycle 3150: E/N=-10.181, P=0.128, rho=0.030
2025-04-21 15:54:04,524 - MC_run_003 - DEBUG - Sampling at cycle 3300: E/N=-10.303, P=0.096, rho=0.030
2025-04-21 15:54:04,560 - MC_run_003 - DEBUG - Sampling at cycle 3450: E/N=-10.519, P=0.001, rho=0.030
2025-04-21 15:54:04,596 - MC_run_003 - DEBUG - Sampling at cycle 3600: E/N=-10.760, P=0.005, rho=0.030
2025-04-21 15:54:04,633 - MC_run_003 - DEBUG - Sampling at cycle 3750: E/N=-10.465, P=-0.002, rho=0.030
2025-04-21 15:54:04,669 - MC_run_003 - DEBUG - Sampling at cycle 3900: E/N=-10.647, P=-0.001, rho=0.030
2025-04-21 15:54:04,705 - MC_run_003 - DEBUG - Sampling at cycle 4050: E/N=-10.500, P=0.102, rho=0.030
2025-04-21 15:54:04,741 - MC_run_003 - DEBUG - Sampling at cycle 4200: E/N=-10.727, P=0.018, rho=0.030
2025-04-21 15:54:04,777 - MC_run_003 - DEBUG - Sampling at cycle 4350: E/N=-9.995, P=0.063, rho=0.030
2025-04-21 15:54:04,813 - MC_run_003 - DEBUG - Sampling at cycle 4500: E/N=-10.412, P=0.034, rho=0.030
2025-04-21 15:54:04,849 - MC_run_003 - DEBUG - Sampling at cycle 4650: E/N=-10.502, P=0.215, rho=0.030
2025-04-21 15:54:04,885 - MC_run_003 - DEBUG - Sampling at cycle 4800: E/N=-10.517, P=0.029, rho=0.030
2025-04-21 15:54:04,922 - MC_run_003 - DEBUG - Sampling at cycle 4950: E/N=-10.530, P=-0.003, rho=0.030
2025-04-21 15:54:04,934 - MC_run_003 - DEBUG - Adjusting max displacement from 0.650 to 0.658, acceptance fraction in last block = 0.506
2025-04-21 15:54:13,944 - MC_run_003 - INFO - Equilibrated configuration plot saved to: /home/n2401517d/my_workspace/flow_state/results/algo_1_premade_102400_samples_dV_0.0_samp_fr_150/mc_runs/run_003/equilibrated_config.png
2025-04-21 15:55:24,741 - MC_run_003 - DEBUG - Randomly chosen particle index = 2
2025-04-21 15:55:24,741 - MC_run_003 - DEBUG - Randomly chosen particle index = 0
2025-04-21 15:55:24,741 - MC_run_003 - DEBUG - Randomly chosen particle index = 0
2025-04-21 15:55:24,741 - MC_run_003 - DEBUG - Randomly chosen particle index = 1
2025-04-21 15:55:24,777 - MC_run_003 - DEBUG - Sampling at cycle 150: E/N=-10.451, P=0.086, rho=0.030
2025-04-21 15:55:24,814 - MC_run_003 - DEBUG - Sampling at cycle 300: E/N=-10.563, P=-0.009, rho=0.030
2025-04-21 15:55:24,851 - MC_run_003 - DEBUG - Sampling at cycle 450: E/N=-10.726, P=0.116, rho=0.030
2025-04-21 15:55:24,887 - MC_run_003 - DEBUG - Sampling at cycle 600: E/N=-10.072, P=0.000, rho=0.030
2025-04-21 15:55:24,924 - MC_run_003 - DEBUG - Sampling at cycle 750: E/N=-10.143, P=0.007, rho=0.030
2025-04-21 15:55:24,960 - MC_run_003 - DEBUG - Sampling at cycle 900: E/N=-10.244, P=0.003, rho=0.030
2025-04-21 15:55:24,997 - MC_run_003 - DEBUG - Sampling at cycle 1050: E/N=-10.638, P=0.014, rho=0.030
2025-04-21 15:55:25,033 - MC_run_003 - DEBUG - Sampling at cycle 1200: E/N=-10.715, P=0.071, rho=0.030
2025-04-21 15:55:25,070 - MC_run_003 - DEBUG - Sampling at cycle 1350: E/N=-10.285, P=0.050, rho=0.030
2025-04-21 15:55:25,107 - MC_run_003 - DEBUG - Sampling at cycle 1500: E/N=-10.343, P=-0.001, rho=0.030
2025-04-21 15:55:25,143 - MC_run_003 - DEBUG - Sampling at cycle 1650: E/N=-10.087, P=0.006, rho=0.030
2025-04-21 15:55:25,180 - MC_run_003 - DEBUG - Sampling at cycle 1800: E/N=-10.506, P=0.098, rho=0.030
2025-04-21 15:55:25,216 - MC_run_003 - DEBUG - Sampling at cycle 1950: E/N=-10.338, P=0.004, rho=0.030
2025-04-21 15:55:25,253 - MC_run_003 - DEBUG - Sampling at cycle 2100: E/N=-10.866, P=0.062, rho=0.030
2025-04-21 15:55:25,289 - MC_run_003 - DEBUG - Sampling at cycle 2250: E/N=-10.797, P=0.141, rho=0.030
2025-04-21 15:55:25,326 - MC_run_003 - DEBUG - Sampling at cycle 2400: E/N=-10.590, P=-0.011, rho=0.030
2025-04-21 15:55:25,362 - MC_run_003 - DEBUG - Sampling at cycle 2550: E/N=-10.868, P=-0.009, rho=0.030
2025-04-21 15:55:25,399 - MC_run_003 - DEBUG - Sampling at cycle 2700: E/N=-10.652, P=0.035, rho=0.030
2025-04-21 15:55:25,435 - MC_run_003 - DEBUG - Sampling at cycle 2850: E/N=-10.454, P=0.149, rho=0.030
2025-04-21 15:55:25,472 - MC_run_003 - DEBUG - Sampling at cycle 3000: E/N=-9.884, P=0.004, rho=0.030
2025-04-21 15:55:25,508 - MC_run_003 - DEBUG - Sampling at cycle 3150: E/N=-10.181, P=0.128, rho=0.030
2025-04-21 15:55:25,545 - MC_run_003 - DEBUG - Sampling at cycle 3300: E/N=-10.303, P=0.096, rho=0.030
2025-04-21 15:55:25,581 - MC_run_003 - DEBUG - Sampling at cycle 3450: E/N=-10.519, P=0.001, rho=0.030
2025-04-21 15:55:25,618 - MC_run_003 - DEBUG - Sampling at cycle 3600: E/N=-10.760, P=0.005, rho=0.030
2025-04-21 15:55:25,654 - MC_run_003 - DEBUG - Sampling at cycle 3750: E/N=-10.465, P=-0.002, rho=0.030
2025-04-21 15:55:25,691 - MC_run_003 - DEBUG - Sampling at cycle 3900: E/N=-10.647, P=-0.001, rho=0.030
2025-04-21 15:55:25,727 - MC_run_003 - DEBUG - Sampling at cycle 4050: E/N=-10.500, P=0.102, rho=0.030
2025-04-21 15:55:25,764 - MC_run_003 - DEBUG - Sampling at cycle 4200: E/N=-10.727, P=0.018, rho=0.030
2025-04-21 15:55:25,800 - MC_run_003 - DEBUG - Sampling at cycle 4350: E/N=-9.995, P=0.063, rho=0.030
2025-04-21 15:55:25,836 - MC_run_003 - DEBUG - Sampling at cycle 4500: E/N=-10.412, P=0.034, rho=0.030
2025-04-21 15:55:25,873 - MC_run_003 - DEBUG - Sampling at cycle 4650: E/N=-10.502, P=0.215, rho=0.030
2025-04-21 15:55:25,909 - MC_run_003 - DEBUG - Sampling at cycle 4800: E/N=-10.517, P=0.029, rho=0.030
2025-04-21 15:55:25,945 - MC_run_003 - DEBUG - Sampling at cycle 4950: E/N=-10.530, P=-0.003, rho=0.030
2025-04-21 15:55:25,958 - MC_run_003 - DEBUG - Adjusting max displacement from 0.650 to 0.658, acceptance fraction in last block = 0.506
2025-04-21 15:55:35,516 - MC_run_003 - INFO - Equilibrated configuration plot saved to: /home/n2401517d/my_workspace/flow_state/results/algo_1_premade_102400_samples_dV_0.0_samp_fr_150/mc_runs/run_003/equilibrated_config.png
2025-04-21 16:27:58,206 - MC_run_003 - DEBUG - Randomly chosen particle index = 2
2025-04-21 16:27:58,207 - MC_run_003 - DEBUG - Randomly chosen particle index = 0
2025-04-21 16:27:58,207 - MC_run_003 - DEBUG - Randomly chosen particle index = 0
2025-04-21 16:27:58,208 - MC_run_003 - DEBUG - Randomly chosen particle index = 1
2025-04-21 16:27:58,244 - MC_run_003 - DEBUG - Sampling at cycle 150: E/N=-10.451, P=0.086, rho=0.030
2025-04-21 16:27:58,280 - MC_run_003 - DEBUG - Sampling at cycle 300: E/N=-10.563, P=-0.009, rho=0.030
2025-04-21 16:27:58,317 - MC_run_003 - DEBUG - Sampling at cycle 450: E/N=-10.726, P=0.116, rho=0.030
2025-04-21 16:27:58,354 - MC_run_003 - DEBUG - Sampling at cycle 600: E/N=-10.072, P=0.000, rho=0.030
2025-04-21 16:27:58,391 - MC_run_003 - DEBUG - Sampling at cycle 750: E/N=-10.143, P=0.007, rho=0.030
2025-04-21 16:27:58,428 - MC_run_003 - DEBUG - Sampling at cycle 900: E/N=-10.244, P=0.003, rho=0.030
2025-04-21 16:27:58,465 - MC_run_003 - DEBUG - Sampling at cycle 1050: E/N=-10.638, P=0.014, rho=0.030
2025-04-21 16:27:58,501 - MC_run_003 - DEBUG - Sampling at cycle 1200: E/N=-10.715, P=0.071, rho=0.030
2025-04-21 16:27:58,538 - MC_run_003 - DEBUG - Sampling at cycle 1350: E/N=-10.285, P=0.050, rho=0.030
2025-04-21 16:27:58,575 - MC_run_003 - DEBUG - Sampling at cycle 1500: E/N=-10.343, P=-0.001, rho=0.030
2025-04-21 16:27:58,612 - MC_run_003 - DEBUG - Sampling at cycle 1650: E/N=-10.087, P=0.006, rho=0.030
2025-04-21 16:27:58,649 - MC_run_003 - DEBUG - Sampling at cycle 1800: E/N=-10.506, P=0.098, rho=0.030
2025-04-21 16:27:58,686 - MC_run_003 - DEBUG - Sampling at cycle 1950: E/N=-10.338, P=0.004, rho=0.030
2025-04-21 16:27:58,723 - MC_run_003 - DEBUG - Sampling at cycle 2100: E/N=-10.866, P=0.062, rho=0.030
2025-04-21 16:27:58,760 - MC_run_003 - DEBUG - Sampling at cycle 2250: E/N=-10.797, P=0.141, rho=0.030
2025-04-21 16:27:58,797 - MC_run_003 - DEBUG - Sampling at cycle 2400: E/N=-10.590, P=-0.011, rho=0.030
2025-04-21 16:27:58,834 - MC_run_003 - DEBUG - Sampling at cycle 2550: E/N=-10.868, P=-0.009, rho=0.030
2025-04-21 16:27:58,871 - MC_run_003 - DEBUG - Sampling at cycle 2700: E/N=-10.652, P=0.035, rho=0.030
2025-04-21 16:27:58,908 - MC_run_003 - DEBUG - Sampling at cycle 2850: E/N=-10.454, P=0.149, rho=0.030
2025-04-21 16:27:58,945 - MC_run_003 - DEBUG - Sampling at cycle 3000: E/N=-9.884, P=0.004, rho=0.030
2025-04-21 16:27:58,982 - MC_run_003 - DEBUG - Sampling at cycle 3150: E/N=-10.181, P=0.128, rho=0.030
2025-04-21 16:27:59,019 - MC_run_003 - DEBUG - Sampling at cycle 3300: E/N=-10.303, P=0.096, rho=0.030
2025-04-21 16:27:59,056 - MC_run_003 - DEBUG - Sampling at cycle 3450: E/N=-10.519, P=0.001, rho=0.030
2025-04-21 16:27:59,093 - MC_run_003 - DEBUG - Sampling at cycle 3600: E/N=-10.760, P=0.005, rho=0.030
2025-04-21 16:27:59,130 - MC_run_003 - DEBUG - Sampling at cycle 3750: E/N=-10.465, P=-0.002, rho=0.030
2025-04-21 16:27:59,167 - MC_run_003 - DEBUG - Sampling at cycle 3900: E/N=-10.647, P=-0.001, rho=0.030
2025-04-21 16:27:59,204 - MC_run_003 - DEBUG - Sampling at cycle 4050: E/N=-10.500, P=0.102, rho=0.030
2025-04-21 16:27:59,241 - MC_run_003 - DEBUG - Sampling at cycle 4200: E/N=-10.727, P=0.018, rho=0.030
2025-04-21 16:27:59,278 - MC_run_003 - DEBUG - Sampling at cycle 4350: E/N=-9.995, P=0.063, rho=0.030
2025-04-21 16:27:59,315 - MC_run_003 - DEBUG - Sampling at cycle 4500: E/N=-10.412, P=0.034, rho=0.030
2025-04-21 16:27:59,352 - MC_run_003 - DEBUG - Sampling at cycle 4650: E/N=-10.502, P=0.215, rho=0.030
2025-04-21 16:27:59,389 - MC_run_003 - DEBUG - Sampling at cycle 4800: E/N=-10.517, P=0.029, rho=0.030
2025-04-21 16:27:59,426 - MC_run_003 - DEBUG - Sampling at cycle 4950: E/N=-10.530, P=-0.003, rho=0.030
2025-04-21 16:27:59,438 - MC_run_003 - DEBUG - Adjusting max displacement from 0.650 to 0.658, acceptance fraction in last block = 0.506
2025-04-21 16:28:09,612 - MC_run_003 - INFO - Equilibrated configuration plot saved to: /home/n2401517d/my_workspace/flow_state/results/algo_1_premade_102400_samples_dV_0.0_samp_fr_150/mc_runs/run_003/equilibrated_config.png
