2025-04-21 15:51:56,793 - MC_run_002 - DEBUG - Randomly chosen particle index = 1
2025-04-21 15:51:56,795 - MC_run_002 - DEBUG - Randomly chosen particle index = 1
2025-04-21 15:51:56,795 - MC_run_002 - DEBUG - Randomly chosen particle index = 1
2025-04-21 15:51:56,795 - MC_run_002 - DEBUG - Randomly chosen particle index = 0
2025-04-21 15:51:56,841 - MC_run_002 - DEBUG - Sampling at cycle 150: E/N=-10.836, P=0.061, rho=0.030
2025-04-21 15:51:56,887 - MC_run_002 - DEBUG - Sampling at cycle 300: E/N=-8.522, P=0.314, rho=0.030
2025-04-21 15:51:56,933 - MC_run_002 - DEBUG - Sampling at cycle 450: E/N=-10.557, P=0.068, rho=0.030
2025-04-21 15:51:56,979 - MC_run_002 - DEBUG - Sampling at cycle 600: E/N=-10.641, P=0.055, rho=0.030
2025-04-21 15:51:57,027 - MC_run_002 - DEBUG - Sampling at cycle 750: E/N=-10.313, P=0.095, rho=0.030
2025-04-21 15:51:57,073 - MC_run_002 - DEBUG - Sampling at cycle 900: E/N=-10.318, P=0.003, rho=0.030
2025-04-21 15:51:57,119 - MC_run_002 - DEBUG - Sampling at cycle 1050: E/N=-10.283, P=0.003, rho=0.030
2025-04-21 15:51:57,166 - MC_run_002 - DEBUG - Sampling at cycle 1200: E/N=-10.004, P=0.003, rho=0.030
2025-04-21 15:51:57,213 - MC_run_002 - DEBUG - Sampling at cycle 1350: E/N=-10.575, P=0.001, rho=0.030
2025-04-21 15:51:57,259 - MC_run_002 - DEBUG - Sampling at cycle 1500: E/N=-9.977, P=0.008, rho=0.030
2025-04-21 15:51:57,306 - MC_run_002 - DEBUG - Sampling at cycle 1650: E/N=-10.357, P=0.103, rho=0.030
2025-04-21 15:51:57,352 - MC_run_002 - DEBUG - Sampling at cycle 1800: E/N=-10.584, P=0.001, rho=0.030
2025-04-21 15:51:57,399 - MC_run_002 - DEBUG - Sampling at cycle 1950: E/N=-10.531, P=0.010, rho=0.030
2025-04-21 15:51:57,445 - MC_run_002 - DEBUG - Sampling at cycle 2100: E/N=-10.740, P=0.006, rho=0.030
2025-04-21 15:51:57,492 - MC_run_002 - DEBUG - Sampling at cycle 2250: E/N=-10.311, P=0.123, rho=0.030
2025-04-21 15:51:57,537 - MC_run_002 - DEBUG - Sampling at cycle 2400: E/N=-10.584, P=0.003, rho=0.030
2025-04-21 15:51:57,573 - MC_run_002 - DEBUG - Sampling at cycle 2550: E/N=-10.847, P=-0.001, rho=0.030
2025-04-21 15:51:57,609 - MC_run_002 - DEBUG - Sampling at cycle 2700: E/N=-10.225, P=0.004, rho=0.030
2025-04-21 15:51:57,645 - MC_run_002 - DEBUG - Sampling at cycle 2850: E/N=-9.746, P=0.022, rho=0.030
2025-04-21 15:51:57,681 - MC_run_002 - DEBUG - Sampling at cycle 3000: E/N=-9.840, P=0.218, rho=0.030
2025-04-21 15:51:57,718 - MC_run_002 - DEBUG - Sampling at cycle 3150: E/N=-10.784, P=0.053, rho=0.030
2025-04-21 15:51:57,754 - MC_run_002 - DEBUG - Sampling at cycle 3300: E/N=-10.579, P=0.127, rho=0.030
2025-04-21 15:51:57,790 - MC_run_002 - DEBUG - Sampling at cycle 3450: E/N=-10.400, P=0.078, rho=0.030
2025-04-21 15:51:57,826 - MC_run_002 - DEBUG - Sampling at cycle 3600: E/N=-10.464, P=-0.003, rho=0.030
2025-04-21 15:51:57,862 - MC_run_002 - DEBUG - Sampling at cycle 3750: E/N=-10.362, P=-0.003, rho=0.030
2025-04-21 15:51:57,899 - MC_run_002 - DEBUG - Sampling at cycle 3900: E/N=-10.858, P=-0.007, rho=0.030
2025-04-21 15:51:57,935 - MC_run_002 - DEBUG - Sampling at cycle 4050: E/N=-10.550, P=0.051, rho=0.030
2025-04-21 15:51:57,971 - MC_run_002 - DEBUG - Sampling at cycle 4200: E/N=-10.797, P=0.025, rho=0.030
2025-04-21 15:51:58,007 - MC_run_002 - DEBUG - Sampling at cycle 4350: E/N=-10.753, P=0.006, rho=0.030
2025-04-21 15:51:58,044 - MC_run_002 - DEBUG - Sampling at cycle 4500: E/N=-10.145, P=0.080, rho=0.030
2025-04-21 15:51:58,080 - MC_run_002 - DEBUG - Sampling at cycle 4650: E/N=-10.685, P=-0.010, rho=0.030
2025-04-21 15:51:58,116 - MC_run_002 - DEBUG - Sampling at cycle 4800: E/N=-10.562, P=0.034, rho=0.030
2025-04-21 15:51:58,153 - MC_run_002 - DEBUG - Sampling at cycle 4950: E/N=-10.539, P=0.011, rho=0.030
2025-04-21 15:51:58,165 - MC_run_002 - DEBUG - Adjusting max displacement from 0.650 to 0.653, acceptance fraction in last block = 0.503
2025-04-21 15:52:08,261 - MC_run_002 - INFO - Equilibrated configuration plot saved to: /home/n2401517d/my_workspace/flow_state/results/algo_1_premade_102400_samples_dV_0.0_samp_fr_150/mc_runs/run_002/equilibrated_config.png
2025-04-21 15:54:02,522 - MC_run_002 - DEBUG - Randomly chosen particle index = 1
2025-04-21 15:54:02,522 - MC_run_002 - DEBUG - Randomly chosen particle index = 1
2025-04-21 15:54:02,523 - MC_run_002 - DEBUG - Randomly chosen particle index = 1
2025-04-21 15:54:02,523 - MC_run_002 - DEBUG - Randomly chosen particle index = 0
2025-04-21 15:54:02,559 - MC_run_002 - DEBUG - Sampling at cycle 150: E/N=-10.836, P=0.061, rho=0.030
2025-04-21 15:54:02,595 - MC_run_002 - DEBUG - Sampling at cycle 300: E/N=-8.522, P=0.314, rho=0.030
2025-04-21 15:54:02,631 - MC_run_002 - DEBUG - Sampling at cycle 450: E/N=-10.557, P=0.068, rho=0.030
2025-04-21 15:54:02,668 - MC_run_002 - DEBUG - Sampling at cycle 600: E/N=-10.641, P=0.055, rho=0.030
2025-04-21 15:54:02,704 - MC_run_002 - DEBUG - Sampling at cycle 750: E/N=-10.313, P=0.095, rho=0.030
2025-04-21 15:54:02,740 - MC_run_002 - DEBUG - Sampling at cycle 900: E/N=-10.318, P=0.003, rho=0.030
2025-04-21 15:54:02,776 - MC_run_002 - DEBUG - Sampling at cycle 1050: E/N=-10.283, P=0.003, rho=0.030
2025-04-21 15:54:02,813 - MC_run_002 - DEBUG - Sampling at cycle 1200: E/N=-10.004, P=0.003, rho=0.030
2025-04-21 15:54:02,849 - MC_run_002 - DEBUG - Sampling at cycle 1350: E/N=-10.575, P=0.001, rho=0.030
2025-04-21 15:54:02,885 - MC_run_002 - DEBUG - Sampling at cycle 1500: E/N=-9.977, P=0.008, rho=0.030
2025-04-21 15:54:02,921 - MC_run_002 - DEBUG - Sampling at cycle 1650: E/N=-10.357, P=0.103, rho=0.030
2025-04-21 15:54:02,957 - MC_run_002 - DEBUG - Sampling at cycle 1800: E/N=-10.584, P=0.001, rho=0.030
2025-04-21 15:54:02,993 - MC_run_002 - DEBUG - Sampling at cycle 1950: E/N=-10.531, P=0.010, rho=0.030
2025-04-21 15:54:03,030 - MC_run_002 - DEBUG - Sampling at cycle 2100: E/N=-10.740, P=0.006, rho=0.030
2025-04-21 15:54:03,066 - MC_run_002 - DEBUG - Sampling at cycle 2250: E/N=-10.311, P=0.123, rho=0.030
2025-04-21 15:54:03,102 - MC_run_002 - DEBUG - Sampling at cycle 2400: E/N=-10.584, P=0.003, rho=0.030
2025-04-21 15:54:03,138 - MC_run_002 - DEBUG - Sampling at cycle 2550: E/N=-10.847, P=-0.001, rho=0.030
2025-04-21 15:54:03,174 - MC_run_002 - DEBUG - Sampling at cycle 2700: E/N=-10.225, P=0.004, rho=0.030
2025-04-21 15:54:03,210 - MC_run_002 - DEBUG - Sampling at cycle 2850: E/N=-9.746, P=0.022, rho=0.030
2025-04-21 15:54:03,246 - MC_run_002 - DEBUG - Sampling at cycle 3000: E/N=-9.840, P=0.218, rho=0.030
2025-04-21 15:54:03,283 - MC_run_002 - DEBUG - Sampling at cycle 3150: E/N=-10.784, P=0.053, rho=0.030
2025-04-21 15:54:03,319 - MC_run_002 - DEBUG - Sampling at cycle 3300: E/N=-10.579, P=0.127, rho=0.030
2025-04-21 15:54:03,355 - MC_run_002 - DEBUG - Sampling at cycle 3450: E/N=-10.400, P=0.078, rho=0.030
2025-04-21 15:54:03,392 - MC_run_002 - DEBUG - Sampling at cycle 3600: E/N=-10.464, P=-0.003, rho=0.030
2025-04-21 15:54:03,428 - MC_run_002 - DEBUG - Sampling at cycle 3750: E/N=-10.362, P=-0.003, rho=0.030
2025-04-21 15:54:03,464 - MC_run_002 - DEBUG - Sampling at cycle 3900: E/N=-10.858, P=-0.007, rho=0.030
2025-04-21 15:54:03,500 - MC_run_002 - DEBUG - Sampling at cycle 4050: E/N=-10.550, P=0.051, rho=0.030
2025-04-21 15:54:03,536 - MC_run_002 - DEBUG - Sampling at cycle 4200: E/N=-10.797, P=0.025, rho=0.030
2025-04-21 15:54:03,572 - MC_run_002 - DEBUG - Sampling at cycle 4350: E/N=-10.753, P=0.006, rho=0.030
2025-04-21 15:54:03,608 - MC_run_002 - DEBUG - Sampling at cycle 4500: E/N=-10.145, P=0.080, rho=0.030
2025-04-21 15:54:03,645 - MC_run_002 - DEBUG - Sampling at cycle 4650: E/N=-10.685, P=-0.010, rho=0.030
2025-04-21 15:54:03,681 - MC_run_002 - DEBUG - Sampling at cycle 4800: E/N=-10.562, P=0.034, rho=0.030
2025-04-21 15:54:03,717 - MC_run_002 - DEBUG - Sampling at cycle 4950: E/N=-10.539, P=0.011, rho=0.030
2025-04-21 15:54:03,729 - MC_run_002 - DEBUG - Adjusting max displacement from 0.650 to 0.653, acceptance fraction in last block = 0.503
2025-04-21 15:54:13,758 - MC_run_002 - INFO - Equilibrated configuration plot saved to: /home/n2401517d/my_workspace/flow_state/results/algo_1_premade_102400_samples_dV_0.0_samp_fr_150/mc_runs/run_002/equilibrated_config.png
2025-04-21 15:55:23,526 - MC_run_002 - DEBUG - Randomly chosen particle index = 1
2025-04-21 15:55:23,526 - MC_run_002 - DEBUG - Randomly chosen particle index = 1
2025-04-21 15:55:23,526 - MC_run_002 - DEBUG - Randomly chosen particle index = 1
2025-04-21 15:55:23,527 - MC_run_002 - DEBUG - Randomly chosen particle index = 0
2025-04-21 15:55:23,562 - MC_run_002 - DEBUG - Sampling at cycle 150: E/N=-10.836, P=0.061, rho=0.030
2025-04-21 15:55:23,599 - MC_run_002 - DEBUG - Sampling at cycle 300: E/N=-8.522, P=0.314, rho=0.030
2025-04-21 15:55:23,635 - MC_run_002 - DEBUG - Sampling at cycle 450: E/N=-10.557, P=0.068, rho=0.030
2025-04-21 15:55:23,671 - MC_run_002 - DEBUG - Sampling at cycle 600: E/N=-10.641, P=0.055, rho=0.030
2025-04-21 15:55:23,707 - MC_run_002 - DEBUG - Sampling at cycle 750: E/N=-10.313, P=0.095, rho=0.030
2025-04-21 15:55:23,743 - MC_run_002 - DEBUG - Sampling at cycle 900: E/N=-10.318, P=0.003, rho=0.030
2025-04-21 15:55:23,780 - MC_run_002 - DEBUG - Sampling at cycle 1050: E/N=-10.283, P=0.003, rho=0.030
2025-04-21 15:55:23,816 - MC_run_002 - DEBUG - Sampling at cycle 1200: E/N=-10.004, P=0.003, rho=0.030
2025-04-21 15:55:23,852 - MC_run_002 - DEBUG - Sampling at cycle 1350: E/N=-10.575, P=0.001, rho=0.030
2025-04-21 15:55:23,888 - MC_run_002 - DEBUG - Sampling at cycle 1500: E/N=-9.977, P=0.008, rho=0.030
2025-04-21 15:55:23,925 - MC_run_002 - DEBUG - Sampling at cycle 1650: E/N=-10.357, P=0.103, rho=0.030
2025-04-21 15:55:23,961 - MC_run_002 - DEBUG - Sampling at cycle 1800: E/N=-10.584, P=0.001, rho=0.030
2025-04-21 15:55:23,997 - MC_run_002 - DEBUG - Sampling at cycle 1950: E/N=-10.531, P=0.010, rho=0.030
2025-04-21 15:55:24,034 - MC_run_002 - DEBUG - Sampling at cycle 2100: E/N=-10.740, P=0.006, rho=0.030
2025-04-21 15:55:24,070 - MC_run_002 - DEBUG - Sampling at cycle 2250: E/N=-10.311, P=0.123, rho=0.030
2025-04-21 15:55:24,107 - MC_run_002 - DEBUG - Sampling at cycle 2400: E/N=-10.584, P=0.003, rho=0.030
2025-04-21 15:55:24,143 - MC_run_002 - DEBUG - Sampling at cycle 2550: E/N=-10.847, P=-0.001, rho=0.030
2025-04-21 15:55:24,180 - MC_run_002 - DEBUG - Sampling at cycle 2700: E/N=-10.225, P=0.004, rho=0.030
2025-04-21 15:55:24,216 - MC_run_002 - DEBUG - Sampling at cycle 2850: E/N=-9.746, P=0.022, rho=0.030
2025-04-21 15:55:24,253 - MC_run_002 - DEBUG - Sampling at cycle 3000: E/N=-9.840, P=0.218, rho=0.030
2025-04-21 15:55:24,289 - MC_run_002 - DEBUG - Sampling at cycle 3150: E/N=-10.784, P=0.053, rho=0.030
2025-04-21 15:55:24,326 - MC_run_002 - DEBUG - Sampling at cycle 3300: E/N=-10.579, P=0.127, rho=0.030
2025-04-21 15:55:24,362 - MC_run_002 - DEBUG - Sampling at cycle 3450: E/N=-10.400, P=0.078, rho=0.030
2025-04-21 15:55:24,399 - MC_run_002 - DEBUG - Sampling at cycle 3600: E/N=-10.464, P=-0.003, rho=0.030
2025-04-21 15:55:24,436 - MC_run_002 - DEBUG - Sampling at cycle 3750: E/N=-10.362, P=-0.003, rho=0.030
2025-04-21 15:55:24,472 - MC_run_002 - DEBUG - Sampling at cycle 3900: E/N=-10.858, P=-0.007, rho=0.030
2025-04-21 15:55:24,509 - MC_run_002 - DEBUG - Sampling at cycle 4050: E/N=-10.550, P=0.051, rho=0.030
2025-04-21 15:55:24,546 - MC_run_002 - DEBUG - Sampling at cycle 4200: E/N=-10.797, P=0.025, rho=0.030
2025-04-21 15:55:24,582 - MC_run_002 - DEBUG - Sampling at cycle 4350: E/N=-10.753, P=0.006, rho=0.030
2025-04-21 15:55:24,619 - MC_run_002 - DEBUG - Sampling at cycle 4500: E/N=-10.145, P=0.080, rho=0.030
2025-04-21 15:55:24,655 - MC_run_002 - DEBUG - Sampling at cycle 4650: E/N=-10.685, P=-0.010, rho=0.030
2025-04-21 15:55:24,692 - MC_run_002 - DEBUG - Sampling at cycle 4800: E/N=-10.562, P=0.034, rho=0.030
2025-04-21 15:55:24,728 - MC_run_002 - DEBUG - Sampling at cycle 4950: E/N=-10.539, P=0.011, rho=0.030
2025-04-21 15:55:24,741 - MC_run_002 - DEBUG - Adjusting max displacement from 0.650 to 0.653, acceptance fraction in last block = 0.503
2025-04-21 15:55:35,329 - MC_run_002 - INFO - Equilibrated configuration plot saved to: /home/n2401517d/my_workspace/flow_state/results/algo_1_premade_102400_samples_dV_0.0_samp_fr_150/mc_runs/run_002/equilibrated_config.png
2025-04-21 16:27:56,969 - MC_run_002 - DEBUG - Randomly chosen particle index = 1
2025-04-21 16:27:56,970 - MC_run_002 - DEBUG - Randomly chosen particle index = 1
2025-04-21 16:27:56,970 - MC_run_002 - DEBUG - Randomly chosen particle index = 1
2025-04-21 16:27:56,971 - MC_run_002 - DEBUG - Randomly chosen particle index = 0
2025-04-21 16:27:57,007 - MC_run_002 - DEBUG - Sampling at cycle 150: E/N=-10.836, P=0.061, rho=0.030
2025-04-21 16:27:57,044 - MC_run_002 - DEBUG - Sampling at cycle 300: E/N=-8.522, P=0.314, rho=0.030
2025-04-21 16:27:57,081 - MC_run_002 - DEBUG - Sampling at cycle 450: E/N=-10.557, P=0.068, rho=0.030
2025-04-21 16:27:57,120 - MC_run_002 - DEBUG - Sampling at cycle 600: E/N=-10.641, P=0.055, rho=0.030
2025-04-21 16:27:57,157 - MC_run_002 - DEBUG - Sampling at cycle 750: E/N=-10.313, P=0.095, rho=0.030
2025-04-21 16:27:57,194 - MC_run_002 - DEBUG - Sampling at cycle 900: E/N=-10.318, P=0.003, rho=0.030
2025-04-21 16:27:57,231 - MC_run_002 - DEBUG - Sampling at cycle 1050: E/N=-10.283, P=0.003, rho=0.030
2025-04-21 16:27:57,268 - MC_run_002 - DEBUG - Sampling at cycle 1200: E/N=-10.004, P=0.003, rho=0.030
2025-04-21 16:27:57,305 - MC_run_002 - DEBUG - Sampling at cycle 1350: E/N=-10.575, P=0.001, rho=0.030
2025-04-21 16:27:57,342 - MC_run_002 - DEBUG - Sampling at cycle 1500: E/N=-9.977, P=0.008, rho=0.030
2025-04-21 16:27:57,379 - MC_run_002 - DEBUG - Sampling at cycle 1650: E/N=-10.357, P=0.103, rho=0.030
2025-04-21 16:27:57,416 - MC_run_002 - DEBUG - Sampling at cycle 1800: E/N=-10.584, P=0.001, rho=0.030
2025-04-21 16:27:57,453 - MC_run_002 - DEBUG - Sampling at cycle 1950: E/N=-10.531, P=0.010, rho=0.030
2025-04-21 16:27:57,490 - MC_run_002 - DEBUG - Sampling at cycle 2100: E/N=-10.740, P=0.006, rho=0.030
2025-04-21 16:27:57,527 - MC_run_002 - DEBUG - Sampling at cycle 2250: E/N=-10.311, P=0.123, rho=0.030
2025-04-21 16:27:57,564 - MC_run_002 - DEBUG - Sampling at cycle 2400: E/N=-10.584, P=0.003, rho=0.030
2025-04-21 16:27:57,601 - MC_run_002 - DEBUG - Sampling at cycle 2550: E/N=-10.847, P=-0.001, rho=0.030
2025-04-21 16:27:57,638 - MC_run_002 - DEBUG - Sampling at cycle 2700: E/N=-10.225, P=0.004, rho=0.030
2025-04-21 16:27:57,675 - MC_run_002 - DEBUG - Sampling at cycle 2850: E/N=-9.746, P=0.022, rho=0.030
2025-04-21 16:27:57,712 - MC_run_002 - DEBUG - Sampling at cycle 3000: E/N=-9.840, P=0.218, rho=0.030
2025-04-21 16:27:57,749 - MC_run_002 - DEBUG - Sampling at cycle 3150: E/N=-10.784, P=0.053, rho=0.030
2025-04-21 16:27:57,786 - MC_run_002 - DEBUG - Sampling at cycle 3300: E/N=-10.579, P=0.127, rho=0.030
2025-04-21 16:27:57,823 - MC_run_002 - DEBUG - Sampling at cycle 3450: E/N=-10.400, P=0.078, rho=0.030
2025-04-21 16:27:57,860 - MC_run_002 - DEBUG - Sampling at cycle 3600: E/N=-10.464, P=-0.003, rho=0.030
2025-04-21 16:27:57,897 - MC_run_002 - DEBUG - Sampling at cycle 3750: E/N=-10.362, P=-0.003, rho=0.030
2025-04-21 16:27:57,934 - MC_run_002 - DEBUG - Sampling at cycle 3900: E/N=-10.858, P=-0.007, rho=0.030
2025-04-21 16:27:57,971 - MC_run_002 - DEBUG - Sampling at cycle 4050: E/N=-10.550, P=0.051, rho=0.030
2025-04-21 16:27:58,008 - MC_run_002 - DEBUG - Sampling at cycle 4200: E/N=-10.797, P=0.025, rho=0.030
2025-04-21 16:27:58,045 - MC_run_002 - DEBUG - Sampling at cycle 4350: E/N=-10.753, P=0.006, rho=0.030
2025-04-21 16:27:58,081 - MC_run_002 - DEBUG - Sampling at cycle 4500: E/N=-10.145, P=0.080, rho=0.030
2025-04-21 16:27:58,118 - MC_run_002 - DEBUG - Sampling at cycle 4650: E/N=-10.685, P=-0.010, rho=0.030
2025-04-21 16:27:58,155 - MC_run_002 - DEBUG - Sampling at cycle 4800: E/N=-10.562, P=0.034, rho=0.030
2025-04-21 16:27:58,192 - MC_run_002 - DEBUG - Sampling at cycle 4950: E/N=-10.539, P=0.011, rho=0.030
2025-04-21 16:27:58,206 - MC_run_002 - DEBUG - Adjusting max displacement from 0.650 to 0.653, acceptance fraction in last block = 0.503
2025-04-21 16:28:09,328 - MC_run_002 - INFO - Equilibrated configuration plot saved to: /home/n2401517d/my_workspace/flow_state/results/algo_1_premade_102400_samples_dV_0.0_samp_fr_150/mc_runs/run_002/equilibrated_config.png
